<?xml version="1.0" encoding="utf-8"?><testsuites name="pytest tests"><testsuite name="pytest" errors="0" failures="0" skipped="1" tests="197" time="125.826" timestamp="2026-05-27T22:59:59.803857+03:00" hostname="nid001113"><testcase classname="common-workflow-language-a062055fddcc7d7d9dbc53d28288e3ccb9a800d8.v1.0.conformance_test_v1.0.cwltest.yaml" name="stdinout_redirect_docker" file="common-workflow-language-a062055fddcc7d7d9dbc53d28288e3ccb9a800d8/v1.0/conformance_test_v1.0.cwltest.yaml" line="0" time="88.602" /><testcase classname="common-workflow-language-a062055fddcc7d7d9dbc53d28288e3ccb9a800d8.v1.0.conformance_test_v1.0.cwltest.yaml" name="cl_basic_generation" file="common-workflow-language-a062055fddcc7d7d9dbc53d28288e3ccb9a800d8/v1.0/conformance_test_v1.0.cwltest.yaml" line="0" time="88.657" /><testcase classname="common-workflow-language-a062055fddcc7d7d9dbc53d28288e3ccb9a800d8.v1.0.conformance_test_v1.0.cwltest.yaml" name="expression_any_nullstring_nodefaultany" file="common-workflow-language-a062055fddcc7d7d9dbc53d28288e3ccb9a800d8/v1.0/conformance_test_v1.0.cwltest.yaml" line="0" time="104.017" /><testcase classname="common-workflow-language-a062055fddcc7d7d9dbc53d28288e3ccb9a800d8.v1.0.conformance_test_v1.0.cwltest.yaml" name="stdout_redirect_docker" file="common-workflow-language-a062055fddcc7d7d9dbc53d28288e3ccb9a800d8/v1.0/conformance_test_v1.0.cwltest.yaml" line="0" time="88.492" /><testcase classname="common-workflow-language-a062055fddcc7d7d9dbc53d28288e3ccb9a800d8.v1.0.conformance_test_v1.0.cwltest.yaml" name="wf_input_default_missing" file="common-workflow-language-a062055fddcc7d7d9dbc53d28288e3ccb9a800d8/v1.0/conformance_test_v1.0.cwltest.yaml" line="0" time="104.022" /><testcase classname="common-workflow-language-a062055fddcc7d7d9dbc53d28288e3ccb9a800d8.v1.0.conformance_test_v1.0.cwltest.yaml" name="wf_wc_expressiontool" file="common-workflow-language-a062055fddcc7d7d9dbc53d28288e3ccb9a800d8/v1.0/conformance_test_v1.0.cwltest.yaml" line="0" time="104.020" /><testcase classname="common-workflow-language-a062055fddcc7d7d9dbc53d28288e3ccb9a800d8.v1.0.conformance_test_v1.0.cwltest.yaml" name="wf_scatter_dotproduct_twoempty" file="common-workflow-language-a062055fddcc7d7d9dbc53d28288e3ccb9a800d8/v1.0/conformance_test_v1.0.cwltest.yaml" line="0" time="88.077" /><testcase classname="common-workflow-language-a062055fddcc7d7d9dbc53d28288e3ccb9a800d8.v1.0.conformance_test_v1.0.cwltest.yaml" name="wf_scatter_two_flat_crossproduct" file="common-workflow-language-a062055fddcc7d7d9dbc53d28288e3ccb9a800d8/v1.0/conformance_test_v1.0.cwltest.yaml" line="0" time="86.809" /><testcase classname="common-workflow-language-a062055fddcc7d7d9dbc53d28288e3ccb9a800d8.v1.0.conformance_test_v1.0.cwltest.yaml" name="wf_scatter_two_dotproduct" file="common-workflow-language-a062055fddcc7d7d9dbc53d28288e3ccb9a800d8/v1.0/conformance_test_v1.0.cwltest.yaml" line="0" time="0.226" /><testcase classname="common-workflow-language-a062055fddcc7d7d9dbc53d28288e3ccb9a800d8.v1.0.conformance_test_v1.0.cwltest.yaml" name="wf_scatter_emptylist" file="common-workflow-language-a062055fddcc7d7d9dbc53d28288e3ccb9a800d8/v1.0/conformance_test_v1.0.cwltest.yaml" line="0" time="0.156" /><testcase classname="common-workflow-language-a062055fddcc7d7d9dbc53d28288e3ccb9a800d8.v1.0.conformance_test_v1.0.cwltest.yaml" name="wf_scatter_nested_crossproduct_secondempty" file="common-workflow-language-a062055fddcc7d7d9dbc53d28288e3ccb9a800d8/v1.0/conformance_test_v1.0.cwltest.yaml" line="0" time="0.129" /><testcase classname="common-workflow-language-a062055fddcc7d7d9dbc53d28288e3ccb9a800d8.v1.0.conformance_test_v1.0.cwltest.yaml" name="wf_scatter_nested_crossproduct_firstempty" file="common-workflow-language-a062055fddcc7d7d9dbc53d28288e3ccb9a800d8/v1.0/conformance_test_v1.0.cwltest.yaml" line="0" time="0.178" /><testcase classname="common-workflow-language-a062055fddcc7d7d9dbc53d28288e3ccb9a800d8.v1.0.conformance_test_v1.0.cwltest.yaml" name="wf_scatter_flat_crossproduct_oneempty" file="common-workflow-language-a062055fddcc7d7d9dbc53d28288e3ccb9a800d8/v1.0/conformance_test_v1.0.cwltest.yaml" line="0" time="0.166" /><testcase classname="common-workflow-language-a062055fddcc7d7d9dbc53d28288e3ccb9a800d8.v1.0.conformance_test_v1.0.cwltest.yaml" name="step_input_default_value" file="common-workflow-language-a062055fddcc7d7d9dbc53d28288e3ccb9a800d8/v1.0/conformance_test_v1.0.cwltest.yaml" line="0" time="16.335" /><testcase classname="common-workflow-language-a062055fddcc7d7d9dbc53d28288e3ccb9a800d8.v1.0.conformance_test_v1.0.cwltest.yaml" name="any_input_param" file="common-workflow-language-a062055fddcc7d7d9dbc53d28288e3ccb9a800d8/v1.0/conformance_test_v1.0.cwltest.yaml" line="0" time="0.120" /><testcase classname="common-workflow-language-a062055fddcc7d7d9dbc53d28288e3ccb9a800d8.v1.0.conformance_test_v1.0.cwltest.yaml" name="nested_workflow" file="common-workflow-language-a062055fddcc7d7d9dbc53d28288e3ccb9a800d8/v1.0/conformance_test_v1.0.cwltest.yaml" line="0" time="15.817" /><testcase classname="common-workflow-language-a062055fddcc7d7d9dbc53d28288e3ccb9a800d8.v1.0.conformance_test_v1.0.cwltest.yaml" name="stdout_redirect_shortcut_docker" file="common-workflow-language-a062055fddcc7d7d9dbc53d28288e3ccb9a800d8/v1.0/conformance_test_v1.0.cwltest.yaml" line="0" time="1.692" /><testcase classname="common-workflow-language-a062055fddcc7d7d9dbc53d28288e3ccb9a800d8.v1.0.conformance_test_v1.0.cwltest.yaml" name="expression_any" file="common-workflow-language-a062055fddcc7d7d9dbc53d28288e3ccb9a800d8/v1.0/conformance_test_v1.0.cwltest.yaml" line="0" time="15.416" /><testcase classname="common-workflow-language-a062055fddcc7d7d9dbc53d28288e3ccb9a800d8.v1.0.conformance_test_v1.0.cwltest.yaml" name="nested_prefixes_arrays" file="common-workflow-language-a062055fddcc7d7d9dbc53d28288e3ccb9a800d8/v1.0/conformance_test_v1.0.cwltest.yaml" line="0" time="1.808" /><testcase classname="common-workflow-language-a062055fddcc7d7d9dbc53d28288e3ccb9a800d8.v1.0.conformance_test_v1.0.cwltest.yaml" name="stdout_redirect_mediumcut_docker" file="common-workflow-language-a062055fddcc7d7d9dbc53d28288e3ccb9a800d8/v1.0/conformance_test_v1.0.cwltest.yaml" line="0" time="1.630" /><testcase classname="common-workflow-language-a062055fddcc7d7d9dbc53d28288e3ccb9a800d8.v1.0.conformance_test_v1.0.cwltest.yaml" name="nested_cl_bindings" file="common-workflow-language-a062055fddcc7d7d9dbc53d28288e3ccb9a800d8/v1.0/conformance_test_v1.0.cwltest.yaml" line="0" time="2.237" /><testcase classname="common-workflow-language-a062055fddcc7d7d9dbc53d28288e3ccb9a800d8.v1.0.conformance_test_v1.0.cwltest.yaml" name="stderr_redirect" file="common-workflow-language-a062055fddcc7d7d9dbc53d28288e3ccb9a800d8/v1.0/conformance_test_v1.0.cwltest.yaml" line="0" time="0.114" /><testcase classname="common-workflow-language-a062055fddcc7d7d9dbc53d28288e3ccb9a800d8.v1.0.conformance_test_v1.0.cwltest.yaml" name="stderr_redirect_shortcut" file="common-workflow-language-a062055fddcc7d7d9dbc53d28288e3ccb9a800d8/v1.0/conformance_test_v1.0.cwltest.yaml" line="0" time="0.182" /><testcase classname="common-workflow-language-a062055fddcc7d7d9dbc53d28288e3ccb9a800d8.v1.0.conformance_test_v1.0.cwltest.yaml" name="stderr_redirect_mediumcut" file="common-workflow-language-a062055fddcc7d7d9dbc53d28288e3ccb9a800d8/v1.0/conformance_test_v1.0.cwltest.yaml" line="0" time="0.138" /><testcase classname="common-workflow-language-a062055fddcc7d7d9dbc53d28288e3ccb9a800d8.v1.0.conformance_test_v1.0.cwltest.yaml" name="initial_workdir_trailingnl" file="common-workflow-language-a062055fddcc7d7d9dbc53d28288e3ccb9a800d8/v1.0/conformance_test_v1.0.cwltest.yaml" line="0" time="0.126" /><testcase classname="common-workflow-language-a062055fddcc7d7d9dbc53d28288e3ccb9a800d8.v1.0.conformance_test_v1.0.cwltest.yaml" name="inline_expressions" file="common-workflow-language-a062055fddcc7d7d9dbc53d28288e3ccb9a800d8/v1.0/conformance_test_v1.0.cwltest.yaml" line="0" time="11.629" /><testcase classname="common-workflow-language-a062055fddcc7d7d9dbc53d28288e3ccb9a800d8.v1.0.conformance_test_v1.0.cwltest.yaml" name="cl_optional_inputs_missing" file="common-workflow-language-a062055fddcc7d7d9dbc53d28288e3ccb9a800d8/v1.0/conformance_test_v1.0.cwltest.yaml" line="0" time="1.806" /><testcase classname="common-workflow-language-a062055fddcc7d7d9dbc53d28288e3ccb9a800d8.v1.0.conformance_test_v1.0.cwltest.yaml" name="cl_optional_bindings_provided" file="common-workflow-language-a062055fddcc7d7d9dbc53d28288e3ccb9a800d8/v1.0/conformance_test_v1.0.cwltest.yaml" line="0" time="1.822" /><testcase classname="common-workflow-language-a062055fddcc7d7d9dbc53d28288e3ccb9a800d8.v1.0.conformance_test_v1.0.cwltest.yaml" name="initworkdir_expreng_requirements" file="common-workflow-language-a062055fddcc7d7d9dbc53d28288e3ccb9a800d8/v1.0/conformance_test_v1.0.cwltest.yaml" line="0" time="7.905" /><testcase classname="common-workflow-language-a062055fddcc7d7d9dbc53d28288e3ccb9a800d8.v1.0.conformance_test_v1.0.cwltest.yaml" name="step_input_default_value_nosource" file="common-workflow-language-a062055fddcc7d7d9dbc53d28288e3ccb9a800d8/v1.0/conformance_test_v1.0.cwltest.yaml" line="0" time="0.169" /><testcase classname="common-workflow-language-a062055fddcc7d7d9dbc53d28288e3ccb9a800d8.v1.0.conformance_test_v1.0.cwltest.yaml" name="schemadef_req_tool_param" file="common-workflow-language-a062055fddcc7d7d9dbc53d28288e3ccb9a800d8/v1.0/conformance_test_v1.0.cwltest.yaml" line="0" time="0.138" /><testcase classname="common-workflow-language-a062055fddcc7d7d9dbc53d28288e3ccb9a800d8.v1.0.conformance_test_v1.0.cwltest.yaml" name="requirement_priority" file="common-workflow-language-a062055fddcc7d7d9dbc53d28288e3ccb9a800d8/v1.0/conformance_test_v1.0.cwltest.yaml" line="0" time="0.149" /><testcase classname="common-workflow-language-a062055fddcc7d7d9dbc53d28288e3ccb9a800d8.v1.0.conformance_test_v1.0.cwltest.yaml" name="any_outputSource_compatibility" file="common-workflow-language-a062055fddcc7d7d9dbc53d28288e3ccb9a800d8/v1.0/conformance_test_v1.0.cwltest.yaml" line="0" time="0.115" /><testcase classname="common-workflow-language-a062055fddcc7d7d9dbc53d28288e3ccb9a800d8.v1.0.conformance_test_v1.0.cwltest.yaml" name="wf_wc_scatter" file="common-workflow-language-a062055fddcc7d7d9dbc53d28288e3ccb9a800d8/v1.0/conformance_test_v1.0.cwltest.yaml" line="0" time="0.664" /><testcase classname="common-workflow-language-a062055fddcc7d7d9dbc53d28288e3ccb9a800d8.v1.0.conformance_test_v1.0.cwltest.yaml" name="expression_any_null" file="common-workflow-language-a062055fddcc7d7d9dbc53d28288e3ccb9a800d8/v1.0/conformance_test_v1.0.cwltest.yaml" line="0" time="0.099" /><testcase classname="common-workflow-language-a062055fddcc7d7d9dbc53d28288e3ccb9a800d8.v1.0.conformance_test_v1.0.cwltest.yaml" name="wf_input_default_provided" file="common-workflow-language-a062055fddcc7d7d9dbc53d28288e3ccb9a800d8/v1.0/conformance_test_v1.0.cwltest.yaml" line="0" time="0.235" /><testcase classname="common-workflow-language-a062055fddcc7d7d9dbc53d28288e3ccb9a800d8.v1.0.conformance_test_v1.0.cwltest.yaml" name="expression_any_string" file="common-workflow-language-a062055fddcc7d7d9dbc53d28288e3ccb9a800d8/v1.0/conformance_test_v1.0.cwltest.yaml" line="0" time="0.091" /><testcase classname="common-workflow-language-a062055fddcc7d7d9dbc53d28288e3ccb9a800d8.v1.0.conformance_test_v1.0.cwltest.yaml" name="stdinout_redirect" file="common-workflow-language-a062055fddcc7d7d9dbc53d28288e3ccb9a800d8/v1.0/conformance_test_v1.0.cwltest.yaml" line="0" time="0.127" /><testcase classname="common-workflow-language-a062055fddcc7d7d9dbc53d28288e3ccb9a800d8.v1.0.conformance_test_v1.0.cwltest.yaml" name="schemadef_req_wf_param" file="common-workflow-language-a062055fddcc7d7d9dbc53d28288e3ccb9a800d8/v1.0/conformance_test_v1.0.cwltest.yaml" line="0" time="0.170" /><testcase classname="common-workflow-language-a062055fddcc7d7d9dbc53d28288e3ccb9a800d8.v1.0.conformance_test_v1.0.cwltest.yaml" name="requirement_override_hints" file="common-workflow-language-a062055fddcc7d7d9dbc53d28288e3ccb9a800d8/v1.0/conformance_test_v1.0.cwltest.yaml" line="0" time="0.156" /><testcase classname="common-workflow-language-a062055fddcc7d7d9dbc53d28288e3ccb9a800d8.v1.0.conformance_test_v1.0.cwltest.yaml" name="step_input_default_value_nullsource" file="common-workflow-language-a062055fddcc7d7d9dbc53d28288e3ccb9a800d8/v1.0/conformance_test_v1.0.cwltest.yaml" line="0" time="0.181" /><testcase classname="common-workflow-language-a062055fddcc7d7d9dbc53d28288e3ccb9a800d8.v1.0.conformance_test_v1.0.cwltest.yaml" name="expression_any_nodefaultany" file="common-workflow-language-a062055fddcc7d7d9dbc53d28288e3ccb9a800d8/v1.0/conformance_test_v1.0.cwltest.yaml" line="0" time="0.192" /><testcase classname="common-workflow-language-a062055fddcc7d7d9dbc53d28288e3ccb9a800d8.v1.0.conformance_test_v1.0.cwltest.yaml" name="format_checking" file="common-workflow-language-a062055fddcc7d7d9dbc53d28288e3ccb9a800d8/v1.0/conformance_test_v1.0.cwltest.yaml" line="0" time="0.138" /><testcase classname="common-workflow-language-a062055fddcc7d7d9dbc53d28288e3ccb9a800d8.v1.0.conformance_test_v1.0.cwltest.yaml" name="wf_default_tool_default" file="common-workflow-language-a062055fddcc7d7d9dbc53d28288e3ccb9a800d8/v1.0/conformance_test_v1.0.cwltest.yaml" line="0" time="0.156" /><testcase classname="common-workflow-language-a062055fddcc7d7d9dbc53d28288e3ccb9a800d8.v1.0.conformance_test_v1.0.cwltest.yaml" name="expression_parseint" file="common-workflow-language-a062055fddcc7d7d9dbc53d28288e3ccb9a800d8/v1.0/conformance_test_v1.0.cwltest.yaml" line="0" time="0.132" /><testcase classname="common-workflow-language-a062055fddcc7d7d9dbc53d28288e3ccb9a800d8.v1.0.conformance_test_v1.0.cwltest.yaml" name="param_evaluation_noexpr" file="common-workflow-language-a062055fddcc7d7d9dbc53d28288e3ccb9a800d8/v1.0/conformance_test_v1.0.cwltest.yaml" line="0" time="0.348" /><testcase classname="common-workflow-language-a062055fddcc7d7d9dbc53d28288e3ccb9a800d8.v1.0.conformance_test_v1.0.cwltest.yaml" name="requirement_workflow_steps" file="common-workflow-language-a062055fddcc7d7d9dbc53d28288e3ccb9a800d8/v1.0/conformance_test_v1.0.cwltest.yaml" line="0" time="0.142" /><testcase classname="common-workflow-language-a062055fddcc7d7d9dbc53d28288e3ccb9a800d8.v1.0.conformance_test_v1.0.cwltest.yaml" name="step_input_default_value_overriden" file="common-workflow-language-a062055fddcc7d7d9dbc53d28288e3ccb9a800d8/v1.0/conformance_test_v1.0.cwltest.yaml" line="0" time="0.180" /><testcase classname="common-workflow-language-a062055fddcc7d7d9dbc53d28288e3ccb9a800d8.v1.0.conformance_test_v1.0.cwltest.yaml" name="format_checking_subclass" file="common-workflow-language-a062055fddcc7d7d9dbc53d28288e3ccb9a800d8/v1.0/conformance_test_v1.0.cwltest.yaml" line="0" time="6.647" /><testcase classname="common-workflow-language-a062055fddcc7d7d9dbc53d28288e3ccb9a800d8.v1.0.conformance_test_v1.0.cwltest.yaml" name="expression_outputEval" file="common-workflow-language-a062055fddcc7d7d9dbc53d28288e3ccb9a800d8/v1.0/conformance_test_v1.0.cwltest.yaml" line="0" time="0.488" /><testcase classname="common-workflow-language-a062055fddcc7d7d9dbc53d28288e3ccb9a800d8.v1.0.conformance_test_v1.0.cwltest.yaml" name="expression_any_null_nodefaultany" file="common-workflow-language-a062055fddcc7d7d9dbc53d28288e3ccb9a800d8/v1.0/conformance_test_v1.0.cwltest.yaml" line="0" time="0.072" /><testcase classname="common-workflow-language-a062055fddcc7d7d9dbc53d28288e3ccb9a800d8.v1.0.conformance_test_v1.0.cwltest.yaml" name="envvar_req" file="common-workflow-language-a062055fddcc7d7d9dbc53d28288e3ccb9a800d8/v1.0/conformance_test_v1.0.cwltest.yaml" line="0" time="0.106" /><testcase classname="common-workflow-language-a062055fddcc7d7d9dbc53d28288e3ccb9a800d8.v1.0.conformance_test_v1.0.cwltest.yaml" name="multiple_glob_expr_list" file="common-workflow-language-a062055fddcc7d7d9dbc53d28288e3ccb9a800d8/v1.0/conformance_test_v1.0.cwltest.yaml" line="0" time="0.145" /><testcase classname="common-workflow-language-a062055fddcc7d7d9dbc53d28288e3ccb9a800d8.v1.0.conformance_test_v1.0.cwltest.yaml" name="valuefrom_wf_step_multiple" file="common-workflow-language-a062055fddcc7d7d9dbc53d28288e3ccb9a800d8/v1.0/conformance_test_v1.0.cwltest.yaml" line="0" time="0.513" /><testcase classname="common-workflow-language-a062055fddcc7d7d9dbc53d28288e3ccb9a800d8.v1.0.conformance_test_v1.0.cwltest.yaml" name="wf_scatter_single_param" file="common-workflow-language-a062055fddcc7d7d9dbc53d28288e3ccb9a800d8/v1.0/conformance_test_v1.0.cwltest.yaml" line="0" time="0.164" /><testcase classname="common-workflow-language-a062055fddcc7d7d9dbc53d28288e3ccb9a800d8.v1.0.conformance_test_v1.0.cwltest.yaml" name="wf_simple" file="common-workflow-language-a062055fddcc7d7d9dbc53d28288e3ccb9a800d8/v1.0/conformance_test_v1.0.cwltest.yaml" line="0" time="3.566" /><testcase classname="common-workflow-language-a062055fddcc7d7d9dbc53d28288e3ccb9a800d8.v1.0.conformance_test_v1.0.cwltest.yaml" name="wf_scatter_oneparam_valuefrom" file="common-workflow-language-a062055fddcc7d7d9dbc53d28288e3ccb9a800d8/v1.0/conformance_test_v1.0.cwltest.yaml" line="0" time="0.212" /><testcase classname="common-workflow-language-a062055fddcc7d7d9dbc53d28288e3ccb9a800d8.v1.0.conformance_test_v1.0.cwltest.yaml" name="param_evaluation_expr" file="common-workflow-language-a062055fddcc7d7d9dbc53d28288e3ccb9a800d8/v1.0/conformance_test_v1.0.cwltest.yaml" line="0" time="0.337" /><testcase classname="common-workflow-language-a062055fddcc7d7d9dbc53d28288e3ccb9a800d8.v1.0.conformance_test_v1.0.cwltest.yaml" name="wf_wc_scatter_multiple_merge" file="common-workflow-language-a062055fddcc7d7d9dbc53d28288e3ccb9a800d8/v1.0/conformance_test_v1.0.cwltest.yaml" line="0" time="0.340" /><testcase classname="common-workflow-language-a062055fddcc7d7d9dbc53d28288e3ccb9a800d8.v1.0.conformance_test_v1.0.cwltest.yaml" name="wf_scatter_two_nested_crossproduct" file="common-workflow-language-a062055fddcc7d7d9dbc53d28288e3ccb9a800d8/v1.0/conformance_test_v1.0.cwltest.yaml" line="0" time="0.189" /><testcase classname="common-workflow-language-a062055fddcc7d7d9dbc53d28288e3ccb9a800d8.v1.0.conformance_test_v1.0.cwltest.yaml" name="wf_scatter_twoparam_nested_crossproduct_valuefrom" file="common-workflow-language-a062055fddcc7d7d9dbc53d28288e3ccb9a800d8/v1.0/conformance_test_v1.0.cwltest.yaml" line="0" time="0.234" /><testcase classname="common-workflow-language-a062055fddcc7d7d9dbc53d28288e3ccb9a800d8.v1.0.conformance_test_v1.0.cwltest.yaml" name="wf_scatter_oneparam_valueFrom" file="common-workflow-language-a062055fddcc7d7d9dbc53d28288e3ccb9a800d8/v1.0/conformance_test_v1.0.cwltest.yaml" line="0" time="0.188" /><testcase classname="common-workflow-language-a062055fddcc7d7d9dbc53d28288e3ccb9a800d8.v1.0.conformance_test_v1.0.cwltest.yaml" name="wf_wc_parseInt" file="common-workflow-language-a062055fddcc7d7d9dbc53d28288e3ccb9a800d8/v1.0/conformance_test_v1.0.cwltest.yaml" line="0" time="0.166" /><testcase classname="common-workflow-language-a062055fddcc7d7d9dbc53d28288e3ccb9a800d8.v1.0.conformance_test_v1.0.cwltest.yaml" name="valuefrom_wf_step_other" file="common-workflow-language-a062055fddcc7d7d9dbc53d28288e3ccb9a800d8/v1.0/conformance_test_v1.0.cwltest.yaml" line="0" time="0.225" /><testcase classname="common-workflow-language-a062055fddcc7d7d9dbc53d28288e3ccb9a800d8.v1.0.conformance_test_v1.0.cwltest.yaml" name="metadata" file="common-workflow-language-a062055fddcc7d7d9dbc53d28288e3ccb9a800d8/v1.0/conformance_test_v1.0.cwltest.yaml" line="0" time="1.983" /><testcase classname="common-workflow-language-a062055fddcc7d7d9dbc53d28288e3ccb9a800d8.v1.0.conformance_test_v1.0.cwltest.yaml" name="wf_wc_scatter_multiple_nested" file="common-workflow-language-a062055fddcc7d7d9dbc53d28288e3ccb9a800d8/v1.0/conformance_test_v1.0.cwltest.yaml" line="0" time="0.588" /><testcase classname="common-workflow-language-a062055fddcc7d7d9dbc53d28288e3ccb9a800d8.v1.0.conformance_test_v1.0.cwltest.yaml" name="dynamic_initial_workdir" file="common-workflow-language-a062055fddcc7d7d9dbc53d28288e3ccb9a800d8/v1.0/conformance_test_v1.0.cwltest.yaml" line="0" time="0.186" /><testcase classname="common-workflow-language-a062055fddcc7d7d9dbc53d28288e3ccb9a800d8.v1.0.conformance_test_v1.0.cwltest.yaml" name="wf_scatter_twoparam_flat_crossproduct_valuefrom" file="common-workflow-language-a062055fddcc7d7d9dbc53d28288e3ccb9a800d8/v1.0/conformance_test_v1.0.cwltest.yaml" line="0" time="0.290" /><testcase classname="common-workflow-language-a062055fddcc7d7d9dbc53d28288e3ccb9a800d8.v1.0.conformance_test_v1.0.cwltest.yaml" name="wf_two_inputfiles_namecollision" file="common-workflow-language-a062055fddcc7d7d9dbc53d28288e3ccb9a800d8/v1.0/conformance_test_v1.0.cwltest.yaml" line="0" time="0.441" /><testcase classname="common-workflow-language-a062055fddcc7d7d9dbc53d28288e3ccb9a800d8.v1.0.conformance_test_v1.0.cwltest.yaml" name="record_output_binding" file="common-workflow-language-a062055fddcc7d7d9dbc53d28288e3ccb9a800d8/v1.0/conformance_test_v1.0.cwltest.yaml" line="0" time="0.200" /><testcase classname="common-workflow-language-a062055fddcc7d7d9dbc53d28288e3ccb9a800d8.v1.0.conformance_test_v1.0.cwltest.yaml" name="writable_stagedfiles" file="common-workflow-language-a062055fddcc7d7d9dbc53d28288e3ccb9a800d8/v1.0/conformance_test_v1.0.cwltest.yaml" line="0" time="1.800" /><testcase classname="common-workflow-language-a062055fddcc7d7d9dbc53d28288e3ccb9a800d8.v1.0.conformance_test_v1.0.cwltest.yaml" name="wf_scatter_twoparam_dotproduct_valuefrom" file="common-workflow-language-a062055fddcc7d7d9dbc53d28288e3ccb9a800d8/v1.0/conformance_test_v1.0.cwltest.yaml" line="0" time="0.259" /><testcase classname="common-workflow-language-a062055fddcc7d7d9dbc53d28288e3ccb9a800d8.v1.0.conformance_test_v1.0.cwltest.yaml" name="docker_json_output_path" file="common-workflow-language-a062055fddcc7d7d9dbc53d28288e3ccb9a800d8/v1.0/conformance_test_v1.0.cwltest.yaml" line="0" time="1.619" /><testcase classname="common-workflow-language-a062055fddcc7d7d9dbc53d28288e3ccb9a800d8.v1.0.conformance_test_v1.0.cwltest.yaml" name="directory_input_param_ref" file="common-workflow-language-a062055fddcc7d7d9dbc53d28288e3ccb9a800d8/v1.0/conformance_test_v1.0.cwltest.yaml" line="0" time="0.157" /><testcase classname="common-workflow-language-a062055fddcc7d7d9dbc53d28288e3ccb9a800d8.v1.0.conformance_test_v1.0.cwltest.yaml" name="wf_scatter_oneparam_valuefrom_twice_current_el" file="common-workflow-language-a062055fddcc7d7d9dbc53d28288e3ccb9a800d8/v1.0/conformance_test_v1.0.cwltest.yaml" line="0" time="0.220" /><testcase classname="common-workflow-language-a062055fddcc7d7d9dbc53d28288e3ccb9a800d8.v1.0.conformance_test_v1.0.cwltest.yaml" name="wf_wc_scatter_multiple_flattened" file="common-workflow-language-a062055fddcc7d7d9dbc53d28288e3ccb9a800d8/v1.0/conformance_test_v1.0.cwltest.yaml" line="0" time="0.294" /><testcase classname="common-workflow-language-a062055fddcc7d7d9dbc53d28288e3ccb9a800d8.v1.0.conformance_test_v1.0.cwltest.yaml" name="directory_input_docker" file="common-workflow-language-a062055fddcc7d7d9dbc53d28288e3ccb9a800d8/v1.0/conformance_test_v1.0.cwltest.yaml" line="0" time="1.686" /><testcase classname="common-workflow-language-a062055fddcc7d7d9dbc53d28288e3ccb9a800d8.v1.0.conformance_test_v1.0.cwltest.yaml" name="initial_workdir_output" file="common-workflow-language-a062055fddcc7d7d9dbc53d28288e3ccb9a800d8/v1.0/conformance_test_v1.0.cwltest.yaml" line="0" time="1.662" /><testcase classname="common-workflow-language-a062055fddcc7d7d9dbc53d28288e3ccb9a800d8.v1.0.conformance_test_v1.0.cwltest.yaml" name="wf_wc_nomultiple" file="common-workflow-language-a062055fddcc7d7d9dbc53d28288e3ccb9a800d8/v1.0/conformance_test_v1.0.cwltest.yaml" line="0" time="0.263" /><testcase classname="common-workflow-language-a062055fddcc7d7d9dbc53d28288e3ccb9a800d8.v1.0.conformance_test_v1.0.cwltest.yaml" name="dockeroutputdir" file="common-workflow-language-a062055fddcc7d7d9dbc53d28288e3ccb9a800d8/v1.0/conformance_test_v1.0.cwltest.yaml" line="0" time="5.901" /><testcase classname="common-workflow-language-a062055fddcc7d7d9dbc53d28288e3ccb9a800d8.v1.0.conformance_test_v1.0.cwltest.yaml" name="input_dir_inputbinding" file="common-workflow-language-a062055fddcc7d7d9dbc53d28288e3ccb9a800d8/v1.0/conformance_test_v1.0.cwltest.yaml" line="0" time="0.153" /><testcase classname="common-workflow-language-a062055fddcc7d7d9dbc53d28288e3ccb9a800d8.v1.0.conformance_test_v1.0.cwltest.yaml" name="input_file_literal" file="common-workflow-language-a062055fddcc7d7d9dbc53d28288e3ccb9a800d8/v1.0/conformance_test_v1.0.cwltest.yaml" line="0" time="1.662" /><testcase classname="common-workflow-language-a062055fddcc7d7d9dbc53d28288e3ccb9a800d8.v1.0.conformance_test_v1.0.cwltest.yaml" name="docker_json_output_location" file="common-workflow-language-a062055fddcc7d7d9dbc53d28288e3ccb9a800d8/v1.0/conformance_test_v1.0.cwltest.yaml" line="0" time="1.631" /><testcase classname="common-workflow-language-a062055fddcc7d7d9dbc53d28288e3ccb9a800d8.v1.0.conformance_test_v1.0.cwltest.yaml" name="cl_gen_arrayofarrays" file="common-workflow-language-a062055fddcc7d7d9dbc53d28288e3ccb9a800d8/v1.0/conformance_test_v1.0.cwltest.yaml" line="0" time="0.121" /><testcase classname="common-workflow-language-a062055fddcc7d7d9dbc53d28288e3ccb9a800d8.v1.0.conformance_test_v1.0.cwltest.yaml" name="env_home_tmpdir" file="common-workflow-language-a062055fddcc7d7d9dbc53d28288e3ccb9a800d8/v1.0/conformance_test_v1.0.cwltest.yaml" line="0" time="0.170" /><testcase classname="common-workflow-language-a062055fddcc7d7d9dbc53d28288e3ccb9a800d8.v1.0.conformance_test_v1.0.cwltest.yaml" name="directory_output" file="common-workflow-language-a062055fddcc7d7d9dbc53d28288e3ccb9a800d8/v1.0/conformance_test_v1.0.cwltest.yaml" line="0" time="0.160" /><testcase classname="common-workflow-language-a062055fddcc7d7d9dbc53d28288e3ccb9a800d8.v1.0.conformance_test_v1.0.cwltest.yaml" name="env_home_tmpdir_docker" file="common-workflow-language-a062055fddcc7d7d9dbc53d28288e3ccb9a800d8/v1.0/conformance_test_v1.0.cwltest.yaml" line="0" time="1.647" /><testcase classname="common-workflow-language-a062055fddcc7d7d9dbc53d28288e3ccb9a800d8.v1.0.conformance_test_v1.0.cwltest.yaml" name="embedded_subworkflow" file="common-workflow-language-a062055fddcc7d7d9dbc53d28288e3ccb9a800d8/v1.0/conformance_test_v1.0.cwltest.yaml" line="0" time="0.183" /><testcase classname="common-workflow-language-a062055fddcc7d7d9dbc53d28288e3ccb9a800d8.v1.0.conformance_test_v1.0.cwltest.yaml" name="directory_secondaryfiles" file="common-workflow-language-a062055fddcc7d7d9dbc53d28288e3ccb9a800d8/v1.0/conformance_test_v1.0.cwltest.yaml" line="0" time="0.528" /><testcase classname="common-workflow-language-a062055fddcc7d7d9dbc53d28288e3ccb9a800d8.v1.0.conformance_test_v1.0.cwltest.yaml" name="filesarray_secondaryfiles" file="common-workflow-language-a062055fddcc7d7d9dbc53d28288e3ccb9a800d8/v1.0/conformance_test_v1.0.cwltest.yaml" line="0" time="5.026" /><testcase classname="common-workflow-language-a062055fddcc7d7d9dbc53d28288e3ccb9a800d8.v1.0.conformance_test_v1.0.cwltest.yaml" name="nameroot_nameext_generated" file="common-workflow-language-a062055fddcc7d7d9dbc53d28288e3ccb9a800d8/v1.0/conformance_test_v1.0.cwltest.yaml" line="0" time="0.220" /><testcase classname="common-workflow-language-a062055fddcc7d7d9dbc53d28288e3ccb9a800d8.v1.0.conformance_test_v1.0.cwltest.yaml" name="hints_unknown_ignored" file="common-workflow-language-a062055fddcc7d7d9dbc53d28288e3ccb9a800d8/v1.0/conformance_test_v1.0.cwltest.yaml" line="0" time="2.315" /><testcase classname="common-workflow-language-a062055fddcc7d7d9dbc53d28288e3ccb9a800d8.v1.0.conformance_test_v1.0.cwltest.yaml" name="initialworkpath_output" file="common-workflow-language-a062055fddcc7d7d9dbc53d28288e3ccb9a800d8/v1.0/conformance_test_v1.0.cwltest.yaml" line="0" time="0.113" /><testcase classname="common-workflow-language-a062055fddcc7d7d9dbc53d28288e3ccb9a800d8.v1.0.conformance_test_v1.0.cwltest.yaml" name="wf_scatter_twopar_oneinput_flattenedmerge" file="common-workflow-language-a062055fddcc7d7d9dbc53d28288e3ccb9a800d8/v1.0/conformance_test_v1.0.cwltest.yaml" line="0" time="0.433" /><testcase classname="common-workflow-language-a062055fddcc7d7d9dbc53d28288e3ccb9a800d8.v1.0.conformance_test_v1.0.cwltest.yaml" name="input_dir_recurs_copy_writable" file="common-workflow-language-a062055fddcc7d7d9dbc53d28288e3ccb9a800d8/v1.0/conformance_test_v1.0.cwltest.yaml" line="0" time="0.333" /><testcase classname="common-workflow-language-a062055fddcc7d7d9dbc53d28288e3ccb9a800d8.v1.0.conformance_test_v1.0.cwltest.yaml" name="initial_workdir_expr" file="common-workflow-language-a062055fddcc7d7d9dbc53d28288e3ccb9a800d8/v1.0/conformance_test_v1.0.cwltest.yaml" line="0" time="0.183" /><testcase classname="common-workflow-language-a062055fddcc7d7d9dbc53d28288e3ccb9a800d8.v1.0.conformance_test_v1.0.cwltest.yaml" name="wf_multiplesources_multipletypes" file="common-workflow-language-a062055fddcc7d7d9dbc53d28288e3ccb9a800d8/v1.0/conformance_test_v1.0.cwltest.yaml" line="0" time="0.394" /><testcase classname="common-workflow-language-a062055fddcc7d7d9dbc53d28288e3ccb9a800d8.v1.0.conformance_test_v1.0.cwltest.yaml" name="nameroot_nameext_stdout_expr" file="common-workflow-language-a062055fddcc7d7d9dbc53d28288e3ccb9a800d8/v1.0/conformance_test_v1.0.cwltest.yaml" line="0" time="0.161" /><testcase classname="common-workflow-language-a062055fddcc7d7d9dbc53d28288e3ccb9a800d8.v1.0.conformance_test_v1.0.cwltest.yaml" name="null_missing_params" file="common-workflow-language-a062055fddcc7d7d9dbc53d28288e3ccb9a800d8/v1.0/conformance_test_v1.0.cwltest.yaml" line="0" time="0.123" /><testcase classname="common-workflow-language-a062055fddcc7d7d9dbc53d28288e3ccb9a800d8.v1.0.conformance_test_v1.0.cwltest.yaml" name="dynamic_resreq_inputs" file="common-workflow-language-a062055fddcc7d7d9dbc53d28288e3ccb9a800d8/v1.0/conformance_test_v1.0.cwltest.yaml" line="0" time="0.253" /><testcase classname="common-workflow-language-a062055fddcc7d7d9dbc53d28288e3ccb9a800d8.v1.0.conformance_test_v1.0.cwltest.yaml" name="expressionlib_tool_wf_override" file="common-workflow-language-a062055fddcc7d7d9dbc53d28288e3ccb9a800d8/v1.0/conformance_test_v1.0.cwltest.yaml" line="0" time="0.132" /><testcase classname="common-workflow-language-a062055fddcc7d7d9dbc53d28288e3ccb9a800d8.v1.0.conformance_test_v1.0.cwltest.yaml" name="param_notnull_expr" file="common-workflow-language-a062055fddcc7d7d9dbc53d28288e3ccb9a800d8/v1.0/conformance_test_v1.0.cwltest.yaml" line="0" time="0.105" /><testcase classname="common-workflow-language-a062055fddcc7d7d9dbc53d28288e3ccb9a800d8.v1.0.conformance_test_v1.0.cwltest.yaml" name="shelldir_notinterpreted" file="common-workflow-language-a062055fddcc7d7d9dbc53d28288e3ccb9a800d8/v1.0/conformance_test_v1.0.cwltest.yaml" line="0" time="0.120" /><testcase classname="common-workflow-language-a062055fddcc7d7d9dbc53d28288e3ccb9a800d8.v1.0.conformance_test_v1.0.cwltest.yaml" name="initialworkdir_nesteddir" file="common-workflow-language-a062055fddcc7d7d9dbc53d28288e3ccb9a800d8/v1.0/conformance_test_v1.0.cwltest.yaml" line="0" time="0.176" /><testcase classname="common-workflow-language-a062055fddcc7d7d9dbc53d28288e3ccb9a800d8.v1.0.conformance_test_v1.0.cwltest.yaml" name="wf_compound_doc" file="common-workflow-language-a062055fddcc7d7d9dbc53d28288e3ccb9a800d8/v1.0/conformance_test_v1.0.cwltest.yaml" line="0" time="6.173" /><testcase classname="common-workflow-language-a062055fddcc7d7d9dbc53d28288e3ccb9a800d8.v1.0.conformance_test_v1.0.cwltest.yaml" name="fileliteral_input_docker" file="common-workflow-language-a062055fddcc7d7d9dbc53d28288e3ccb9a800d8/v1.0/conformance_test_v1.0.cwltest.yaml" line="0" time="0.110" /><testcase classname="common-workflow-language-a062055fddcc7d7d9dbc53d28288e3ccb9a800d8.v1.0.conformance_test_v1.0.cwltest.yaml" name="shelldir_quoted" file="common-workflow-language-a062055fddcc7d7d9dbc53d28288e3ccb9a800d8/v1.0/conformance_test_v1.0.cwltest.yaml" line="0" time="0.133" /><testcase classname="common-workflow-language-a062055fddcc7d7d9dbc53d28288e3ccb9a800d8.v1.0.conformance_test_v1.0.cwltest.yaml" name="booleanflags_cl_noinputbinding" file="common-workflow-language-a062055fddcc7d7d9dbc53d28288e3ccb9a800d8/v1.0/conformance_test_v1.0.cwltest.yaml" line="0" time="1.850" /><testcase classname="common-workflow-language-a062055fddcc7d7d9dbc53d28288e3ccb9a800d8.v1.0.conformance_test_v1.0.cwltest.yaml" name="outputbinding_glob_sorted" file="common-workflow-language-a062055fddcc7d7d9dbc53d28288e3ccb9a800d8/v1.0/conformance_test_v1.0.cwltest.yaml" line="0" time="0.146" /><testcase classname="common-workflow-language-a062055fddcc7d7d9dbc53d28288e3ccb9a800d8.v1.0.conformance_test_v1.0.cwltest.yaml" name="initial_workdir_empty_writable" file="common-workflow-language-a062055fddcc7d7d9dbc53d28288e3ccb9a800d8/v1.0/conformance_test_v1.0.cwltest.yaml" line="0" time="0.107" /><testcase classname="common-workflow-language-a062055fddcc7d7d9dbc53d28288e3ccb9a800d8.v1.0.conformance_test_v1.0.cwltest.yaml" name="resreq_step_overrides_wf" file="common-workflow-language-a062055fddcc7d7d9dbc53d28288e3ccb9a800d8/v1.0/conformance_test_v1.0.cwltest.yaml" line="0" time="0.118" /><testcase classname="common-workflow-language-a062055fddcc7d7d9dbc53d28288e3ccb9a800d8.v1.0.conformance_test_v1.0.cwltest.yaml" name="initial_workdir_empty_writable_docker" file="common-workflow-language-a062055fddcc7d7d9dbc53d28288e3ccb9a800d8/v1.0/conformance_test_v1.0.cwltest.yaml" line="0" time="1.690" /><testcase classname="common-workflow-language-a062055fddcc7d7d9dbc53d28288e3ccb9a800d8.v1.0.conformance_test_v1.0.cwltest.yaml" name="valuefrom_constant_overrides_inputs" file="common-workflow-language-a062055fddcc7d7d9dbc53d28288e3ccb9a800d8/v1.0/conformance_test_v1.0.cwltest.yaml" line="0" time="1.843" /><testcase classname="common-workflow-language-a062055fddcc7d7d9dbc53d28288e3ccb9a800d8.v1.0.conformance_test_v1.0.cwltest.yaml" name="initial_workdir_secondary_files_expr" file="common-workflow-language-a062055fddcc7d7d9dbc53d28288e3ccb9a800d8/v1.0/conformance_test_v1.0.cwltest.yaml" line="0" time="3.818" /><testcase classname="common-workflow-language-a062055fddcc7d7d9dbc53d28288e3ccb9a800d8.v1.0.conformance_test_v1.0.cwltest.yaml" name="format_checking_equivalentclass" file="common-workflow-language-a062055fddcc7d7d9dbc53d28288e3ccb9a800d8/v1.0/conformance_test_v1.0.cwltest.yaml" line="0" time="7.641" /><testcase classname="common-workflow-language-a062055fddcc7d7d9dbc53d28288e3ccb9a800d8.v1.0.conformance_test_v1.0.cwltest.yaml" name="expr_reference_self_noinput" file="common-workflow-language-a062055fddcc7d7d9dbc53d28288e3ccb9a800d8/v1.0/conformance_test_v1.0.cwltest.yaml" line="0" time="1.793" /><testcase classname="common-workflow-language-a062055fddcc7d7d9dbc53d28288e3ccb9a800d8.v1.0.conformance_test_v1.0.cwltest.yaml" name="wf_step_connect_undeclared_param" file="common-workflow-language-a062055fddcc7d7d9dbc53d28288e3ccb9a800d8/v1.0/conformance_test_v1.0.cwltest.yaml" line="0" time="0.148" /><testcase classname="common-workflow-language-a062055fddcc7d7d9dbc53d28288e3ccb9a800d8.v1.0.conformance_test_v1.0.cwltest.yaml" name="wf_step_access_undeclared_param" file="common-workflow-language-a062055fddcc7d7d9dbc53d28288e3ccb9a800d8/v1.0/conformance_test_v1.0.cwltest.yaml" line="0" time="0.283" /><testcase classname="common-workflow-language-a062055fddcc7d7d9dbc53d28288e3ccb9a800d8.v1.0.conformance_test_v1.0.cwltest.yaml" name="dynamic_resreq_filesizes" file="common-workflow-language-a062055fddcc7d7d9dbc53d28288e3ccb9a800d8/v1.0/conformance_test_v1.0.cwltest.yaml" line="0" time="0.113" /><testcase classname="common-workflow-language-a062055fddcc7d7d9dbc53d28288e3ccb9a800d8.v1.0.conformance_test_v1.0.cwltest.yaml" name="job_input_subdir_primary_and_secondary_subdirs" file="common-workflow-language-a062055fddcc7d7d9dbc53d28288e3ccb9a800d8/v1.0/conformance_test_v1.0.cwltest.yaml" line="0" time="0.167" /><testcase classname="common-workflow-language-a062055fddcc7d7d9dbc53d28288e3ccb9a800d8.v1.0.conformance_test_v1.0.cwltest.yaml" name="env_home_tmpdir_docker" file="common-workflow-language-a062055fddcc7d7d9dbc53d28288e3ccb9a800d8/v1.0/conformance_test_v1.0.cwltest.yaml" line="0" time="1.813" /><testcase classname="common-workflow-language-a062055fddcc7d7d9dbc53d28288e3ccb9a800d8.v1.0.conformance_test_v1.0.cwltest.yaml" name="scatter_embedded_subworkflow" file="common-workflow-language-a062055fddcc7d7d9dbc53d28288e3ccb9a800d8/v1.0/conformance_test_v1.0.cwltest.yaml" line="0" time="0.231" /><testcase classname="common-workflow-language-a062055fddcc7d7d9dbc53d28288e3ccb9a800d8.v1.0.conformance_test_v1.0.cwltest.yaml" name="workflow_embedded_subworkflow_with_tool_and_subsubworkflow" file="common-workflow-language-a062055fddcc7d7d9dbc53d28288e3ccb9a800d8/v1.0/conformance_test_v1.0.cwltest.yaml" line="0" time="4.271" /><testcase classname="common-workflow-language-a062055fddcc7d7d9dbc53d28288e3ccb9a800d8.v1.0.conformance_test_v1.0.cwltest.yaml" name="hints_import" file="common-workflow-language-a062055fddcc7d7d9dbc53d28288e3ccb9a800d8/v1.0/conformance_test_v1.0.cwltest.yaml" line="0" time="0.119" /><testcase classname="common-workflow-language-a062055fddcc7d7d9dbc53d28288e3ccb9a800d8.v1.0.conformance_test_v1.0.cwltest.yaml" name="default_path_notfound_warning" file="common-workflow-language-a062055fddcc7d7d9dbc53d28288e3ccb9a800d8/v1.0/conformance_test_v1.0.cwltest.yaml" line="0" time="0.128" /><testcase classname="common-workflow-language-a062055fddcc7d7d9dbc53d28288e3ccb9a800d8.v1.0.conformance_test_v1.0.cwltest.yaml" name="inlinejs_req_expressions" file="common-workflow-language-a062055fddcc7d7d9dbc53d28288e3ccb9a800d8/v1.0/conformance_test_v1.0.cwltest.yaml" line="0" time="1.781" /><testcase classname="common-workflow-language-a062055fddcc7d7d9dbc53d28288e3ccb9a800d8.v1.0.conformance_test_v1.0.cwltest.yaml" name="exprtool_directory_literal" file="common-workflow-language-a062055fddcc7d7d9dbc53d28288e3ccb9a800d8/v1.0/conformance_test_v1.0.cwltest.yaml" line="0" time="0.153" /><testcase classname="common-workflow-language-a062055fddcc7d7d9dbc53d28288e3ccb9a800d8.v1.0.conformance_test_v1.0.cwltest.yaml" name="exprtool_file_literal" file="common-workflow-language-a062055fddcc7d7d9dbc53d28288e3ccb9a800d8/v1.0/conformance_test_v1.0.cwltest.yaml" line="0" time="0.095" /><testcase classname="common-workflow-language-a062055fddcc7d7d9dbc53d28288e3ccb9a800d8.v1.0.conformance_test_v1.0.cwltest.yaml" name="workflow_integer_input_optional_specified" file="common-workflow-language-a062055fddcc7d7d9dbc53d28288e3ccb9a800d8/v1.0/conformance_test_v1.0.cwltest.yaml" line="0" time="0.109" /><testcase classname="common-workflow-language-a062055fddcc7d7d9dbc53d28288e3ccb9a800d8.v1.0.conformance_test_v1.0.cwltest.yaml" name="wf_scatter_oneparam_valuefrom_inputs" file="common-workflow-language-a062055fddcc7d7d9dbc53d28288e3ccb9a800d8/v1.0/conformance_test_v1.0.cwltest.yaml" line="0" time="0.929" /><testcase classname="common-workflow-language-a062055fddcc7d7d9dbc53d28288e3ccb9a800d8.v1.0.conformance_test_v1.0.cwltest.yaml" name="workflow_integer_input_optional_unspecified" file="common-workflow-language-a062055fddcc7d7d9dbc53d28288e3ccb9a800d8/v1.0/conformance_test_v1.0.cwltest.yaml" line="0" time="0.088" /><testcase classname="common-workflow-language-a062055fddcc7d7d9dbc53d28288e3ccb9a800d8.v1.0.conformance_test_v1.0.cwltest.yaml" name="workflow_integer_input_default_specified" file="common-workflow-language-a062055fddcc7d7d9dbc53d28288e3ccb9a800d8/v1.0/conformance_test_v1.0.cwltest.yaml" line="0" time="0.117" /><testcase classname="common-workflow-language-a062055fddcc7d7d9dbc53d28288e3ccb9a800d8.v1.0.conformance_test_v1.0.cwltest.yaml" name="workflow_integer_input_default_unspecified" file="common-workflow-language-a062055fddcc7d7d9dbc53d28288e3ccb9a800d8/v1.0/conformance_test_v1.0.cwltest.yaml" line="0" time="0.096" /><testcase classname="common-workflow-language-a062055fddcc7d7d9dbc53d28288e3ccb9a800d8.v1.0.conformance_test_v1.0.cwltest.yaml" name="workflow_integer_input_default_and_tool_integer_input_default" file="common-workflow-language-a062055fddcc7d7d9dbc53d28288e3ccb9a800d8/v1.0/conformance_test_v1.0.cwltest.yaml" line="0" time="0.139" /><testcase classname="common-workflow-language-a062055fddcc7d7d9dbc53d28288e3ccb9a800d8.v1.0.conformance_test_v1.0.cwltest.yaml" name="scatter_multi_input_embedded_subworkflow" file="common-workflow-language-a062055fddcc7d7d9dbc53d28288e3ccb9a800d8/v1.0/conformance_test_v1.0.cwltest.yaml" line="0" time="0.233" /><testcase classname="common-workflow-language-a062055fddcc7d7d9dbc53d28288e3ccb9a800d8.v1.0.conformance_test_v1.0.cwltest.yaml" name="workflow_file_input_default_unspecified" file="common-workflow-language-a062055fddcc7d7d9dbc53d28288e3ccb9a800d8/v1.0/conformance_test_v1.0.cwltest.yaml" line="0" time="0.132" /><testcase classname="common-workflow-language-a062055fddcc7d7d9dbc53d28288e3ccb9a800d8.v1.0.conformance_test_v1.0.cwltest.yaml" name="workflow_file_input_default_specified" file="common-workflow-language-a062055fddcc7d7d9dbc53d28288e3ccb9a800d8/v1.0/conformance_test_v1.0.cwltest.yaml" line="0" time="0.133" /><testcase classname="common-workflow-language-a062055fddcc7d7d9dbc53d28288e3ccb9a800d8.v1.0.conformance_test_v1.0.cwltest.yaml" name="workflow_embedded_subworkflow_embedded_subsubworkflow" file="common-workflow-language-a062055fddcc7d7d9dbc53d28288e3ccb9a800d8/v1.0/conformance_test_v1.0.cwltest.yaml" line="0" time="0.207" /><testcase classname="common-workflow-language-a062055fddcc7d7d9dbc53d28288e3ccb9a800d8.v1.0.conformance_test_v1.0.cwltest.yaml" name="clt_optional_union_input_file_or_files_with_array_of_one_file_provided" file="common-workflow-language-a062055fddcc7d7d9dbc53d28288e3ccb9a800d8/v1.0/conformance_test_v1.0.cwltest.yaml" line="0" time="0.134" /><testcase classname="common-workflow-language-a062055fddcc7d7d9dbc53d28288e3ccb9a800d8.v1.0.conformance_test_v1.0.cwltest.yaml" name="clt_optional_union_input_file_or_files_with_single_file_provided" file="common-workflow-language-a062055fddcc7d7d9dbc53d28288e3ccb9a800d8/v1.0/conformance_test_v1.0.cwltest.yaml" line="0" time="0.118" /><testcase classname="common-workflow-language-a062055fddcc7d7d9dbc53d28288e3ccb9a800d8.v1.0.conformance_test_v1.0.cwltest.yaml" name="clt_optional_union_input_file_or_files_with_many_files_provided" file="common-workflow-language-a062055fddcc7d7d9dbc53d28288e3ccb9a800d8/v1.0/conformance_test_v1.0.cwltest.yaml" line="0" time="0.158" /><testcase classname="common-workflow-language-a062055fddcc7d7d9dbc53d28288e3ccb9a800d8.v1.0.conformance_test_v1.0.cwltest.yaml" name="packed_import_schema" file="common-workflow-language-a062055fddcc7d7d9dbc53d28288e3ccb9a800d8/v1.0/conformance_test_v1.0.cwltest.yaml" line="0" time="1.709" /><testcase classname="common-workflow-language-a062055fddcc7d7d9dbc53d28288e3ccb9a800d8.v1.0.conformance_test_v1.0.cwltest.yaml" name="clt_optional_union_input_file_or_files_with_nothing_provided" file="common-workflow-language-a062055fddcc7d7d9dbc53d28288e3ccb9a800d8/v1.0/conformance_test_v1.0.cwltest.yaml" line="0" time="0.127" /><testcase classname="common-workflow-language-a062055fddcc7d7d9dbc53d28288e3ccb9a800d8.v1.0.conformance_test_v1.0.cwltest.yaml" name="workflow_records_inputs_and_outputs" file="common-workflow-language-a062055fddcc7d7d9dbc53d28288e3ccb9a800d8/v1.0/conformance_test_v1.0.cwltest.yaml" line="0" time="0.218" /><testcase classname="common-workflow-language-a062055fddcc7d7d9dbc53d28288e3ccb9a800d8.v1.0.conformance_test_v1.0.cwltest.yaml" name="clt_any_input_with_integer_provided" file="common-workflow-language-a062055fddcc7d7d9dbc53d28288e3ccb9a800d8/v1.0/conformance_test_v1.0.cwltest.yaml" line="0" time="0.220" /><testcase classname="common-workflow-language-a062055fddcc7d7d9dbc53d28288e3ccb9a800d8.v1.0.conformance_test_v1.0.cwltest.yaml" name="clt_any_input_with_string_provided" file="common-workflow-language-a062055fddcc7d7d9dbc53d28288e3ccb9a800d8/v1.0/conformance_test_v1.0.cwltest.yaml" line="0" time="0.451" /><testcase classname="common-workflow-language-a062055fddcc7d7d9dbc53d28288e3ccb9a800d8.v1.0.conformance_test_v1.0.cwltest.yaml" name="rename" file="common-workflow-language-a062055fddcc7d7d9dbc53d28288e3ccb9a800d8/v1.0/conformance_test_v1.0.cwltest.yaml" line="0" time="0.149" /><testcase classname="common-workflow-language-a062055fddcc7d7d9dbc53d28288e3ccb9a800d8.v1.0.conformance_test_v1.0.cwltest.yaml" name="workflow_integer_input" file="common-workflow-language-a062055fddcc7d7d9dbc53d28288e3ccb9a800d8/v1.0/conformance_test_v1.0.cwltest.yaml" line="0" time="0.127" /><testcase classname="common-workflow-language-a062055fddcc7d7d9dbc53d28288e3ccb9a800d8.v1.0.conformance_test_v1.0.cwltest.yaml" name="clt_any_input_with_file_provided" file="common-workflow-language-a062055fddcc7d7d9dbc53d28288e3ccb9a800d8/v1.0/conformance_test_v1.0.cwltest.yaml" line="0" time="0.185" /><testcase classname="common-workflow-language-a062055fddcc7d7d9dbc53d28288e3ccb9a800d8.v1.0.conformance_test_v1.0.cwltest.yaml" name="clt_any_input_with_record_provided" file="common-workflow-language-a062055fddcc7d7d9dbc53d28288e3ccb9a800d8/v1.0/conformance_test_v1.0.cwltest.yaml" line="0" time="0.394" /><testcase classname="common-workflow-language-a062055fddcc7d7d9dbc53d28288e3ccb9a800d8.v1.0.conformance_test_v1.0.cwltest.yaml" name="workflow_any_input_with_integer_provided" file="common-workflow-language-a062055fddcc7d7d9dbc53d28288e3ccb9a800d8/v1.0/conformance_test_v1.0.cwltest.yaml" line="0" time="0.231" /><testcase classname="common-workflow-language-a062055fddcc7d7d9dbc53d28288e3ccb9a800d8.v1.0.conformance_test_v1.0.cwltest.yaml" name="workflow_any_input_with_string_provided" file="common-workflow-language-a062055fddcc7d7d9dbc53d28288e3ccb9a800d8/v1.0/conformance_test_v1.0.cwltest.yaml" line="0" time="0.198" /><testcase classname="common-workflow-language-a062055fddcc7d7d9dbc53d28288e3ccb9a800d8.v1.0.conformance_test_v1.0.cwltest.yaml" name="clt_any_input_with_mixed_array_provided" file="common-workflow-language-a062055fddcc7d7d9dbc53d28288e3ccb9a800d8/v1.0/conformance_test_v1.0.cwltest.yaml" line="0" time="0.176" /><testcase classname="common-workflow-language-a062055fddcc7d7d9dbc53d28288e3ccb9a800d8.v1.0.conformance_test_v1.0.cwltest.yaml" name="workflow_any_input_with_mixed_array_provided" file="common-workflow-language-a062055fddcc7d7d9dbc53d28288e3ccb9a800d8/v1.0/conformance_test_v1.0.cwltest.yaml" line="0" time="0.198" /><testcase classname="common-workflow-language-a062055fddcc7d7d9dbc53d28288e3ccb9a800d8.v1.0.conformance_test_v1.0.cwltest.yaml" name="workflow_any_input_with_record_provided" file="common-workflow-language-a062055fddcc7d7d9dbc53d28288e3ccb9a800d8/v1.0/conformance_test_v1.0.cwltest.yaml" line="0" time="0.202" /><testcase classname="common-workflow-language-a062055fddcc7d7d9dbc53d28288e3ccb9a800d8.v1.0.conformance_test_v1.0.cwltest.yaml" name="workflow_any_input_with_file_provided" file="common-workflow-language-a062055fddcc7d7d9dbc53d28288e3ccb9a800d8/v1.0/conformance_test_v1.0.cwltest.yaml" line="0" time="0.214" /><testcase classname="common-workflow-language-a062055fddcc7d7d9dbc53d28288e3ccb9a800d8.v1.0.conformance_test_v1.0.cwltest.yaml" name="workflow_union_default_input_unspecified" file="common-workflow-language-a062055fddcc7d7d9dbc53d28288e3ccb9a800d8/v1.0/conformance_test_v1.0.cwltest.yaml" line="0" time="0.097" /><testcase classname="common-workflow-language-a062055fddcc7d7d9dbc53d28288e3ccb9a800d8.v1.0.conformance_test_v1.0.cwltest.yaml" name="workflow_union_default_input_with_file_provided" file="common-workflow-language-a062055fddcc7d7d9dbc53d28288e3ccb9a800d8/v1.0/conformance_test_v1.0.cwltest.yaml" line="0" time="0.111" /><testcase classname="common-workflow-language-a062055fddcc7d7d9dbc53d28288e3ccb9a800d8.v1.0.conformance_test_v1.0.cwltest.yaml" name="expression_tool_int_array_output" file="common-workflow-language-a062055fddcc7d7d9dbc53d28288e3ccb9a800d8/v1.0/conformance_test_v1.0.cwltest.yaml" line="0" time="0.202" /><testcase classname="common-workflow-language-a062055fddcc7d7d9dbc53d28288e3ccb9a800d8.v1.0.conformance_test_v1.0.cwltest.yaml" name="workflowstep_valuefrom_string" file="common-workflow-language-a062055fddcc7d7d9dbc53d28288e3ccb9a800d8/v1.0/conformance_test_v1.0.cwltest.yaml" line="0" time="0.107" /><testcase classname="common-workflow-language-a062055fddcc7d7d9dbc53d28288e3ccb9a800d8.v1.0.conformance_test_v1.0.cwltest.yaml" name="workflowstep_int_array_input_output" file="common-workflow-language-a062055fddcc7d7d9dbc53d28288e3ccb9a800d8/v1.0/conformance_test_v1.0.cwltest.yaml" line="0" time="0.150" /><testcase classname="common-workflow-language-a062055fddcc7d7d9dbc53d28288e3ccb9a800d8.v1.0.conformance_test_v1.0.cwltest.yaml" name="workflowstep_valuefrom_file_basename" file="common-workflow-language-a062055fddcc7d7d9dbc53d28288e3ccb9a800d8/v1.0/conformance_test_v1.0.cwltest.yaml" line="0" time="0.176" /><testcase classname="common-workflow-language-a062055fddcc7d7d9dbc53d28288e3ccb9a800d8.v1.0.conformance_test_v1.0.cwltest.yaml" name="docker_entrypoint" file="common-workflow-language-a062055fddcc7d7d9dbc53d28288e3ccb9a800d8/v1.0/conformance_test_v1.0.cwltest.yaml" line="0" time="0.003"><skipped type="pytest.skip" message="Test 'docker_entrypoint' is in the exclude list.">/pfs/lustrep4/projappl/[REDACTED]/[REDACTED]/cwl/cwl-mpi/cwl-conformance-tests/runs/streamflow/common-workflow-language-a062055fddcc7d7d9dbc53d28288e3ccb9a800d8/v1.0/conformance_test_v1.0.cwltest.yaml:1: Test 'docker_entrypoint' is in the exclude list.</skipped></testcase><testcase classname="common-workflow-language-a062055fddcc7d7d9dbc53d28288e3ccb9a800d8.v1.0.conformance_test_v1.0.cwltest.yaml" name="any_without_defaults_unspecified_fails" file="common-workflow-language-a062055fddcc7d7d9dbc53d28288e3ccb9a800d8/v1.0/conformance_test_v1.0.cwltest.yaml" line="0" time="0.094" /><testcase classname="common-workflow-language-a062055fddcc7d7d9dbc53d28288e3ccb9a800d8.v1.0.conformance_test_v1.0.cwltest.yaml" name="workflow_file_array_output" file="common-workflow-language-a062055fddcc7d7d9dbc53d28288e3ccb9a800d8/v1.0/conformance_test_v1.0.cwltest.yaml" line="0" time="0.188" /><testcase classname="common-workflow-language-a062055fddcc7d7d9dbc53d28288e3ccb9a800d8.v1.0.conformance_test_v1.0.cwltest.yaml" name="any_without_defaults_specified_fails" file="common-workflow-language-a062055fddcc7d7d9dbc53d28288e3ccb9a800d8/v1.0/conformance_test_v1.0.cwltest.yaml" line="0" time="0.073" /><testcase classname="common-workflow-language-a062055fddcc7d7d9dbc53d28288e3ccb9a800d8.v1.0.conformance_test_v1.0.cwltest.yaml" name="clt_file_size_property_with_empty_file" file="common-workflow-language-a062055fddcc7d7d9dbc53d28288e3ccb9a800d8/v1.0/conformance_test_v1.0.cwltest.yaml" line="0" time="0.129" /><testcase classname="common-workflow-language-a062055fddcc7d7d9dbc53d28288e3ccb9a800d8.v1.0.conformance_test_v1.0.cwltest.yaml" name="clt_file_size_property_with_multi_file" file="common-workflow-language-a062055fddcc7d7d9dbc53d28288e3ccb9a800d8/v1.0/conformance_test_v1.0.cwltest.yaml" line="0" time="0.126" /><testcase classname="common-workflow-language-a062055fddcc7d7d9dbc53d28288e3ccb9a800d8.v1.0.conformance_test_v1.0.cwltest.yaml" name="step_input_default_value_overriden_noexp" file="common-workflow-language-a062055fddcc7d7d9dbc53d28288e3ccb9a800d8/v1.0/conformance_test_v1.0.cwltest.yaml" line="0" time="0.162" /><testcase classname="common-workflow-language-a062055fddcc7d7d9dbc53d28288e3ccb9a800d8.v1.0.conformance_test_v1.0.cwltest.yaml" name="nested_workflow_noexp" file="common-workflow-language-a062055fddcc7d7d9dbc53d28288e3ccb9a800d8/v1.0/conformance_test_v1.0.cwltest.yaml" line="0" time="0.200" /><testcase classname="common-workflow-language-a062055fddcc7d7d9dbc53d28288e3ccb9a800d8.v1.0.conformance_test_v1.0.cwltest.yaml" name="step_input_default_value_noexp" file="common-workflow-language-a062055fddcc7d7d9dbc53d28288e3ccb9a800d8/v1.0/conformance_test_v1.0.cwltest.yaml" line="0" time="3.245" /><testcase classname="common-workflow-language-a062055fddcc7d7d9dbc53d28288e3ccb9a800d8.v1.0.conformance_test_v1.0.cwltest.yaml" name="wf_multiplesources_multipletypes_noexp" file="common-workflow-language-a062055fddcc7d7d9dbc53d28288e3ccb9a800d8/v1.0/conformance_test_v1.0.cwltest.yaml" line="0" time="0.408" /><testcase classname="common-workflow-language-a062055fddcc7d7d9dbc53d28288e3ccb9a800d8.v1.0.conformance_test_v1.0.cwltest.yaml" name="dynamic_resreq_wf_optional_file_default" file="common-workflow-language-a062055fddcc7d7d9dbc53d28288e3ccb9a800d8/v1.0/conformance_test_v1.0.cwltest.yaml" line="0" time="0.204" /><testcase classname="common-workflow-language-a062055fddcc7d7d9dbc53d28288e3ccb9a800d8.v1.0.conformance_test_v1.0.cwltest.yaml" name="success_codes" file="common-workflow-language-a062055fddcc7d7d9dbc53d28288e3ccb9a800d8/v1.0/conformance_test_v1.0.cwltest.yaml" line="0" time="0.079" /><testcase classname="common-workflow-language-a062055fddcc7d7d9dbc53d28288e3ccb9a800d8.v1.0.conformance_test_v1.0.cwltest.yaml" name="dynamic_resreq_wf_optional_file_step_default" file="common-workflow-language-a062055fddcc7d7d9dbc53d28288e3ccb9a800d8/v1.0/conformance_test_v1.0.cwltest.yaml" line="0" time="0.193" /><testcase classname="common-workflow-language-a062055fddcc7d7d9dbc53d28288e3ccb9a800d8.v1.0.conformance_test_v1.0.cwltest.yaml" name="dynamic_resreq_wf" file="common-workflow-language-a062055fddcc7d7d9dbc53d28288e3ccb9a800d8/v1.0/conformance_test_v1.0.cwltest.yaml" line="0" time="0.202" /><testcase classname="common-workflow-language-a062055fddcc7d7d9dbc53d28288e3ccb9a800d8.v1.0.conformance_test_v1.0.cwltest.yaml" name="step_input_default_value_overriden_2nd_step_noexp" file="common-workflow-language-a062055fddcc7d7d9dbc53d28288e3ccb9a800d8/v1.0/conformance_test_v1.0.cwltest.yaml" line="0" time="0.198" /><testcase classname="common-workflow-language-a062055fddcc7d7d9dbc53d28288e3ccb9a800d8.v1.0.conformance_test_v1.0.cwltest.yaml" name="step_input_default_value_overriden_2nd_step_null" file="common-workflow-language-a062055fddcc7d7d9dbc53d28288e3ccb9a800d8/v1.0/conformance_test_v1.0.cwltest.yaml" line="0" time="0.208" /><testcase classname="common-workflow-language-a062055fddcc7d7d9dbc53d28288e3ccb9a800d8.v1.0.conformance_test_v1.0.cwltest.yaml" name="job_input_secondary_subdirs" file="common-workflow-language-a062055fddcc7d7d9dbc53d28288e3ccb9a800d8/v1.0/conformance_test_v1.0.cwltest.yaml" line="0" time="0.192" /><testcase classname="common-workflow-language-a062055fddcc7d7d9dbc53d28288e3ccb9a800d8.v1.0.conformance_test_v1.0.cwltest.yaml" name="cl_empty_array_input" file="common-workflow-language-a062055fddcc7d7d9dbc53d28288e3ccb9a800d8/v1.0/conformance_test_v1.0.cwltest.yaml" line="0" time="1.770" /><testcase classname="common-workflow-language-a062055fddcc7d7d9dbc53d28288e3ccb9a800d8.v1.0.conformance_test_v1.0.cwltest.yaml" name="step_input_default_value_overriden_2nd_step" file="common-workflow-language-a062055fddcc7d7d9dbc53d28288e3ccb9a800d8/v1.0/conformance_test_v1.0.cwltest.yaml" line="0" time="0.231" /><testcase classname="common-workflow-language-a062055fddcc7d7d9dbc53d28288e3ccb9a800d8.v1.0.conformance_test_v1.0.cwltest.yaml" name="step_input_default_value_overriden_2nd_step_null_noexp" file="common-workflow-language-a062055fddcc7d7d9dbc53d28288e3ccb9a800d8/v1.0/conformance_test_v1.0.cwltest.yaml" line="0" time="0.182" /><testcase classname="common-workflow-language-a062055fddcc7d7d9dbc53d28288e3ccb9a800d8.v1.0.conformance_test_v1.0.cwltest.yaml" name="stdin_from_directory_literal_with_literal_file" file="common-workflow-language-a062055fddcc7d7d9dbc53d28288e3ccb9a800d8/v1.0/conformance_test_v1.0.cwltest.yaml" line="0" time="0.129" /><testcase classname="common-workflow-language-a062055fddcc7d7d9dbc53d28288e3ccb9a800d8.v1.0.conformance_test_v1.0.cwltest.yaml" name="stdin_from_directory_literal_with_local_file" file="common-workflow-language-a062055fddcc7d7d9dbc53d28288e3ccb9a800d8/v1.0/conformance_test_v1.0.cwltest.yaml" line="0" time="0.135" /><testcase classname="common-workflow-language-a062055fddcc7d7d9dbc53d28288e3ccb9a800d8.v1.0.conformance_test_v1.0.cwltest.yaml" name="no_inputs_commandlinetool" file="common-workflow-language-a062055fddcc7d7d9dbc53d28288e3ccb9a800d8/v1.0/conformance_test_v1.0.cwltest.yaml" line="0" time="1.648" /><testcase classname="common-workflow-language-a062055fddcc7d7d9dbc53d28288e3ccb9a800d8.v1.0.conformance_test_v1.0.cwltest.yaml" name="no_outputs_commandlinetool" file="common-workflow-language-a062055fddcc7d7d9dbc53d28288e3ccb9a800d8/v1.0/conformance_test_v1.0.cwltest.yaml" line="0" time="1.659" /><testcase classname="common-workflow-language-a062055fddcc7d7d9dbc53d28288e3ccb9a800d8.v1.0.conformance_test_v1.0.cwltest.yaml" name="no_inputs_workflow" file="common-workflow-language-a062055fddcc7d7d9dbc53d28288e3ccb9a800d8/v1.0/conformance_test_v1.0.cwltest.yaml" line="0" time="1.753" /><testcase classname="common-workflow-language-a062055fddcc7d7d9dbc53d28288e3ccb9a800d8.v1.0.conformance_test_v1.0.cwltest.yaml" name="no_outputs_workflow" file="common-workflow-language-a062055fddcc7d7d9dbc53d28288e3ccb9a800d8/v1.0/conformance_test_v1.0.cwltest.yaml" line="0" time="1.770" /><testcase classname="common-workflow-language-a062055fddcc7d7d9dbc53d28288e3ccb9a800d8.v1.0.conformance_test_v1.0.cwltest.yaml" name="workflow_embedded_subworkflow_with_subsubworkflow_and_tool" file="common-workflow-language-a062055fddcc7d7d9dbc53d28288e3ccb9a800d8/v1.0/conformance_test_v1.0.cwltest.yaml" line="0" time="0.174" /><testcase classname="common-workflow-language-a062055fddcc7d7d9dbc53d28288e3ccb9a800d8.v1.0.conformance_test_v1.0.cwltest.yaml" name="directory_literal_with_literal_file_nostdin" file="common-workflow-language-a062055fddcc7d7d9dbc53d28288e3ccb9a800d8/v1.0/conformance_test_v1.0.cwltest.yaml" line="0" time="0.116" /><testcase classname="common-workflow-language-a062055fddcc7d7d9dbc53d28288e3ccb9a800d8.v1.0.conformance_test_v1.0.cwltest.yaml" name="anonymous_enum_in_array" file="common-workflow-language-a062055fddcc7d7d9dbc53d28288e3ccb9a800d8/v1.0/conformance_test_v1.0.cwltest.yaml" line="0" time="0.125" /><testcase classname="common-workflow-language-a062055fddcc7d7d9dbc53d28288e3ccb9a800d8.v1.0.conformance_test_v1.0.cwltest.yaml" name="schema-def_anonymous_enum_in_array" file="common-workflow-language-a062055fddcc7d7d9dbc53d28288e3ccb9a800d8/v1.0/conformance_test_v1.0.cwltest.yaml" line="0" time="0.134" /><testcase classname="common-workflow-language-a062055fddcc7d7d9dbc53d28288e3ccb9a800d8.v1.0.conformance_test_v1.0.cwltest.yaml" name="dynamic_resreq_wf_optional_file_wf_default" file="common-workflow-language-a062055fddcc7d7d9dbc53d28288e3ccb9a800d8/v1.0/conformance_test_v1.0.cwltest.yaml" line="0" time="0.192" /><testcase classname="common-workflow-language-a062055fddcc7d7d9dbc53d28288e3ccb9a800d8.v1.0.conformance_test_v1.0.cwltest.yaml" name="output_secondaryfile_optional" file="common-workflow-language-a062055fddcc7d7d9dbc53d28288e3ccb9a800d8/v1.0/conformance_test_v1.0.cwltest.yaml" line="0" time="1.628" /><testcase classname="common-workflow-language-a062055fddcc7d7d9dbc53d28288e3ccb9a800d8.v1.0.conformance_test_v1.0.cwltest.yaml" name="valuefrom_ignored_null" file="common-workflow-language-a062055fddcc7d7d9dbc53d28288e3ccb9a800d8/v1.0/conformance_test_v1.0.cwltest.yaml" line="0" time="0.109" /><testcase classname="common-workflow-language-a062055fddcc7d7d9dbc53d28288e3ccb9a800d8.v1.0.conformance_test_v1.0.cwltest.yaml" name="valuefrom_secondexpr_ignored" file="common-workflow-language-a062055fddcc7d7d9dbc53d28288e3ccb9a800d8/v1.0/conformance_test_v1.0.cwltest.yaml" line="0" time="0.099" /><testcase classname="common-workflow-language-a062055fddcc7d7d9dbc53d28288e3ccb9a800d8.v1.0.conformance_test_v1.0.cwltest.yaml" name="valuefrom_wf_step" file="common-workflow-language-a062055fddcc7d7d9dbc53d28288e3ccb9a800d8/v1.0/conformance_test_v1.0.cwltest.yaml" line="0" time="0.192" /></testsuite></testsuites>