<?xml version="1.0" ?>
<testsuites disabled="0" errors="0" failures="1" tests="253" time="1076.853524684906">
	<testsuite disabled="0" errors="0" failures="1" name="conformance_tests" skipped="0" tests="253" time="1076.853524684906">
		<testcase name="General test of command line generation" time="3.909834" class="required, command_line_tool" file="cl_basic_generation" url="cwltest:conformance_tests#1">
			<system-out>{
    "args": [
        "bwa",
        "mem",
        "-t",
        "2",
        "-I",
        "1,2,3,4",
        "-m",
        "3",
        "chr20.fa",
        "example_human_Illumina.pe_1.fastq",
        "example_human_Illumina.pe_2.fastq"
    ]
}</system-out>
		</testcase>
		<testcase name="Test nested prefixes with arrays" time="4.454887" class="required, command_line_tool" file="nested_prefixes_arrays" url="cwltest:conformance_tests#2">
			<system-out>{
    "args": [
        "bwa",
        "mem",
        "chr20.fa",
        "-XXX",
        "-YYY",
        "example_human_Illumina.pe_1.fastq",
        "-YYY",
        "example_human_Illumina.pe_2.fastq"
    ]
}</system-out>
		</testcase>
		<testcase name="Test nested command line bindings" time="4.313076" class="schema_def, command_line_tool" file="nested_cl_bindings" url="cwltest:conformance_tests#3">
			<system-out>{
    "args": [
        "tmap",
        "mapall",
        "stage1",
        "map1",
        "--min-seq-length",
        "20",
        "map2",
        "--min-seq-length",
        "20",
        "stage2",
        "map1",
        "--max-seq-length",
        "20",
        "--min-seq-length",
        "10",
        "--seed-length",
        "16",
        "map2",
        "--max-seed-hits",
        "-1",
        "--max-seq-length",
        "20",
        "--min-seq-length",
        "10"
    ]
}</system-out>
		</testcase>
		<testcase name="Test command line with optional input (missing)" time="4.050566" class="required, command_line_tool" file="cl_optional_inputs_missing" url="cwltest:conformance_tests#4">
			<system-out>{
    "args": [
        "cat",
        "hello.txt"
    ]
}</system-out>
		</testcase>
		<testcase name="Test command line with optional input (provided)" time="3.840086" class="required, command_line_tool" file="cl_optional_bindings_provided" url="cwltest:conformance_tests#5">
			<system-out>{
    "args": [
        "cat",
        "-n",
        "hello.txt"
    ]
}</system-out>
		</testcase>
		<testcase name="Test InitialWorkDirRequirement ExpressionEngineRequirement.engineConfig feature" time="8.618165" class="initial_work_dir, inline_javascript, command_line_tool" file="initworkdir_expreng_requirements" url="cwltest:conformance_tests#6">
			<system-out>{
    "foo": {
        "location": "file:///tmp/tmp5wy_q6kq/foo.txt",
        "basename": "foo.txt",
        "class": "File",
        "checksum": "sha1$63da67422622fbf9251a046d7a34b7ea0fd4fead",
        "size": 22,
        "path": "/tmp/tmp5wy_q6kq/foo.txt"
    }
}</system-out>
		</testcase>
		<testcase name="Test command execution in Docker with stdout redirection" time="4.272591" class="docker, command_line_tool" file="stdout_redirect_docker" url="cwltest:conformance_tests#7">
			<system-out>{
    "output_file": {
        "location": "file:///tmp/tmp5ca12pjn/output.txt",
        "basename": "output.txt",
        "class": "File",
        "checksum": "sha1$47a013e660d408619d894b20806b1d5086aab03b",
        "size": 13,
        "path": "/tmp/tmp5ca12pjn/output.txt"
    }
}</system-out>
		</testcase>
		<testcase name="Test command execution in Docker with shortcut stdout redirection" time="3.823705" class="docker, command_line_tool" file="stdout_redirect_shortcut_docker" url="cwltest:conformance_tests#8">
			<system-out>{
    "output_file": {
        "location": "file:///tmp/tmp9bupqwcw/38a0d8ced58a3d0b788ad15402d7df4f9ee86f1c",
        "basename": "38a0d8ced58a3d0b788ad15402d7df4f9ee86f1c",
        "class": "File",
        "checksum": "sha1$47a013e660d408619d894b20806b1d5086aab03b",
        "size": 13,
        "path": "/tmp/tmp9bupqwcw/38a0d8ced58a3d0b788ad15402d7df4f9ee86f1c"
    }
}</system-out>
		</testcase>
		<testcase name="Test command execution in Docker with mediumcut stdout redirection" time="4.154481" class="docker, command_line_tool" file="stdout_redirect_mediumcut_docker" url="cwltest:conformance_tests#9">
			<system-out>{
    "output_file": {
        "location": "file:///tmp/tmprxr7al56/cat-out",
        "basename": "cat-out",
        "class": "File",
        "checksum": "sha1$47a013e660d408619d894b20806b1d5086aab03b",
        "size": 13,
        "path": "/tmp/tmprxr7al56/cat-out"
    }
}</system-out>
		</testcase>
		<testcase name="Test command line with stderr redirection" time="2.026498" class="shell_command, command_line_tool" file="stderr_redirect" url="cwltest:conformance_tests#10">
			<system-out>{
    "output_file": {
        "location": "file:///tmp/tmpto5nmer7/error.txt",
        "basename": "error.txt",
        "class": "File",
        "checksum": "sha1$f1d2d2f924e986ac86fdf7b36c94bcdf32beec15",
        "size": 4,
        "path": "/tmp/tmpto5nmer7/error.txt"
    }
}</system-out>
		</testcase>
		<testcase name="Test command line with stderr redirection, brief syntax" time="2.046458" class="shell_command, command_line_tool" file="stderr_redirect_shortcut" url="cwltest:conformance_tests#11">
			<system-out>{
    "output_file": {
        "location": "file:///tmp/tmp03l7vm3u/1f99bed3b9f300e8ba79591f398974179920200e",
        "basename": "1f99bed3b9f300e8ba79591f398974179920200e",
        "class": "File",
        "checksum": "sha1$f1d2d2f924e986ac86fdf7b36c94bcdf32beec15",
        "size": 4,
        "path": "/tmp/tmp03l7vm3u/1f99bed3b9f300e8ba79591f398974179920200e"
    }
}</system-out>
		</testcase>
		<testcase name="Test command line with stderr redirection, named brief syntax" time="1.962896" class="shell_command, command_line_tool" file="stderr_redirect_mediumcut" url="cwltest:conformance_tests#12">
			<system-out>{
    "output_file": {
        "location": "file:///tmp/tmpzpd8kzgz/std.err",
        "basename": "std.err",
        "class": "File",
        "checksum": "sha1$f1d2d2f924e986ac86fdf7b36c94bcdf32beec15",
        "size": 4,
        "path": "/tmp/tmpzpd8kzgz/std.err"
    }
}</system-out>
		</testcase>
		<testcase name="Test command execution in Docker with stdin and stdout redirection" time="3.528120" class="required, command_line_tool" file="stdinout_redirect_docker" url="cwltest:conformance_tests#13">
			<system-out>{
    "output_txt": {
        "location": "file:///tmp/tmpflcx9zo0/output.txt",
        "basename": "output.txt",
        "class": "File",
        "checksum": "sha1$47a013e660d408619d894b20806b1d5086aab03b",
        "size": 13,
        "path": "/tmp/tmpflcx9zo0/output.txt"
    }
}</system-out>
		</testcase>
		<testcase name="Test default usage of Any in expressions." time="7.513228" class="inline_javascript, expression_tool" file="expression_any" url="cwltest:conformance_tests#14">
			<system-out>{
    "output": 1
}</system-out>
		</testcase>
		<testcase name="Test explicitly passing null to Any type inputs with default values." time="7.845997" class="inline_javascript, expression_tool" file="expression_any_null" url="cwltest:conformance_tests#15">
			<system-out>{
    "output": 1
}</system-out>
		</testcase>
		<testcase name="Testing the string 'null' does not trip up an Any with a default value." time="7.707748" class="inline_javascript, expression_tool" file="expression_any_string" url="cwltest:conformance_tests#16">
			<system-out>{
    "output": 2
}</system-out>
		</testcase>
		<testcase name="Test Any without defaults cannot be unspecified." time="3.820067" class="inline_javascript, expression_tool" file="expression_any_nodefaultany" url="cwltest:conformance_tests#17"/>
		<testcase name="Test explicitly passing null to Any type without a default value." time="3.691924" class="inline_javascript, expression_tool" file="expression_any_null_nodefaultany" url="cwltest:conformance_tests#18"/>
		<testcase name="Testing the string 'null' does not trip up an Any without a default value." time="5.776359" class="inline_javascript, expression_tool" file="expression_any_nullstring_nodefaultany" url="cwltest:conformance_tests#19">
			<system-out>{
    "output": 2
}</system-out>
		</testcase>
		<testcase name="Testing Any type compatibility in outputSource" time="2.375358" class="required, workflow" file="any_outputSource_compatibility" url="cwltest:conformance_tests#20">
			<system-out>{
    "output1": [
        "hello",
        "world"
    ],
    "output2": [
        "foo",
        "bar"
    ],
    "output3": "hello"
}</system-out>
		</testcase>
		<testcase name="Test command execution in with stdin and stdout redirection" time="2.118502" class="required, command_line_tool" file="stdinout_redirect" url="cwltest:conformance_tests#21">
			<system-out>{
    "output": {
        "location": "file:///tmp/tmp6icv7bqa/output",
        "basename": "output",
        "class": "File",
        "checksum": "sha1$47a013e660d408619d894b20806b1d5086aab03b",
        "size": 13,
        "path": "/tmp/tmp6icv7bqa/output"
    }
}</system-out>
		</testcase>
		<testcase name="Test ExpressionTool with Javascript engine" time="5.768004" class="inline_javascript, expression_tool" file="expression_parseint" url="cwltest:conformance_tests#22">
			<system-out>{
    "output": 42
}</system-out>
		</testcase>
		<testcase name="Test outputEval to transform output" time="7.551817" class="inline_javascript, command_line_tool" file="expression_outputEval" url="cwltest:conformance_tests#23">
			<system-out>{
    "output": 16
}</system-out>
		</testcase>
		<testcase name="Test two step workflow with imported tools" time="7.354518" class="inline_javascript, workflow" file="wf_wc_parseInt" url="cwltest:conformance_tests#24">
			<system-out>{
    "count_output": 16
}</system-out>
		</testcase>
		<testcase name="Test two step workflow with inline tools" time="4.782491" class="inline_javascript, workflow" file="wf_wc_expressiontool" url="cwltest:conformance_tests#25">
			<system-out>{
    "count_output": 16
}</system-out>
		</testcase>
		<testcase name="Test single step workflow with Scatter step" time="6.959267" class="scatter, inline_javascript, workflow" file="wf_wc_scatter" url="cwltest:conformance_tests#26">
			<system-out>{
    "count_output": [
        16,
        1
    ]
}</system-out>
		</testcase>
		<testcase name="Test single step workflow with Scatter step and two data links connected to same input, default merge behavior" time="6.330293" class="scatter, multiple_input, inline_javascript, workflow" file="wf_wc_scatter_multiple_merge" url="cwltest:conformance_tests#27">
			<system-out>{
    "count_output": [
        16,
        1
    ]
}</system-out>
		</testcase>
		<testcase name="Test single step workflow with Scatter step and two data links connected to same input, nested merge behavior" time="6.547812" class="scatter, multiple_input, inline_javascript, workflow" file="wf_wc_scatter_multiple_nested" url="cwltest:conformance_tests#28">
			<system-out>{
    "count_output": [
        32,
        2
    ]
}</system-out>
		</testcase>
		<testcase name="Test single step workflow with Scatter step and two data links connected to same input, flattened merge behavior" time="6.587219" class="multiple_input, inline_javascript, workflow" file="wf_wc_scatter_multiple_flattened" url="cwltest:conformance_tests#29">
			<system-out>{
    "count_output": 34
}</system-out>
		</testcase>
		<testcase name="Test that no MultipleInputFeatureRequirement is necessary when workflow step source is a single-item list" time="6.742583" class="inline_javascript, workflow" file="wf_wc_nomultiple" url="cwltest:conformance_tests#30">
			<system-out>{
    "count_output": 32
}</system-out>
		</testcase>
		<testcase name="Test workflow with default value for input parameter (missing)" time="6.251184" class="inline_javascript, workflow" file="wf_input_default_missing" url="cwltest:conformance_tests#31">
			<system-out>{
    "count_output": 1
}</system-out>
		</testcase>
		<testcase name="Test workflow with default value for input parameter (provided)" time="6.449980" class="inline_javascript, workflow" file="wf_input_default_provided" url="cwltest:conformance_tests#32">
			<system-out>{
    "count_output": 16
}</system-out>
		</testcase>
		<testcase name="Test that workflow defaults override tool defaults" time="2.799231" class="required, workflow" file="wf_default_tool_default" url="cwltest:conformance_tests#33">
			<system-out>{
    "default_output": "workflow_default"
}</system-out>
		</testcase>
		<testcase name="Test EnvVarRequirement" time="2.870417" class="env_var, command_line_tool" file="envvar_req" url="cwltest:conformance_tests#34">
			<system-out>{
    "out": {
        "location": "file:///tmp/tmp6bps3iky/out",
        "basename": "out",
        "class": "File",
        "checksum": "sha1$b3ec4ed1749c207e52b3a6d08c59f31d83bff519",
        "size": 15,
        "path": "/tmp/tmp6bps3iky/out"
    }
}</system-out>
		</testcase>
		<testcase name="Test workflow scatter with single scatter parameter" time="2.625491" class="scatter, workflow" file="wf_scatter_single_param" url="cwltest:conformance_tests#35">
			<system-out>{
    "out": [
        "foo one",
        "foo two",
        "foo three",
        "foo four"
    ]
}</system-out>
		</testcase>
		<testcase name="Test workflow scatter with two scatter parameters and nested_crossproduct join method" time="2.766455" class="scatter, workflow" file="wf_scatter_two_nested_crossproduct" url="cwltest:conformance_tests#36">
			<system-out>{
    "out": [
        [
            "foo one three",
            "foo one four"
        ],
        [
            "foo two three",
            "foo two four"
        ]
    ]
}</system-out>
		</testcase>
		<testcase name="Test workflow scatter with two scatter parameters and flat_crossproduct join method" time="2.844168" class="scatter, workflow" file="wf_scatter_two_flat_crossproduct" url="cwltest:conformance_tests#37">
			<system-out>{
    "out": [
        "foo one three",
        "foo one four",
        "foo two three",
        "foo two four"
    ]
}</system-out>
		</testcase>
		<testcase name="Test workflow scatter with two scatter parameters and dotproduct join method" time="3.207794" class="scatter, workflow" file="wf_scatter_two_dotproduct" url="cwltest:conformance_tests#38">
			<system-out>{
    "out": [
        "foo one three",
        "foo two four"
    ]
}</system-out>
		</testcase>
		<testcase name="Test workflow scatter with single empty list parameter" time="3.624258" class="scatter, workflow" file="wf_scatter_emptylist" url="cwltest:conformance_tests#39">
			<system-out>{
    "out": []
}</system-out>
		</testcase>
		<testcase name="Test workflow scatter with two scatter parameters and nested_crossproduct join method with second list empty" time="2.530642" class="scatter, workflow" file="wf_scatter_nested_crossproduct_secondempty" url="cwltest:conformance_tests#40">
			<system-out>{
    "out": [
        [],
        []
    ]
}</system-out>
		</testcase>
		<testcase name="Test workflow scatter with two scatter parameters and nested_crossproduct join method with first list empty" time="2.567888" class="scatter, workflow" file="wf_scatter_nested_crossproduct_firstempty" url="cwltest:conformance_tests#41">
			<system-out>{
    "out": []
}</system-out>
		</testcase>
		<testcase name="Test workflow scatter with two scatter parameters, one of which is empty and flat_crossproduct join method" time="2.442323" class="scatter, workflow" file="wf_scatter_flat_crossproduct_oneempty" url="cwltest:conformance_tests#42">
			<system-out>{
    "out": []
}</system-out>
		</testcase>
		<testcase name="Test workflow scatter with two empty scatter parameters and dotproduct join method" time="2.432025" class="scatter, workflow" file="wf_scatter_dotproduct_twoempty" url="cwltest:conformance_tests#43">
			<system-out>{
    "out": []
}</system-out>
		</testcase>
		<testcase name="Test Any type input parameter" time="2.342874" class="required, command_line_tool" file="any_input_param" url="cwltest:conformance_tests#44">
			<system-out>{
    "out": "hello test env\n"
}</system-out>
		</testcase>
		<testcase name="Test nested workflow" time="5.940999" class="subworkflow, workflow, inline_javascript" file="nested_workflow" url="cwltest:conformance_tests#45">
			<system-out>{
    "count_output": 16
}</system-out>
		</testcase>
		<testcase name="Test requirement priority" time="2.224763" class="env_var, workflow" file="requirement_priority" url="cwltest:conformance_tests#46">
			<system-out>{
    "out": {
        "location": "file:///tmp/tmpqx3x4amx/out",
        "basename": "out",
        "class": "File",
        "checksum": "sha1$b3ec4ed1749c207e52b3a6d08c59f31d83bff519",
        "size": 15,
        "path": "/tmp/tmpqx3x4amx/out"
    }
}</system-out>
		</testcase>
		<testcase name="Test requirements override hints" time="3.746088" class="env_var, workflow" file="requirement_override_hints" url="cwltest:conformance_tests#47">
			<system-out>{
    "out": {
        "location": "file:///tmp/tmp_mlliz9_/out",
        "basename": "out",
        "class": "File",
        "checksum": "sha1$cdc1e84968261d6a7575b5305945471f8be199b6",
        "size": 9,
        "path": "/tmp/tmp_mlliz9_/out"
    }
}</system-out>
		</testcase>
		<testcase name="Test requirements on workflow steps" time="3.705210" class="env_var, workflow" file="requirement_workflow_steps" url="cwltest:conformance_tests#48">
			<system-out>{
    "out": {
        "location": "file:///tmp/tmpvnnfikha/out",
        "basename": "out",
        "class": "File",
        "checksum": "sha1$cdc1e84968261d6a7575b5305945471f8be199b6",
        "size": 9,
        "path": "/tmp/tmpvnnfikha/out"
    }
}</system-out>
		</testcase>
		<testcase name="Test default value on step input parameter" time="5.682867" class="inline_javascript, workflow" file="step_input_default_value" url="cwltest:conformance_tests#49">
			<system-out>{
    "count_output": 16
}</system-out>
		</testcase>
		<testcase name="Test use default value on step input parameter with empty source" time="5.354326" class="inline_javascript, workflow" file="step_input_default_value_nosource" url="cwltest:conformance_tests#50">
			<system-out>{
    "count_output": 16
}</system-out>
		</testcase>
		<testcase name="Test use default value on step input parameter with null source" time="5.532722" class="inline_javascript, workflow" file="step_input_default_value_nullsource" url="cwltest:conformance_tests#51">
			<system-out>{
    "count_output": 16
}</system-out>
		</testcase>
		<testcase name="Test default value on step input parameter overridden by provided source" time="5.484418" class="inline_javascript, workflow" file="step_input_default_value_overriden" url="cwltest:conformance_tests#52">
			<system-out>{
    "count_output": 1
}</system-out>
		</testcase>
		<testcase name="Test simple workflow" time="6.669274" class="required, workflow" file="wf_simple" url="cwltest:conformance_tests#53">
			<system-out>{
    "output": {
        "location": "file:///tmp/tmp5b29tuem/output.txt",
        "basename": "output.txt",
        "class": "File",
        "checksum": "sha1$b9214658cc453331b62c2282b772a5c063dbd284",
        "size": 1111,
        "path": "/tmp/tmp5b29tuem/output.txt"
    }
}</system-out>
		</testcase>
		<testcase name="Test unknown hints are ignored." time="3.377551" class="required, command_line_tool" file="hints_unknown_ignored" url="cwltest:conformance_tests#54">
			<system-out>{
    "output_file": {
        "location": "file:///tmp/tmpytpn6qh6/output.txt",
        "basename": "output.txt",
        "class": "File",
        "checksum": "sha1$47a013e660d408619d894b20806b1d5086aab03b",
        "size": 13,
        "path": "/tmp/tmpytpn6qh6/output.txt"
    }
}</system-out>
		</testcase>
		<testcase name="Test InitialWorkDirRequirement linking input files and capturing secondaryFiles on input and output. Also tests the use of a variety of parameter references and expressions in the secondaryFiles field." time="8.987920" class="initial_work_dir, inline_javascript, command_line_tool" file="initial_workdir_secondary_files_expr" url="cwltest:conformance_tests#55">
			<system-out>{
    "indexedfile": {
        "location": "file:///tmp/tmp07_9sszt/input.txt",
        "basename": "input.txt",
        "class": "File",
        "checksum": "sha1$327fc7aedf4f6b69a42a7c8b808dc5a7aff61376",
        "size": 1111,
        "secondaryFiles": [
            {
                "basename": "input.txt.idx1",
                "location": "file:///tmp/tmp07_9sszt/input.txt.idx1",
                "class": "File",
                "size": 1500,
                "checksum": "sha1$1f6fe811644355974cdd06d9eb695d6e859f3b44",
                "path": "/tmp/tmp07_9sszt/input.txt.idx1"
            },
            {
                "basename": "input.idx2",
                "location": "file:///tmp/tmp07_9sszt/input.idx2",
                "class": "File",
                "size": 0,
                "checksum": "sha1$da39a3ee5e6b4b0d3255bfef95601890afd80709",
                "path": "/tmp/tmp07_9sszt/input.idx2"
            },
            {
                "basename": "input.txt.idx3",
                "location": "file:///tmp/tmp07_9sszt/input.txt.idx3",
                "class": "File",
                "size": 0,
                "checksum": "sha1$da39a3ee5e6b4b0d3255bfef95601890afd80709",
                "path": "/tmp/tmp07_9sszt/input.txt.idx3"
            },
            {
                "basename": "input.txt.idx4",
                "location": "file:///tmp/tmp07_9sszt/input.txt.idx4",
                "class": "File",
                "size": 0,
                "checksum": "sha1$da39a3ee5e6b4b0d3255bfef95601890afd80709",
                "path": "/tmp/tmp07_9sszt/input.txt.idx4"
            },
            {
                "class": "File",
                "basename": "input.txt.idx5",
                "location": "file:///tmp/tmp07_9sszt/input.txt.idx5",
                "size": 0,
                "checksum": "sha1$da39a3ee5e6b4b0d3255bfef95601890afd80709",
                "path": "/tmp/tmp07_9sszt/input.txt.idx5"
            },
            {
                "basename": "input.idx6.txt",
                "location": "file:///tmp/tmp07_9sszt/input.idx6.txt",
                "class": "File",
                "size": 0,
                "checksum": "sha1$da39a3ee5e6b4b0d3255bfef95601890afd80709",
                "path": "/tmp/tmp07_9sszt/input.idx6.txt"
            },
            {
                "basename": "input.txt.idx7",
                "location": "file:///tmp/tmp07_9sszt/input.txt.idx7",
                "class": "File",
                "size": 0,
                "checksum": "sha1$da39a3ee5e6b4b0d3255bfef95601890afd80709",
                "path": "/tmp/tmp07_9sszt/input.txt.idx7"
            },
            {
                "class": "File",
                "location": "file:///tmp/tmp07_9sszt/hello.txt",
                "size": 13,
                "basename": "hello.txt",
                "checksum": "sha1$47a013e660d408619d894b20806b1d5086aab03b",
                "path": "/tmp/tmp07_9sszt/hello.txt"
            },
            {
                "basename": "input.txt_idx8",
                "location": "file:///tmp/tmp07_9sszt/input.txt_idx8",
                "class": "Directory",
                "listing": [
                    {
                        "class": "File",
                        "location": "file:///tmp/tmp07_9sszt/input.txt_idx8/index",
                        "basename": "index",
                        "size": 0,
                        "checksum": "sha1$da39a3ee5e6b4b0d3255bfef95601890afd80709",
                        "path": "/tmp/tmp07_9sszt/input.txt_idx8/index"
                    }
                ],
                "path": "/tmp/tmp07_9sszt/input.txt_idx8"
            }
        ],
        "path": "/tmp/tmp07_9sszt/input.txt"
    },
    "outfile": {
        "location": "file:///tmp/tmp07_9sszt/result.txt",
        "basename": "result.txt",
        "class": "File",
        "checksum": "sha1$e2dc9daaef945ac15f01c238ed2f1660f60909a0",
        "size": 142,
        "path": "/tmp/tmp07_9sszt/result.txt"
    }
}</system-out>
		</testcase>
		<testcase name="Test InitialWorkDirRequirement with expression in filename." time="3.649712" class="initial_work_dir, command_line_tool" file="rename" url="cwltest:conformance_tests#56">
			<system-out>{
    "outfile": {
        "location": "file:///tmp/tmpribppd0w/fish.txt",
        "basename": "fish.txt",
        "class": "File",
        "checksum": "sha1$327fc7aedf4f6b69a42a7c8b808dc5a7aff61376",
        "size": 1111,
        "path": "/tmp/tmpribppd0w/fish.txt"
    }
}</system-out>
		</testcase>
		<testcase name="Test if trailing newline is present in file entry in InitialWorkDir" time="2.726072" class="initial_work_dir, command_line_tool" file="initial_workdir_trailingnl" url="cwltest:conformance_tests#57">
			<system-out>{
    "out": {
        "location": "file:///tmp/tmp9lilmmwj/example.conf",
        "basename": "example.conf",
        "class": "File",
        "checksum": "sha1$6a47aa22b2a9d13a66a24b3ee5eaed95ce4753cf",
        "size": 16,
        "path": "/tmp/tmp9lilmmwj/example.conf"
    }
}</system-out>
		</testcase>
		<testcase name="Test inline expressions" time="5.382015" class="inline_javascript, command_line_tool" file="inline_expressions" url="cwltest:conformance_tests#58">
			<system-out>{
    "output": 16
}</system-out>
		</testcase>
		<testcase name="Test SchemaDefRequirement definition used in tool parameter" time="2.828774" class="schema_def, command_line_tool" file="schemadef_req_tool_param" url="cwltest:conformance_tests#59">
			<system-out>{
    "output": {
        "location": "file:///tmp/tmpys_ze0r7/output.txt",
        "basename": "output.txt",
        "class": "File",
        "checksum": "sha1$f12e6cfe70f3253f70b0dbde17c692e7fb0f1e5e",
        "size": 12,
        "path": "/tmp/tmpys_ze0r7/output.txt"
    }
}</system-out>
		</testcase>
		<testcase name="Test SchemaDefRequirement definition used in workflow parameter" time="2.689546" class="schema_def, workflow" file="schemadef_req_wf_param" url="cwltest:conformance_tests#60">
			<system-out>{
    "output": {
        "location": "file:///tmp/tmpdi5pm1dr/output.txt",
        "basename": "output.txt",
        "class": "File",
        "checksum": "sha1$f12e6cfe70f3253f70b0dbde17c692e7fb0f1e5e",
        "size": 12,
        "path": "/tmp/tmpdi5pm1dr/output.txt"
    }
}</system-out>
		</testcase>
		<testcase name="Test parameter evaluation, no support for JS expressions" time="3.091277" class="required, command_line_tool" file="param_evaluation_noexpr" url="cwltest:conformance_tests#61">
			<system-out>{
    "t1": {
        "bar": {
            "baz": "zab1",
            "b az": 2,
            "b'az": true,
            "b\"az": null,
            "buz": [
                "a",
                "b",
                "c"
            ]
        }
    },
    "t2": {
        "baz": "zab1",
        "b az": 2,
        "b'az": true,
        "b\"az": null,
        "buz": [
            "a",
            "b",
            "c"
        ]
    },
    "t3": {
        "baz": "zab1",
        "b az": 2,
        "b'az": true,
        "b\"az": null,
        "buz": [
            "a",
            "b",
            "c"
        ]
    },
    "t4": {
        "baz": "zab1",
        "b az": 2,
        "b'az": true,
        "b\"az": null,
        "buz": [
            "a",
            "b",
            "c"
        ]
    },
    "t5": "zab1",
    "t6": "zab1",
    "t7": "zab1",
    "t8": "zab1",
    "t9": 2,
    "t10": true,
    "t11": true,
    "t12": null,
    "t13": "-zab1",
    "t14": "-zab1",
    "t15": "-zab1",
    "t16": "-zab1",
    "t17": "zab1 zab1",
    "t18": "zab1 zab1",
    "t19": "zab1 zab1",
    "t20": "zab1 zab1",
    "t21": "2 2",
    "t22": "true true",
    "t23": "true true",
    "t24": "null null",
    "t25": "b",
    "t26": "b b",
    "t27": null,
    "t28": 3
}</system-out>
		</testcase>
		<testcase name="Test parameter evaluation, with support for JS expressions" time="3.812255" class="inline_javascript, command_line_tool" file="param_evaluation_expr" url="cwltest:conformance_tests#62">
			<system-out>{
    "t1": {
        "bar": {
            "baz": "zab1",
            "b az": 2,
            "b'az": true,
            "b\"az": null,
            "buz": [
                "a",
                "b",
                "c"
            ]
        }
    },
    "t2": {
        "baz": "zab1",
        "b az": 2,
        "b'az": true,
        "b\"az": null,
        "buz": [
            "a",
            "b",
            "c"
        ]
    },
    "t3": {
        "baz": "zab1",
        "b az": 2,
        "b'az": true,
        "b\"az": null,
        "buz": [
            "a",
            "b",
            "c"
        ]
    },
    "t4": {
        "baz": "zab1",
        "b az": 2,
        "b'az": true,
        "b\"az": null,
        "buz": [
            "a",
            "b",
            "c"
        ]
    },
    "t5": "zab1",
    "t6": "zab1",
    "t7": "zab1",
    "t8": "zab1",
    "t9": 2,
    "t10": true,
    "t11": true,
    "t12": null,
    "t13": "-zab1",
    "t14": "-zab1",
    "t15": "-zab1",
    "t16": "-zab1",
    "t17": "zab1 zab1",
    "t18": "zab1 zab1",
    "t19": "zab1 zab1",
    "t20": "zab1 zab1",
    "t21": "2 2",
    "t22": "true true",
    "t23": "true true",
    "t24": "null null",
    "t25": "b",
    "t26": "b b",
    "t27": null,
    "t28": 3
}</system-out>
		</testcase>
		<testcase name="Test metadata" time="5.294855" class="required" file="metadata" url="cwltest:conformance_tests#63">
			<system-out>{}</system-out>
		</testcase>
		<testcase name="Test simple format checking." time="2.163458" class="required, command_line_tool" file="format_checking" url="cwltest:conformance_tests#64">
			<system-out>{
    "output": {
        "location": "file:///tmp/tmpogu3lifk/output.txt",
        "basename": "output.txt",
        "class": "File",
        "checksum": "sha1$97fe1b50b4582cebc7d853796ebd62e3e163aa3f",
        "size": 1111,
        "format": "http://edamontology.org/format_2330",
        "path": "/tmp/tmpogu3lifk/output.txt"
    }
}</system-out>
		</testcase>
		<testcase name="Test format checking against ontology using subclassOf." time="8.390243" class="required, command_line_tool" file="format_checking_subclass" url="cwltest:conformance_tests#65">
			<system-out>{
    "output": {
        "location": "file:///tmp/tmpeqpxqa5p/output.txt",
        "basename": "output.txt",
        "class": "File",
        "checksum": "sha1$971d88faeda85a796752ecf752b7e2e34f1337ce",
        "size": 12010,
        "format": "http://edamontology.org/format_1929",
        "path": "/tmp/tmpeqpxqa5p/output.txt"
    }
}</system-out>
		</testcase>
		<testcase name="Test format checking against ontology using equivalentClass." time="6.709852" class="required, command_line_tool" file="format_checking_equivalentclass" url="cwltest:conformance_tests#66">
			<system-out>{
    "output": {
        "location": "file:///tmp/tmp3gs5ac0k/output.txt",
        "basename": "output.txt",
        "class": "File",
        "checksum": "sha1$971d88faeda85a796752ecf752b7e2e34f1337ce",
        "size": 12010,
        "format": "http://edamontology.org/format_1929",
        "path": "/tmp/tmp3gs5ac0k/output.txt"
    }
}</system-out>
		</testcase>
		<testcase name="Test optional output file and optional secondaryFile on output." time="2.828930" class="docker, command_line_tool" file="output_secondaryfile_optional" url="cwltest:conformance_tests#67">
			<system-out>{
    "optional_file": null,
    "output_file": {
        "location": "file:///tmp/tmpih6miq2u/output.txt",
        "basename": "output.txt",
        "class": "File",
        "checksum": "sha1$47a013e660d408619d894b20806b1d5086aab03b",
        "size": 13,
        "secondaryFiles": [],
        "path": "/tmp/tmpih6miq2u/output.txt"
    }
}</system-out>
		</testcase>
		<testcase name="Test that valueFrom is ignored when the parameter is null" time="3.728740" class="inline_javascript, command_line_tool" file="valuefrom_ignored_null" url="cwltest:conformance_tests#68">
			<system-out>{
    "out": "\n"
}</system-out>
		</testcase>
		<testcase name="Test that second expression in concatenated valueFrom is not ignored" time="5.316756" class="inline_javascript, command_line_tool" file="valuefrom_secondexpr_ignored" url="cwltest:conformance_tests#69">
			<system-out>{
    "out": "a string\n"
}</system-out>
		</testcase>
		<testcase name="Test valueFrom on workflow step." time="6.769462" class="step_input, inline_javascript, workflow" file="valuefrom_wf_step" url="cwltest:conformance_tests#70">
			<system-out>{
    "count_output": 16
}</system-out>
		</testcase>
		<testcase name="Test valueFrom on workflow step with multiple sources" time="3.175970" class="step_input, inline_javascript, multiple_input, workflow" file="valuefrom_wf_step_multiple" url="cwltest:conformance_tests#71">
			<system-out>{
    "val": "3\n"
}</system-out>
		</testcase>
		<testcase name="Test valueFrom on workflow step referencing other inputs" time="3.587221" class="step_input, inline_javascript, workflow" file="valuefrom_wf_step_other" url="cwltest:conformance_tests#72">
			<system-out>{
    "val": "3\n"
}</system-out>
		</testcase>
		<testcase name="Test record type output binding." time="2.231260" class="shell_command, command_line_tool" file="record_output_binding" url="cwltest:conformance_tests#73">
			<system-out>{
    "orec": {
        "ofoo": {
            "location": "file:///tmp/tmpgnay2uw5/foo",
            "basename": "foo",
            "class": "File",
            "checksum": "sha1$327fc7aedf4f6b69a42a7c8b808dc5a7aff61376",
            "size": 1111,
            "path": "/tmp/tmpgnay2uw5/foo"
        },
        "obar": {
            "location": "file:///tmp/tmpgnay2uw5/bar",
            "basename": "bar",
            "class": "File",
            "checksum": "sha1$aeb3d11bdf536511649129f4077d5cda6a324118",
            "size": 12010,
            "path": "/tmp/tmpgnay2uw5/bar"
        }
    }
}</system-out>
		</testcase>
		<testcase name="Test support for reading cwl.output.json when running in a Docker container and just 'path' is provided." time="2.755773" class="shell_command, command_line_tool" file="docker_json_output_path" url="cwltest:conformance_tests#74">
			<system-out>{
    "foo": {
        "class": "File",
        "basename": "foo",
        "location": "file:///tmp/tmphkdvfck7/foo",
        "size": 4,
        "checksum": "sha1$f1d2d2f924e986ac86fdf7b36c94bcdf32beec15",
        "path": "/tmp/tmphkdvfck7/foo"
    }
}</system-out>
		</testcase>
		<testcase name="Test support for reading cwl.output.json when running in a Docker container and just 'location' is provided." time="1.798944" class="shell_command, command_line_tool" file="docker_json_output_location" url="cwltest:conformance_tests#75">
			<system-out>{
    "foo": {
        "location": "file:///tmp/tmpx6g9tb4e/foo",
        "class": "File",
        "basename": "foo",
        "size": 4,
        "checksum": "sha1$f1d2d2f924e986ac86fdf7b36c94bcdf32beec15",
        "path": "/tmp/tmpx6g9tb4e/foo"
    }
}</system-out>
		</testcase>
		<testcase name="Test support for returning multiple glob patterns from expression" time="2.419945" class="required, command_line_tool" file="multiple_glob_expr_list" url="cwltest:conformance_tests#76">
			<system-out>{
    "files": [
        {
            "location": "file:///tmp/tmpf3twi7xd/a",
            "basename": "a",
            "class": "File",
            "checksum": "sha1$da39a3ee5e6b4b0d3255bfef95601890afd80709",
            "size": 0,
            "path": "/tmp/tmpf3twi7xd/a"
        },
        {
            "location": "file:///tmp/tmpf3twi7xd/b",
            "basename": "b",
            "class": "File",
            "checksum": "sha1$da39a3ee5e6b4b0d3255bfef95601890afd80709",
            "size": 0,
            "path": "/tmp/tmpf3twi7xd/b"
        },
        {
            "location": "file:///tmp/tmpf3twi7xd/c",
            "basename": "c",
            "class": "File",
            "checksum": "sha1$da39a3ee5e6b4b0d3255bfef95601890afd80709",
            "size": 0,
            "path": "/tmp/tmpf3twi7xd/c"
        }
    ]
}</system-out>
		</testcase>
		<testcase name="Test workflow scatter with single scatter parameter and two valueFrom on step input (first and current el)" time="2.369729" class="scatter, step_input, workflow" file="wf_scatter_oneparam_valuefrom" url="cwltest:conformance_tests#77">
			<system-out>{
    "out": [
        "foo one one",
        "foo one two",
        "foo one three",
        "foo one four"
    ]
}</system-out>
		</testcase>
		<testcase name="Test workflow scatter with two scatter parameters and nested_crossproduct join method and valueFrom on step input" time="2.462894" class="scatter, step_input, workflow" file="wf_scatter_twoparam_nested_crossproduct_valuefrom" url="cwltest:conformance_tests#78">
			<system-out>{
    "out": [
        [
            "foo one one three",
            "foo one one four"
        ],
        [
            "foo one two three",
            "foo one two four"
        ]
    ]
}</system-out>
		</testcase>
		<testcase name="Test workflow scatter with two scatter parameters and flat_crossproduct join method and valueFrom on step input" time="2.362850" class="scatter, step_input, workflow" file="wf_scatter_twoparam_flat_crossproduct_valuefrom" url="cwltest:conformance_tests#79">
			<system-out>{
    "out": [
        "foo one one three",
        "foo one one four",
        "foo one two three",
        "foo one two four"
    ]
}</system-out>
		</testcase>
		<testcase name="Test workflow scatter with two scatter parameters and dotproduct join method and valueFrom on step input" time="2.309089" class="scatter, step_input, workflow" file="wf_scatter_twoparam_dotproduct_valuefrom" url="cwltest:conformance_tests#80">
			<system-out>{
    "out": [
        "foo one one three",
        "foo one two four"
    ]
}</system-out>
		</testcase>
		<testcase name="Test workflow scatter with single scatter parameter and two valueFrom on step input (current el twice)" time="2.350448" class="scatter, step_input, workflow" file="wf_scatter_oneparam_valuefrom_twice_current_el" url="cwltest:conformance_tests#81">
			<system-out>{
    "out": [
        "foo one one",
        "foo two two",
        "foo three three",
        "foo four four"
    ]
}</system-out>
		</testcase>
		<testcase name="Test valueFrom eval on scattered input parameter" time="2.061905" class="scatter, step_input, workflow" file="wf_scatter_oneparam_valueFrom" url="cwltest:conformance_tests#82">
			<system-out>{
    "out_message": [
        {
            "location": "file:///tmp/tmpa8e03i6a/87df43e1ad9f9a386eeb4a7c99fddca51c3fb8f9",
            "basename": "87df43e1ad9f9a386eeb4a7c99fddca51c3fb8f9",
            "class": "File",
            "checksum": "sha1$98030575f6fc40e5021be5a8803a6bef94aee11f",
            "size": 16,
            "path": "/tmp/tmpa8e03i6a/87df43e1ad9f9a386eeb4a7c99fddca51c3fb8f9"
        },
        {
            "location": "file:///tmp/tmpa8e03i6a/87df43e1ad9f9a386eeb4a7c99fddca51c3fb8f9_2",
            "basename": "87df43e1ad9f9a386eeb4a7c99fddca51c3fb8f9",
            "class": "File",
            "checksum": "sha1$edcacd50778d98ae113015406b3195c165059dd8",
            "size": 16,
            "path": "/tmp/tmpa8e03i6a/87df43e1ad9f9a386eeb4a7c99fddca51c3fb8f9_2"
        }
    ]
}</system-out>
		</testcase>
		<testcase name="Test workflow two input files with same name." time="2.321047" class="required, workflow" file="wf_two_inputfiles_namecollision" url="cwltest:conformance_tests#83">
			<system-out>{
    "fileout": {
        "location": "file:///tmp/tmpw76nve88/out.txt",
        "basename": "out.txt",
        "class": "File",
        "checksum": "sha1$a2d8d6e7b28295dc9977dc3bdb652ddd480995f0",
        "size": 25,
        "path": "/tmp/tmpw76nve88/out.txt"
    }
}</system-out>
		</testcase>
		<testcase name="Test directory input with parameter reference" time="1.994270" class="shell_command, command_line_tool" file="directory_input_param_ref" url="cwltest:conformance_tests#84">
			<system-out>{
    "outlist": {
        "location": "file:///tmp/tmpqadnh9kq/output.txt",
        "basename": "output.txt",
        "class": "File",
        "checksum": "sha1$13cda8661796ae241da3a18668fb552161a72592",
        "size": 20,
        "path": "/tmp/tmpqadnh9kq/output.txt"
    }
}</system-out>
		</testcase>
		<testcase name="Test directory input in Docker" time="3.501535" class="required, command_line_tool, shell_command" file="directory_input_docker" url="cwltest:conformance_tests#85">
			<system-out>{
    "outlist": {
        "location": "file:///tmp/tmpidtqo8aj/output.txt",
        "basename": "output.txt",
        "class": "File",
        "checksum": "sha1$13cda8661796ae241da3a18668fb552161a72592",
        "size": 20,
        "path": "/tmp/tmpidtqo8aj/output.txt"
    }
}</system-out>
		</testcase>
		<testcase name="Test directory output" time="1.963155" class="required, command_line_tool" file="directory_output" url="cwltest:conformance_tests#86">
			<system-out>{
    "outdir": {
        "location": "file:///tmp/tmpjz60db7l/[REDACTED]udifmtxc",
        "basename": "[REDACTED]udifmtxc",
        "class": "Directory",
        "listing": [
            {
                "class": "File",
                "location": "file:///tmp/tmpjz60db7l/[REDACTED]udifmtxc/goodbye.txt",
                "basename": "goodbye.txt",
                "size": 24,
                "checksum": "sha1$dd0a4c4c49ba43004d6611771972b6cf969c1c01",
                "path": "/tmp/tmpjz60db7l/[REDACTED]udifmtxc/goodbye.txt"
            },
            {
                "class": "File",
                "location": "file:///tmp/tmpjz60db7l/[REDACTED]udifmtxc/hello.txt",
                "basename": "hello.txt",
                "size": 13,
                "checksum": "sha1$47a013e660d408619d894b20806b1d5086aab03b",
                "path": "/tmp/tmpjz60db7l/[REDACTED]udifmtxc/hello.txt"
            }
        ],
        "path": "/tmp/tmpjz60db7l/[REDACTED]udifmtxc"
    }
}</system-out>
		</testcase>
		<testcase name="Test directories in secondaryFiles" time="2.345008" class="shell_command, command_line_tool" file="directory_secondaryfiles" url="cwltest:conformance_tests#87">
			<system-out>{
    "outlist": {
        "location": "file:///tmp/tmp0prk_fgz/output.txt",
        "basename": "output.txt",
        "class": "File",
        "checksum": "sha1$13cda8661796ae241da3a18668fb552161a72592",
        "size": 20,
        "path": "/tmp/tmp0prk_fgz/output.txt"
    }
}</system-out>
		</testcase>
		<testcase name="Test dynamic initial work dir" time="1.897150" class="shell_command, initial_work_dir, command_line_tool" file="dynamic_initial_workdir" url="cwltest:conformance_tests#88">
			<system-out>{
    "outlist": {
        "location": "file:///tmp/tmprksuhjr9/output.txt",
        "basename": "output.txt",
        "class": "File",
        "checksum": "sha1$13cda8661796ae241da3a18668fb552161a72592",
        "size": 20,
        "path": "/tmp/tmprksuhjr9/output.txt"
    }
}</system-out>
		</testcase>
		<testcase name="Test writable staged files." time="2.668378" class="initial_work_dir, command_line_tool" file="writable_stagedfiles" url="cwltest:conformance_tests#89">
			<system-out>{
    "outfile": {
        "location": "file:///tmp/tmp6c3a_agc/bob.txt",
        "basename": "bob.txt",
        "class": "File",
        "checksum": "sha1$b769c7b2e316edd4b5eb2d24799b2c1f9d8c86e6",
        "size": 1111,
        "path": "/tmp/tmp6c3a_agc/bob.txt"
    }
}</system-out>
		</testcase>
		<testcase name="Test file literal as input" time="2.974030" class="required, command_line_tool" file="input_file_literal" url="cwltest:conformance_tests#90">
			<system-out>{
    "output_file": {
        "location": "file:///tmp/tmpss8fhorz/output.txt",
        "basename": "output.txt",
        "class": "File",
        "checksum": "sha1$d0e04ff6c413c7d57f9a0ca0a33cd3ab52e2dd9c",
        "size": 18,
        "path": "/tmp/tmpss8fhorz/output.txt"
    }
}</system-out>
		</testcase>
		<testcase name="Test expression in InitialWorkDir listing" time="1.959590" class="initial_work_dir, command_line_tool" file="initial_workdir_expr" url="cwltest:conformance_tests#91">
			<system-out>{
    "classfile": {
        "location": "file:///tmp/tmpe17z7ofw/Hello.class",
        "basename": "Hello.class",
        "class": "File",
        "checksum": "sha1$da39a3ee5e6b4b0d3255bfef95601890afd80709",
        "size": 0,
        "path": "/tmp/tmpe17z7ofw/Hello.class"
    }
}</system-out>
		</testcase>
		<testcase name="Test nameroot/nameext expression in arguments, stdout" time="1.955007" class="required, command_line_tool" file="nameroot_nameext_stdout_expr" url="cwltest:conformance_tests#92">
			<system-out>{
    "b": {
        "location": "file:///tmp/tmprvoii_kh/whale.xtx",
        "basename": "whale.xtx",
        "class": "File",
        "checksum": "sha1$c4cfd130e7578714e3eef91c1d6d90e0e0b9db3e",
        "size": 21,
        "path": "/tmp/tmprvoii_kh/whale.xtx"
    }
}</system-out>
		</testcase>
		<testcase name="Test directory input with inputBinding" time="2.006208" class="shell_command, command_line_tool" file="input_dir_inputbinding" url="cwltest:conformance_tests#93">
			<system-out>{
    "outlist": {
        "location": "file:///tmp/tmptm7_4h79/output.txt",
        "basename": "output.txt",
        "class": "File",
        "checksum": "sha1$13cda8661796ae241da3a18668fb552161a72592",
        "size": 20,
        "path": "/tmp/tmptm7_4h79/output.txt"
    }
}</system-out>
		</testcase>
		<testcase name="Test command line generation of array-of-arrays" time="2.994311" class="required, command_line_tool" file="cl_gen_arrayofarrays" url="cwltest:conformance_tests#94">
			<system-out>{
    "echo": {
        "location": "file:///tmp/tmpttfaokaj/echo.txt",
        "basename": "echo.txt",
        "class": "File",
        "checksum": "sha1$3f786850e387550fdab836ed7e6dc881de23001b",
        "size": 2,
        "path": "/tmp/tmpttfaokaj/echo.txt"
    }
}</system-out>
		</testcase>
		<testcase name="Test $HOME and $TMPDIR are set correctly" time="2.102722" class="shell_command, command_line_tool" file="env_home_tmpdir" url="cwltest:conformance_tests#95">
			<system-out>{}</system-out>
		</testcase>
		<testcase name="Test $HOME and $TMPDIR are set correctly in Docker" time="3.500111" class="shell_command, command_line_tool" file="env_home_tmpdir_docker" url="cwltest:conformance_tests#96">
			<system-out>{}</system-out>
		</testcase>
		<testcase name="Test that expressionLib requirement of individual tool step overrides expressionLib of workflow." time="5.672902" class="inline_javascript, workflow" file="expressionlib_tool_wf_override" url="cwltest:conformance_tests#97">
			<system-out>{
    "out": {
        "location": "file:///tmp/tmpgoaii7m5/whatever.txt",
        "basename": "whatever.txt",
        "class": "File",
        "checksum": "sha1$7448d8798a4380162d4b56f9b452e2f6f9e24e7a",
        "size": 2,
        "path": "/tmp/tmpgoaii7m5/whatever.txt"
    }
}</system-out>
		</testcase>
		<testcase name="Test output of InitialWorkDir" time="2.916813" class="docker, initial_work_dir, command_line_tool" file="initial_workdir_output" url="cwltest:conformance_tests#98">
			<system-out>{
    "OUTPUT": {
        "location": "file:///tmp/tmpgxppexoc/ref.fasta",
        "basename": "ref.fasta",
        "class": "File",
        "checksum": "sha1$aeb3d11bdf536511649129f4077d5cda6a324118",
        "size": 12010,
        "secondaryFiles": [
            {
                "basename": "ref.fasta.fai",
                "location": "file:///tmp/tmpgxppexoc/ref.fasta.fai",
                "class": "File",
                "size": 0,
                "checksum": "sha1$da39a3ee5e6b4b0d3255bfef95601890afd80709",
                "path": "/tmp/tmpgxppexoc/ref.fasta.fai"
            }
        ],
        "path": "/tmp/tmpgxppexoc/ref.fasta"
    }
}</system-out>
		</testcase>
		<testcase name="Test embedded subworkflow" time="6.620622" class="subworkflow, workflow" file="embedded_subworkflow" url="cwltest:conformance_tests#99">
			<system-out>{
    "count_output": 16
}</system-out>
		</testcase>
		<testcase name="Test required, optional and null secondaryFiles on array of files." time="6.932451" class="docker, inline_javascript, shell_command, command_line_tool" file="filesarray_secondaryfiles" url="cwltest:conformance_tests#100">
			<system-out>{
    "bai_list": {
        "location": "file:///tmp/tmp34zq_4mg/fai.list",
        "basename": "fai.list",
        "class": "File",
        "checksum": "sha1$081fc0e57d6efa5f75eeb237aab1d04031132be6",
        "size": 386,
        "secondaryFiles": [],
        "path": "/tmp/tmp34zq_4mg/fai.list"
    }
}</system-out>
		</testcase>
		<testcase name="Test required, optional and null secondaryFiles on array of files." time="5.893637" class="docker, inline_javascript, shell_command, command_line_tool" file="filesarray_secondaryfiles2" url="cwltest:conformance_tests#101"/>
		<testcase name="Test directory literal output created by ExpressionTool" time="5.833433" class="inline_javascript, expression_tool" file="exprtool_directory_literal" url="cwltest:conformance_tests#102">
			<system-out>{
    "dir": {
        "class": "Directory",
        "basename": "a_directory",
        "listing": [
            {
                "class": "File",
                "location": "file:///tmp/tmpdjl930pw/a_directory/hello.txt",
                "size": 13,
                "basename": "hello.txt",
                "checksum": "sha1$47a013e660d408619d894b20806b1d5086aab03b",
                "path": "/tmp/tmpdjl930pw/a_directory/hello.txt"
            },
            {
                "class": "File",
                "location": "file:///tmp/tmpdjl930pw/a_directory/whale.txt",
                "size": 1111,
                "basename": "whale.txt",
                "checksum": "sha1$327fc7aedf4f6b69a42a7c8b808dc5a7aff61376",
                "path": "/tmp/tmpdjl930pw/a_directory/whale.txt"
            }
        ],
        "location": "file:///tmp/tmpdjl930pw/a_directory",
        "path": "/tmp/tmpdjl930pw/a_directory"
    }
}</system-out>
		</testcase>
		<testcase name="Test file literal output created by ExpressionTool" time="6.350507" class="inline_javascript, expression_tool" file="exprtool_file_literal" url="cwltest:conformance_tests#103">
			<system-out>{
    "lit": {
        "class": "File",
        "basename": "a_file",
        "location": "file:///tmp/tmpfrm3ep2u/a_file",
        "size": 19,
        "checksum": "sha1$fea23663b9c8ed71968f86415b5ec091bb111448",
        "path": "/tmp/tmpfrm3ep2u/a_file"
    }
}</system-out>
		</testcase>
		<testcase name="Test dockerOutputDirectory" time="2.715317" class="docker, command_line_tool" file="dockeroutputdir" url="cwltest:conformance_tests#104">
			<system-out>{
    "thing": {
        "location": "file:///tmp/tmp9lpfrsjy/thing",
        "basename": "thing",
        "class": "File",
        "checksum": "sha1$da39a3ee5e6b4b0d3255bfef95601890afd80709",
        "size": 0,
        "path": "/tmp/tmp9lpfrsjy/thing"
    }
}</system-out>
		</testcase>
		<testcase name="Test hints with $import" time="2.282454" class="required, command_line_tool" file="hints_import" url="cwltest:conformance_tests#105">
			<system-out>{
    "out": {
        "location": "file:///tmp/tmpyaa0wkd2/out",
        "basename": "out",
        "class": "File",
        "checksum": "sha1$b3ec4ed1749c207e52b3a6d08c59f31d83bff519",
        "size": 15,
        "path": "/tmp/tmpyaa0wkd2/out"
    }
}</system-out>
		</testcase>
		<testcase name="Test warning instead of error when default path is not found" time="2.199638" class="required, command_line_tool" file="default_path_notfound_warning" url="cwltest:conformance_tests#106">
			<system-out>{}</system-out>
		</testcase>
		<testcase name="Test InlineJavascriptRequirement with multiple expressions in the same tool" time="7.392950" class="inline_javascript, command_line_tool" file="inlinejs_req_expressions" url="cwltest:conformance_tests#107">
			<system-out>{
    "args": [
        "-A",
        "2",
        "-B",
        "baz",
        "-C",
        "10",
        "9",
        "8",
        "7",
        "6",
        "5",
        "4",
        "3",
        "2",
        "1",
        "-D"
    ]
}</system-out>
		</testcase>
		<testcase name="Test if a writable input directory is recursively copied and writable" time="2.307751" class="initial_work_dir, shell_command, command_line_tool" file="input_dir_recurs_copy_writable" url="cwltest:conformance_tests#108">
			<system-out>{
    "output_dir": {
        "location": "file:///tmp/tmpafy_q6vx/work_dir",
        "basename": "work_dir",
        "class": "Directory",
        "listing": [
            {
                "class": "File",
                "location": "file:///tmp/tmpafy_q6vx/work_dir/e",
                "basename": "e",
                "size": 0,
                "checksum": "sha1$da39a3ee5e6b4b0d3255bfef95601890afd80709",
                "path": "/tmp/tmpafy_q6vx/work_dir/e"
            },
            {
                "class": "Directory",
                "location": "file:///tmp/tmpafy_q6vx/work_dir/c",
                "basename": "c",
                "listing": [
                    {
                        "class": "File",
                        "location": "file:///tmp/tmpafy_q6vx/work_dir/c/d",
                        "basename": "d",
                        "size": 0,
                        "checksum": "sha1$da39a3ee5e6b4b0d3255bfef95601890afd80709",
                        "path": "/tmp/tmpafy_q6vx/work_dir/c/d"
                    }
                ],
                "path": "/tmp/tmpafy_q6vx/work_dir/c"
            },
            {
                "class": "File",
                "location": "file:///tmp/tmpafy_q6vx/work_dir/a",
                "basename": "a",
                "size": 0,
                "checksum": "sha1$da39a3ee5e6b4b0d3255bfef95601890afd80709",
                "path": "/tmp/tmpafy_q6vx/work_dir/a"
            },
            {
                "class": "File",
                "location": "file:///tmp/tmpafy_q6vx/work_dir/b",
                "basename": "b",
                "size": 0,
                "checksum": "sha1$da39a3ee5e6b4b0d3255bfef95601890afd80709",
                "path": "/tmp/tmpafy_q6vx/work_dir/b"
            }
        ],
        "path": "/tmp/tmpafy_q6vx/work_dir"
    },
    "test_result": {
        "location": "file:///tmp/tmpafy_q6vx/output.txt",
        "basename": "output.txt",
        "class": "File",
        "checksum": "sha1$da39a3ee5e6b4b0d3255bfef95601890afd80709",
        "size": 0,
        "path": "/tmp/tmpafy_q6vx/output.txt"
    }
}</system-out>
		</testcase>
		<testcase name="Test that missing parameters are null (not undefined) in expression" time="6.121579" class="inline_javascript, command_line_tool" file="null_missing_params" url="cwltest:conformance_tests#109">
			<system-out>{
    "out": "t\n"
}</system-out>
		</testcase>
		<testcase name="Test that provided parameter is not null in expression" time="5.946549" class="inline_javascript, command_line_tool" file="param_notnull_expr" url="cwltest:conformance_tests#110">
			<system-out>{
    "out": "f\n"
}</system-out>
		</testcase>
		<testcase name="Test compound workflow document" time="3.734220" class="required, workflow" file="wf_compound_doc" url="cwltest:conformance_tests#111">
			<system-out>{
    "output": {
        "location": "file:///tmp/tmpy2r2xkup/output.txt",
        "basename": "output.txt",
        "class": "File",
        "checksum": "sha1$b9214658cc453331b62c2282b772a5c063dbd284",
        "size": 1111,
        "path": "/tmp/tmpy2r2xkup/output.txt"
    }
}</system-out>
		</testcase>
		<testcase name="Test that nameroot and nameext are generated from basename at execution time by the runner" time="4.736178" class="step_input_expression, workflow" file="nameroot_nameext_generated" url="cwltest:conformance_tests#112">
			<system-out>{
    "extFile": {
        "location": "file:///tmp/tmp7rzv06_l/out.txt",
        "basename": "out.txt",
        "class": "File",
        "checksum": "sha1$301a72c82a835e1737caf30f94d0eec210c4d9f1",
        "size": 5,
        "path": "/tmp/tmp7rzv06_l/out.txt"
    },
    "rootFile": {
        "location": "file:///tmp/tmp7rzv06_l/out.txt_2",
        "basename": "out.txt",
        "class": "File",
        "checksum": "sha1$b4a583c391e234cf210e1d576f68f674c8ad7ecd",
        "size": 10,
        "path": "/tmp/tmp7rzv06_l/out.txt_2"
    }
}</system-out>
		</testcase>
		<testcase name="Test that file path in $(inputs) for initialworkdir is in $(outdir)." time="2.363433" class="initial_work_dir, command_line_tool" file="initialworkpath_output" url="cwltest:conformance_tests#113">
			<system-out>{}</system-out>
		</testcase>
		<testcase name="Test single step workflow with Scatter step and two data links connected to same input, flattened merge behavior. Workflow inputs are set as list" time="6.373048" class="multiple_input, inline_javascript, workflow" file="wf_scatter_twopar_oneinput_flattenedmerge" url="cwltest:conformance_tests#114">
			<system-out>{
    "count_output": 34
}</system-out>
		</testcase>
		<testcase name="Test step input with multiple sources with multiple types" time="4.301598" class="step_input, inline_javascript, multiple_input, workflow" file="wf_multiplesources_multipletypes" url="cwltest:conformance_tests#115">
			<system-out>{
    "result": 12
}</system-out>
		</testcase>
		<testcase name="Test that shell directives are not interpreted." time="2.511765" class="required, command_line_tool" file="shelldir_notinterpreted" url="cwltest:conformance_tests#116">
			<system-out>{
    "stderr_file": {
        "location": "file:///tmp/tmp3kd_3rev/ef0ba8266ef65043fc4e25a78541a185d8ec6246",
        "basename": "ef0ba8266ef65043fc4e25a78541a185d8ec6246",
        "class": "File",
        "checksum": "sha1$da39a3ee5e6b4b0d3255bfef95601890afd80709",
        "size": 0,
        "path": "/tmp/tmp3kd_3rev/ef0ba8266ef65043fc4e25a78541a185d8ec6246"
    },
    "stdout_file": {
        "location": "file:///tmp/tmp3kd_3rev/427a8c64477e00af8a376107edcb31963825ebe5",
        "basename": "427a8c64477e00af8a376107edcb31963825ebe5",
        "class": "File",
        "checksum": "sha1$1555252d52d4ec3262538a4426a83a99cfff4402",
        "size": 9,
        "path": "/tmp/tmp3kd_3rev/427a8c64477e00af8a376107edcb31963825ebe5"
    }
}</system-out>
		</testcase>
		<testcase name="Test that shell directives are quoted." time="2.483552" class="shell_command, command_line_tool" file="shelldir_quoted" url="cwltest:conformance_tests#117">
			<system-out>{
    "stderr_file": {
        "location": "file:///tmp/tmpg3wv3ttj/a915c72b5611295c47f6193e28f9aa77bcaf61e6",
        "basename": "a915c72b5611295c47f6193e28f9aa77bcaf61e6",
        "class": "File",
        "checksum": "sha1$da39a3ee5e6b4b0d3255bfef95601890afd80709",
        "size": 0,
        "path": "/tmp/tmpg3wv3ttj/a915c72b5611295c47f6193e28f9aa77bcaf61e6"
    },
    "stdout_file": {
        "location": "file:///tmp/tmpg3wv3ttj/5c5fb0f0f6d42c47085d0643acfe3cca1bac2ab8",
        "basename": "5c5fb0f0f6d42c47085d0643acfe3cca1bac2ab8",
        "class": "File",
        "checksum": "sha1$1555252d52d4ec3262538a4426a83a99cfff4402",
        "size": 9,
        "path": "/tmp/tmpg3wv3ttj/5c5fb0f0f6d42c47085d0643acfe3cca1bac2ab8"
    }
}</system-out>
		</testcase>
		<testcase name="Test empty writable dir with InitialWorkDirRequirement" time="4.165076" class="inline_javascript, initial_work_dir, command_line_tool" file="initial_workdir_empty_writable" url="cwltest:conformance_tests#118">
			<system-out>{
    "out": {
        "location": "file:///tmp/tmpcxtb5jl2/emptyWritableDir",
        "basename": "emptyWritableDir",
        "class": "Directory",
        "listing": [
            {
                "class": "File",
                "location": "file:///tmp/tmpcxtb5jl2/emptyWritableDir/blurg",
                "basename": "blurg",
                "size": 0,
                "checksum": "sha1$da39a3ee5e6b4b0d3255bfef95601890afd80709",
                "path": "/tmp/tmpcxtb5jl2/emptyWritableDir/blurg"
            }
        ],
        "path": "/tmp/tmpcxtb5jl2/emptyWritableDir"
    }
}</system-out>
		</testcase>
		<testcase name="Test empty writable dir with InitialWorkDirRequirement inside Docker" time="5.527615" class="inline_javascript, initial_work_dir, command_line_tool" file="initial_workdir_empty_writable_docker" url="cwltest:conformance_tests#119">
			<system-out>{
    "out": {
        "location": "file:///tmp/tmpx8dqn03q/emptyWritableDir",
        "basename": "emptyWritableDir",
        "class": "Directory",
        "listing": [
            {
                "class": "File",
                "location": "file:///tmp/tmpx8dqn03q/emptyWritableDir/blurg",
                "basename": "blurg",
                "size": 0,
                "checksum": "sha1$da39a3ee5e6b4b0d3255bfef95601890afd80709",
                "path": "/tmp/tmpx8dqn03q/emptyWritableDir/blurg"
            }
        ],
        "path": "/tmp/tmpx8dqn03q/emptyWritableDir"
    }
}</system-out>
		</testcase>
		<testcase name="Test dynamic resource reqs referencing inputs" time="2.805432" class="resource, command_line_tool" file="dynamic_resreq_inputs" url="cwltest:conformance_tests#120">
			<system-out>{
    "output": {
        "location": "file:///tmp/tmphxeqqcw9/cores.txt",
        "basename": "cores.txt",
        "class": "File",
        "checksum": "sha1$7448d8798a4380162d4b56f9b452e2f6f9e24e7a",
        "size": 2,
        "path": "/tmp/tmphxeqqcw9/cores.txt"
    }
}</system-out>
		</testcase>
		<testcase name="Test file literal as input without Docker" time="2.802047" class="required, command_line_tool" file="fileliteral_input_docker" url="cwltest:conformance_tests#121">
			<system-out>{
    "output_file": {
        "location": "file:///tmp/tmp_6mh4bvt/output.txt",
        "basename": "output.txt",
        "class": "File",
        "checksum": "sha1$d0e04ff6c413c7d57f9a0ca0a33cd3ab52e2dd9c",
        "size": 18,
        "path": "/tmp/tmp_6mh4bvt/output.txt"
    }
}</system-out>
		</testcase>
		<testcase name="Test that OutputBinding.glob is sorted as specified by POSIX" time="2.486297" class="required, command_line_tool" file="outputbinding_glob_sorted" url="cwltest:conformance_tests#122">
			<system-out>{
    "letters": [
        {
            "location": "file:///tmp/tmp8vywb6h0/a",
            "basename": "a",
            "class": "File",
            "checksum": "sha1$da39a3ee5e6b4b0d3255bfef95601890afd80709",
            "size": 0,
            "path": "/tmp/tmp8vywb6h0/a"
        },
        {
            "location": "file:///tmp/tmp8vywb6h0/b",
            "basename": "b",
            "class": "File",
            "checksum": "sha1$da39a3ee5e6b4b0d3255bfef95601890afd80709",
            "size": 0,
            "path": "/tmp/tmp8vywb6h0/b"
        },
        {
            "location": "file:///tmp/tmp8vywb6h0/c",
            "basename": "c",
            "class": "File",
            "checksum": "sha1$da39a3ee5e6b4b0d3255bfef95601890afd80709",
            "size": 0,
            "path": "/tmp/tmp8vywb6h0/c"
        },
        {
            "location": "file:///tmp/tmp8vywb6h0/w",
            "basename": "w",
            "class": "File",
            "checksum": "sha1$da39a3ee5e6b4b0d3255bfef95601890afd80709",
            "size": 0,
            "path": "/tmp/tmp8vywb6h0/w"
        },
        {
            "location": "file:///tmp/tmp8vywb6h0/x",
            "basename": "x",
            "class": "File",
            "checksum": "sha1$da39a3ee5e6b4b0d3255bfef95601890afd80709",
            "size": 0,
            "path": "/tmp/tmp8vywb6h0/x"
        },
        {
            "location": "file:///tmp/tmp8vywb6h0/y",
            "basename": "y",
            "class": "File",
            "checksum": "sha1$da39a3ee5e6b4b0d3255bfef95601890afd80709",
            "size": 0,
            "path": "/tmp/tmp8vywb6h0/y"
        },
        {
            "location": "file:///tmp/tmp8vywb6h0/z",
            "basename": "z",
            "class": "File",
            "checksum": "sha1$da39a3ee5e6b4b0d3255bfef95601890afd80709",
            "size": 0,
            "path": "/tmp/tmp8vywb6h0/z"
        }
    ]
}</system-out>
		</testcase>
		<testcase name="Test InitialWorkDirRequirement with a nested directory structure from another step" time="2.466131" class="initial_work_dir, workflow" file="initialworkdir_nesteddir" url="cwltest:conformance_tests#123">
			<system-out>{
    "ya_empty": {
        "location": "file:///tmp/tmplk2kaaz_/ya",
        "basename": "ya",
        "class": "File",
        "checksum": "sha1$da39a3ee5e6b4b0d3255bfef95601890afd80709",
        "size": 0,
        "path": "/tmp/tmplk2kaaz_/ya"
    }
}</system-out>
		</testcase>
		<testcase name="Test that boolean flags do not appear on command line if inputBinding is empty and not null" time="4.180599" class="required, command_line_tool" file="booleanflags_cl_noinputbinding" url="cwltest:conformance_tests#124">
			<system-out>{
    "args": []
}</system-out>
		</testcase>
		<testcase name="Test that expression engine does not fail to evaluate reference to self with unprovided input" time="3.844924" class="required, command_line_tool" file="expr_reference_self_noinput" url="cwltest:conformance_tests#125">
			<system-out>{
    "args": []
}</system-out>
		</testcase>
		<testcase name="Test successCodes" time="2.237144" class="required, command_line_tool" file="success_codes" url="cwltest:conformance_tests#126">
			<system-out>{}</system-out>
		</testcase>
		<testcase name="Test simple workflow with a dynamic resource requirement" time="2.433540" class="resource, workflow" file="dynamic_resreq_wf" url="cwltest:conformance_tests#127">
			<system-out>{
    "cores": {
        "location": "file:///tmp/tmptegwa0l1/output",
        "basename": "output",
        "class": "File",
        "checksum": "sha1$7448d8798a4380162d4b56f9b452e2f6f9e24e7a",
        "size": 2,
        "path": "/tmp/tmptegwa0l1/output"
    }
}</system-out>
		</testcase>
		<testcase name="Test that empty array input does not add anything to command line" time="3.095671" class="required, command_line_tool" file="cl_empty_array_input" url="cwltest:conformance_tests#128">
			<system-out>{
    "args": []
}</system-out>
		</testcase>
		<testcase name="Test that ResourceRequirement on a step level redefines requirement on the workflow level" time="2.346508" class="resource, workflow" file="resreq_step_overrides_wf" url="cwltest:conformance_tests#129">
			<system-out>{
    "out": {
        "location": "file:///tmp/tmpbl0dc27t/cores.txt",
        "basename": "cores.txt",
        "class": "File",
        "checksum": "sha1$e5fa44f2b31c1fb553b6021e7360d07d5d91ff5e",
        "size": 2,
        "path": "/tmp/tmpbl0dc27t/cores.txt"
    }
}</system-out>
		</testcase>
		<testcase name="Test valueFrom with constant value overriding provided array inputs" time="3.205913" class="required, command_line_tool" file="valuefrom_constant_overrides_inputs" url="cwltest:conformance_tests#130">
			<system-out>{
    "args": [
        "replacementValue"
    ]
}</system-out>
		</testcase>
		<testcase name="Test dynamic resource reqs referencing the size of Files inside a Directory" time="3.826829" class="resource, command_line_tool" file="dynamic_resreq_filesizes" url="cwltest:conformance_tests#131">
			<system-out>{
    "output": {
        "location": "file:///tmp/tmpuaqugvp4/cores.txt",
        "basename": "cores.txt",
        "class": "File",
        "checksum": "sha1$7448d8798a4380162d4b56f9b452e2f6f9e24e7a",
        "size": 2,
        "path": "/tmp/tmpuaqugvp4/cores.txt"
    }
}</system-out>
		</testcase>
		<testcase name="Test that it is not an error to connect a parameter to a workflow step, even if the parameter doesn't appear in the `run` process inputs." time="2.568847" class="required, workflow" file="wf_step_connect_undeclared_param" url="cwltest:conformance_tests#132">
			<system-out>{
    "out": "hello inp1\n"
}</system-out>
		</testcase>
		<testcase name="Test that parameters that don't appear in the `run` process inputs are not present in the input object used to run the tool." time="2.093901" class="required, workflow" file="wf_step_access_undeclared_param" url="cwltest:conformance_tests#133">
			<system-out>{
    "out": null
}</system-out>
		</testcase>
		<testcase name="Test $HOME and $TMPDIR are set correctly in Docker without using return code" time="2.770593" class="shell_command, command_line_tool" file="env_home_tmpdir_docker" url="cwltest:conformance_tests#134">
			<system-out>{
    "results": {
        "location": "file:///tmp/tmp_9_3srq1/results",
        "basename": "results",
        "class": "File",
        "checksum": "sha1$7d5ca8c0c03e883c56c4eb1ef6f6bb9bccad4d86",
        "size": 8,
        "path": "/tmp/tmp_9_3srq1/results"
    }
}</system-out>
		</testcase>
		<testcase name="Test workflow scatter with single scatter parameter and two valueFrom using $inputs (first and current el)" time="2.249457" class="scatter, step_input, workflow" file="wf_scatter_oneparam_valuefrom_inputs" url="cwltest:conformance_tests#135">
			<system-out>{
    "out": [
        "foo one one",
        "foo one two",
        "foo one three",
        "foo one four"
    ]
}</system-out>
		</testcase>
		<testcase name="SchemaDefRequirement with $import, and packed" time="3.927106" class="schema_def, workflow" file="packed_import_schema" url="cwltest:conformance_tests#136">
			<system-out>{
    "output_bam": {
        "location": "file:///tmp/tmpx736_o6t/a.bam",
        "basename": "a.bam",
        "class": "File",
        "checksum": "sha1$da39a3ee5e6b4b0d3255bfef95601890afd80709",
        "size": 0,
        "path": "/tmp/tmpx736_o6t/a.bam"
    }
}</system-out>
		</testcase>
		<testcase name="Test specifying secondaryFiles in subdirectories of the job input document." time="2.110495" class="shell_command, command_line_tool" file="job_input_secondary_subdirs" url="cwltest:conformance_tests#137">
			<system-out>{
    "outlist": {
        "location": "file:///tmp/tmp59k5wktw/output.txt",
        "basename": "output.txt",
        "class": "File",
        "checksum": "sha1$9d9bc8f5252d39274b5dfbac64216c6e888f5dfc",
        "size": 14,
        "path": "/tmp/tmp59k5wktw/output.txt"
    }
}</system-out>
		</testcase>
		<testcase name="Test specifying secondaryFiles in same subdirectory of the job input as the primary input file." time="1.984471" class="shell_command, command_line_tool" file="job_input_subdir_primary_and_secondary_subdirs" url="cwltest:conformance_tests#138">
			<system-out>{
    "outlist": {
        "location": "file:///tmp/tmpgpqk4ba4/output.txt",
        "basename": "output.txt",
        "class": "File",
        "checksum": "sha1$9d9bc8f5252d39274b5dfbac64216c6e888f5dfc",
        "size": 14,
        "path": "/tmp/tmpgpqk4ba4/output.txt"
    }
}</system-out>
		</testcase>
		<testcase name="Test simple scatter over an embedded subworkflow" time="6.093636" class="workflow, inline_javascript" file="scatter_embedded_subworkflow" url="cwltest:conformance_tests#139">
			<system-out>{
    "count_output": [
        16,
        1
    ]
}</system-out>
		</testcase>
		<testcase name="Test simple multiple input scatter over an embedded subworkflow" time="6.520088" class="workflow, scatter, subworkflow, multiple_input, inline_javascript" file="scatter_multi_input_embedded_subworkflow" url="cwltest:conformance_tests#140">
			<system-out>{
    "count_output": [
        16,
        1
    ]
}</system-out>
		</testcase>
		<testcase name="Test twice nested subworkflow" time="6.686911" class="workflow, subworkflow, inline_javascript" file="workflow_embedded_subworkflow_embedded_subsubworkflow" url="cwltest:conformance_tests#141">
			<system-out>{
    "count_output": 16
}</system-out>
		</testcase>
		<testcase name="Test subworkflow of mixed depth with tool first" time="6.474667" class="workflow, subworkflow, inline_javascript" file="workflow_embedded_subworkflow_with_tool_and_subsubworkflow" url="cwltest:conformance_tests#142">
			<system-out>{
    "count_output": 16
}</system-out>
		</testcase>
		<testcase name="Test subworkflow of mixed depth with tool after" time="6.168645" class="workflow, subworkflow, inline_javascript" file="workflow_embedded_subworkflow_with_subsubworkflow_and_tool" url="cwltest:conformance_tests#143">
			<system-out>{
    "count_output": 16
}</system-out>
		</testcase>
		<testcase name="Test record type inputs to and outputs from workflows." time="2.817725" class="workflow, shell_command" file="workflow_records_inputs_and_outputs" url="cwltest:conformance_tests#144">
			<system-out>{
    "orec": {
        "ofoo": {
            "location": "file:///tmp/tmpjp24gxcx/foo",
            "basename": "foo",
            "class": "File",
            "checksum": "sha1$327fc7aedf4f6b69a42a7c8b808dc5a7aff61376",
            "size": 1111,
            "path": "/tmp/tmpjp24gxcx/foo"
        },
        "obar": {
            "location": "file:///tmp/tmpjp24gxcx/bar",
            "basename": "bar",
            "class": "File",
            "checksum": "sha1$aeb3d11bdf536511649129f4077d5cda6a324118",
            "size": 12010,
            "path": "/tmp/tmpjp24gxcx/bar"
        }
    }
}</system-out>
		</testcase>
		<testcase name="Test integer workflow input and outputs" time="3.452437" class="workflow, inline_javascript, expression_tool" file="workflow_integer_input" url="cwltest:conformance_tests#145">
			<system-out>{
    "o": 10
}</system-out>
		</testcase>
		<testcase name="Test optional integer workflow inputs (specified)" time="4.213923" class="workflow, inline_javascript, expression_tool" file="workflow_integer_input_optional_specified" url="cwltest:conformance_tests#146">
			<system-out>{
    "o": 10
}</system-out>
		</testcase>
		<testcase name="Test optional integer workflow inputs (unspecified)" time="3.863785" class="workflow, inline_javascript, expression_tool" file="workflow_integer_input_optional_unspecified" url="cwltest:conformance_tests#147">
			<system-out>{
    "o": 4
}</system-out>
		</testcase>
		<testcase name="Test default integer workflow inputs (specified)" time="4.401769" class="workflow, inline_javascript, expression_tool" file="workflow_integer_input_default_specified" url="cwltest:conformance_tests#148">
			<system-out>{
    "o": 10
}</system-out>
		</testcase>
		<testcase name="Test default integer workflow inputs (unspecified)" time="4.124232" class="workflow, inline_javascript, expression_tool" file="workflow_integer_input_default_unspecified" url="cwltest:conformance_tests#149">
			<system-out>{
    "o": 8
}</system-out>
		</testcase>
		<testcase name="Test default integer tool and workflow inputs (unspecified)" time="4.186665" class="workflow, inline_javascript, expression_tool" file="workflow_integer_input_default_and_tool_integer_input_default" url="cwltest:conformance_tests#150">
			<system-out>{
    "o": 13
}</system-out>
		</testcase>
		<testcase name="Test File input with default unspecified to workflow" time="2.331877" class="workflow" file="workflow_file_input_default_unspecified" url="cwltest:conformance_tests#151">
			<system-out>{
    "o": {
        "location": "file:///tmp/tmp7zy3xkd4/output",
        "basename": "output",
        "class": "File",
        "checksum": "sha1$327fc7aedf4f6b69a42a7c8b808dc5a7aff61376",
        "size": 1111,
        "path": "/tmp/tmp7zy3xkd4/output"
    }
}</system-out>
		</testcase>
		<testcase name="Test File input with default specified to workflow" time="2.296315" class="workflow" file="workflow_file_input_default_specified" url="cwltest:conformance_tests#152">
			<system-out>{
    "o": {
        "location": "file:///tmp/tmpyefdx5x9/output",
        "basename": "output",
        "class": "File",
        "checksum": "sha1$47a013e660d408619d894b20806b1d5086aab03b",
        "size": 13,
        "path": "/tmp/tmpyefdx5x9/output"
    }
}</system-out>
		</testcase>
		<testcase name="Test input union type or File or File array to a tool with one file in array specified." time="6.729949" class="command_line_tool, inline_javascript" file="clt_optional_union_input_file_or_files_with_array_of_one_file_provided" url="cwltest:conformance_tests#153">
			<system-out>{
    "output_file": {
        "location": "file:///tmp/tmptcdr5w2a/output.txt",
        "basename": "output.txt",
        "class": "File",
        "checksum": "sha1$da39a3ee5e6b4b0d3255bfef95601890afd80709",
        "size": 0,
        "path": "/tmp/tmptcdr5w2a/output.txt"
    }
}</system-out>
		</testcase>
		<testcase name="Test input union type or File or File array to a tool with a few files in array specified." time="7.290311" class="command_line_tool, inline_javascript" file="clt_optional_union_input_file_or_files_with_many_files_provided" url="cwltest:conformance_tests#154">
			<system-out>{
    "output_file": {
        "location": "file:///tmp/tmpdcmd_vyv/output.txt",
        "basename": "output.txt",
        "class": "File",
        "checksum": "sha1$6d1723861ad5a1260f1c3c07c93076c5a215f646",
        "size": 1114,
        "path": "/tmp/tmpdcmd_vyv/output.txt"
    }
}</system-out>
		</testcase>
		<testcase name="Test input union type or File or File array to a tool with one file specified." time="6.981708" class="command_line_tool, inline_javascript" file="clt_optional_union_input_file_or_files_with_single_file_provided" url="cwltest:conformance_tests#155">
			<system-out>{
    "output_file": {
        "location": "file:///tmp/tmpc9pjytfz/output.txt",
        "basename": "output.txt",
        "class": "File",
        "checksum": "sha1$327fc7aedf4f6b69a42a7c8b808dc5a7aff61376",
        "size": 1111,
        "path": "/tmp/tmpc9pjytfz/output.txt"
    }
}</system-out>
		</testcase>
		<testcase name="Test input union type or File or File array to a tool with null specified." time="7.092328" class="command_line_tool, inline_javascript" file="clt_optional_union_input_file_or_files_with_nothing_provided" url="cwltest:conformance_tests#156">
			<system-out>{
    "output_file": {
        "location": "file:///tmp/tmpqdmb9kt_/output.txt",
        "basename": "output.txt",
        "class": "File",
        "checksum": "sha1$503458abf7614be3fb26d85ff5d8f3e17aa0a552",
        "size": 10,
        "path": "/tmp/tmpqdmb9kt_/output.txt"
    }
}</system-out>
		</testcase>
		<testcase name="Test Any parameter with integer input to a tool" time="7.540799" class="command_line_tool, inline_javascript" file="clt_any_input_with_integer_provided" url="cwltest:conformance_tests#157">
			<system-out>{
    "t1": 7
}</system-out>
		</testcase>
		<testcase name="Test Any parameter with string input to a tool" time="7.565200" class="command_line_tool, inline_javascript" file="clt_any_input_with_string_provided" url="cwltest:conformance_tests#158">
			<system-out>{
    "t1": "7"
}</system-out>
		</testcase>
		<testcase name="Test Any parameter with file input to a tool" time="7.277485" class="command_line_tool, inline_javascript" file="clt_any_input_with_file_provided" url="cwltest:conformance_tests#159">
			<system-out>{
    "t1": "File"
}</system-out>
		</testcase>
		<testcase name="Test Any parameter with array input to a tool" time="7.163067" class="command_line_tool, inline_javascript" file="clt_any_input_with_mixed_array_provided" url="cwltest:conformance_tests#160">
			<system-out>{
    "t1": [
        1,
        "moocow"
    ]
}</system-out>
		</testcase>
[...]
        "checksum": "sha1$da39a3ee5e6b4b0d3255bfef95601890afd80709",
        "path": "/tmp/tmpa1sgdbsi/A"
    },
    "record_output": {
        "f2out": {
            "class": "File",
            "location": "file:///tmp/tmpa1sgdbsi/B",
            "size": 0,
            "basename": "B",
            "format": "http://example.com/format2",
            "checksum": "sha1$da39a3ee5e6b4b0d3255bfef95601890afd80709",
            "path": "/tmp/tmpa1sgdbsi/B"
        }
    }
}</system-out>
		</testcase>
		<testcase name="Test WorkflowInputParameter.inputBinding.loadContents" time="5.976923" class="workflow, step_input, inline_javascript, expression_tool" file="workflow_input_inputBinding_loadContents" url="cwltest:conformance_tests#210">
			<system-out>{
    "my_int": 42
}</system-out>
		</testcase>
		<testcase name="Test WorkflowInputParameter.loadContents" time="5.507641" class="workflow, step_input, inline_javascript, expression_tool" file="workflow_input_loadContents_without_inputBinding" url="cwltest:conformance_tests#211">
			<system-out>{
    "my_int": 42
}</system-out>
		</testcase>
		<testcase name="Test loadContents on InputParameter.loadContents (expression)" time="6.073487" class="workflow, step_input, inline_javascript, expression_tool" file="expression_tool_input_loadContents" url="cwltest:conformance_tests#212">
			<system-out>{
    "my_int": 42
}</system-out>
		</testcase>
		<testcase name="Test WorkflowStepInput.loadContents" time="5.727964" class="workflow, step_input, inline_javascript, expression_tool" file="workflow_step_in_loadContents" url="cwltest:conformance_tests#213">
			<system-out>{
    "my_int": 42
}</system-out>
		</testcase>
		<testcase name="Test that job fails when exceeding time limit" time="4.928281" class="command_line_tool, timelimit" file="timelimit_basic" url="cwltest:conformance_tests#214">
			<system-out>{}</system-out>
		</testcase>
		<testcase name="Test invalid time limit value" time="1.865653" class="command_line_tool, timelimit" file="timelimit_invalid" url="cwltest:conformance_tests#215"/>
		<testcase name="Test zero timelimit means no limit" time="16.961127" class="command_line_tool, timelimit" file="timelimit_zero_unlimited" url="cwltest:conformance_tests#216">
			<system-out>{}</system-out>
		</testcase>
		<testcase name="Test expression in time limit" time="6.501549" class="command_line_tool, timelimit, inline_javascript" file="timelimit_from_expression" url="cwltest:conformance_tests#217">
			<system-out>{}</system-out>
		</testcase>
		<testcase name="Test timelimit in expressiontool is ignored" time="10.119386" class="expression_tool, timelimit, inline_javascript" file="timelimit_expressiontool" url="cwltest:conformance_tests#218">
			<system-out>{
    "status": "Done"
}</system-out>
		</testcase>
		<testcase name="Test that tool in workflow fails when exceeding time limit" time="1.465906" class="workflow, timelimit" file="timelimit_basic_wf" url="cwltest:conformance_tests#219"/>
		<testcase name="Test that workflow level time limit is not applied to workflow execution time" time="9.650237" class="workflow, timelimit, inline_javascript" file="timelimit_invalid_wf" url="cwltest:conformance_tests#220">
			<system-out>{
    "o": "time passed"
}</system-out>
		</testcase>
		<testcase name="Test zero timelimit means no limit in workflow" time="13.974813" class="workflow, timelimit, inline_javascript" file="timelimit_zero_unlimited_wf" url="cwltest:conformance_tests#221">
			<system-out>{
    "o": "time passed"
}</system-out>
		</testcase>
		<testcase name="Test expression in time limit in workflow" time="1.511735" class="workflow, timelimit, inline_javascript" file="timelimit_from_expression_wf" url="cwltest:conformance_tests#222"/>
		<testcase name="Test networkaccess enabled" time="6.985274" class="command_line_tool, networkaccess" file="networkaccess" url="cwltest:conformance_tests#223">
			<system-out>{}</system-out>
		</testcase>
		<testcase name="Test networkaccess is disabled by default" time="6.064349" class="networkaccess" file="networkaccess_disabled" url="cwltest:conformance_tests#224">
			<system-out>{}</system-out>
		</testcase>
		<testcase name="Test null and array input in InitialWorkDirRequirement" time="2.370696" class="resource, command_line_tool" url="cwltest:conformance_tests#225">
			<system-out>{
    "output": {
        "location": "file:///tmp/tmpth5z7qk7/lsout",
        "basename": "lsout",
        "class": "File",
        "checksum": "sha1$e453d26efd859a9abc80ae1a1d9d63db72376053",
        "size": 32,
        "path": "/tmp/tmpth5z7qk7/lsout"
    }
}</system-out>
		</testcase>
		<testcase name="Test array of directories InitialWorkDirRequirement" time="2.034637" class="resource, command_line_tool" url="cwltest:conformance_tests#226">
			<system-out>{
    "output": [
        {
            "location": "file:///tmp/tmpboqnqafv/a",
            "basename": "a",
            "class": "File",
            "checksum": "sha1$da39a3ee5e6b4b0d3255bfef95601890afd80709",
            "size": 0,
            "path": "/tmp/tmpboqnqafv/a"
        },
        {
            "location": "file:///tmp/tmpboqnqafv/B",
            "basename": "B",
            "class": "File",
            "checksum": "sha1$da39a3ee5e6b4b0d3255bfef95601890afd80709",
            "size": 0,
            "path": "/tmp/tmpboqnqafv/B"
        }
    ]
}</system-out>
		</testcase>
		<testcase name="Test requirements in input document via EnvVarRequirement" time="1.925292" class="command_line_tool, input_object_requirements" file="cwl_requirements_addition" url="cwltest:conformance_tests#227">
			<system-out>{
    "out": {
        "location": "file:///tmp/tmp1kb0xwwv/out",
        "basename": "out",
        "class": "File",
        "checksum": "sha1$b3ec4ed1749c207e52b3a6d08c59f31d83bff519",
        "size": 15,
        "path": "/tmp/tmp1kb0xwwv/out"
    }
}</system-out>
		</testcase>
		<testcase name="Test conflicting requirements in input document via EnvVarRequirement and expression" time="2.004484" class="command_line_tool, input_object_requirements" file="cwl_requirements_override_expression" url="cwltest:conformance_tests#228">
			<system-out>{
    "out": {
        "location": "file:///tmp/tmpucg5zkdk/out",
        "basename": "out",
        "class": "File",
        "checksum": "sha1$b3ec4ed1749c207e52b3a6d08c59f31d83bff519",
        "size": 15,
        "path": "/tmp/tmpucg5zkdk/out"
    }
}</system-out>
		</testcase>
		<testcase name="Test conflicting requirements in input document via EnvVarRequirement" time="2.531178" class="command_line_tool, input_object_requirements" file="cwl_requirements_override_static" url="cwltest:conformance_tests#229">
			<system-out>{
    "out": {
        "location": "file:///tmp/tmpp4yqz850/out",
        "basename": "out",
        "class": "File",
        "checksum": "sha1$715e62184492851512a020c36ab7118eca114a59",
        "size": 23,
        "path": "/tmp/tmpp4yqz850/out"
    }
}</system-out>
		</testcase>
		<testcase name="Test output of InitialWorkDir" time="2.005575" class="initial_work_dir" url="cwltest:conformance_tests#230">
			<system-out>{
    "OUTPUT": {
        "location": "file:///tmp/tmpjxyg4z5y/ref.fasta",
        "basename": "ref.fasta",
        "class": "File",
        "checksum": "sha1$aeb3d11bdf536511649129f4077d5cda6a324118",
        "size": 12010,
        "secondaryFiles": [
            {
                "basename": "ref.fasta.fai",
                "location": "file:///tmp/tmpjxyg4z5y/ref.fasta.fai",
                "class": "File",
                "size": 0,
                "checksum": "sha1$da39a3ee5e6b4b0d3255bfef95601890afd80709",
                "path": "/tmp/tmpjxyg4z5y/ref.fasta.fai"
            }
        ],
        "path": "/tmp/tmpjxyg4z5y/ref.fasta"
    }
}</system-out>
		</testcase>
		<testcase name="Test if full paths are allowed in glob" time="1.944342" class="initial_work_dir" url="cwltest:conformance_tests#231">
			<system-out>{
    "OUTPUT": {
        "location": "file:///tmp/tmp4y42x9fd/ref.fasta",
        "basename": "ref.fasta",
        "class": "File",
        "checksum": "sha1$aeb3d11bdf536511649129f4077d5cda6a324118",
        "size": 12010,
        "secondaryFiles": [
            {
                "basename": "ref.fasta.fai",
                "location": "file:///tmp/tmp4y42x9fd/ref.fasta.fai",
                "class": "File",
                "size": 0,
                "checksum": "sha1$da39a3ee5e6b4b0d3255bfef95601890afd80709",
                "path": "/tmp/tmp4y42x9fd/ref.fasta.fai"
            }
        ],
        "path": "/tmp/tmp4y42x9fd/ref.fasta"
    }
}</system-out>
		</testcase>
		<testcase name="Test fail trying to glob outside output directory" time="4.656390" class="required" url="cwltest:conformance_tests#232">
			<system-out>{}</system-out>
		</testcase>
		<testcase name="symlink to file outside of working directory should NOT be retrieved" time="2.846118" class="required" url="cwltest:conformance_tests#233">
			<system-out>{}</system-out>
		</testcase>
		<testcase name="symlink to file inside of working directory should be retrieved" time="2.755917" class="required" url="cwltest:conformance_tests#234">
			<system-out>{
    "output_file": {
        "location": "file:///tmp/tmpec2ghhb4/symlink.txt",
        "basename": "symlink.txt",
        "class": "File",
        "checksum": "sha1$cd28ec34f3f9425aca544b6332453708e8aaa82a",
        "size": 27,
        "path": "/tmp/tmpec2ghhb4/symlink.txt"
    }
}</system-out>
		</testcase>
		<testcase name="inplace update has side effect on file content" time="12.466021" class="inplace_update" url="cwltest:conformance_tests#235">
			<system-out>{
    "a": 4,
    "b": 4
}</system-out>
		</testcase>
		<testcase name="inplace update has side effect on directory content" time="3.479572" class="inplace_update" url="cwltest:conformance_tests#236">
			<system-out>{
    "a": [
        {
            "class": "File",
            "location": "file:///tmp/tmpxpowpgq5/blurb",
            "basename": "blurb",
            "size": 0,
            "checksum": "sha1$da39a3ee5e6b4b0d3255bfef95601890afd80709",
            "path": "/tmp/tmpxpowpgq5/blurb"
        }
    ],
    "b": [
        {
            "class": "File",
            "location": "file:///tmp/tmpxpowpgq5/blurb",
            "basename": "blurb",
            "size": 0,
            "checksum": "sha1$da39a3ee5e6b4b0d3255bfef95601890afd80709",
            "path": "/tmp/tmpxpowpgq5/blurb"
        }
    ]
}</system-out>
		</testcase>
		<testcase name="Test that OutputBinding.glob accepts Directories" time="2.877645" class="required, command_line_tool" file="outputbinding_glob_directory" url="cwltest:conformance_tests#237">
			<system-out>{
    "directories": [
        {
            "location": "file:///tmp/tmph12qtsrz/a_dir",
            "basename": "a_dir",
            "class": "Directory",
            "listing": [],
            "path": "/tmp/tmph12qtsrz/a_dir"
        },
        {
            "location": "file:///tmp/tmph12qtsrz/b_dir",
            "basename": "b_dir",
            "class": "Directory",
            "listing": [],
            "path": "/tmp/tmph12qtsrz/b_dir"
        },
        {
            "location": "file:///tmp/tmph12qtsrz/c_dir",
            "basename": "c_dir",
            "class": "Directory",
            "listing": [],
            "path": "/tmp/tmph12qtsrz/c_dir"
        }
    ]
}</system-out>
		</testcase>
		<testcase name="Test that array of input files can be staged to directory with entryname" time="7.606992" class="required, command_line_tool" file="stage_file_array" url="cwltest:conformance_tests#238">
			<system-out>{
    "output": [
        {
            "location": "file:///tmp/tmp4_ip3flj/sfa-1.txt",
            "basename": "sfa-1.txt",
            "class": "File",
            "checksum": "sha1$4c1cd0638ab3580310823fd1556d27ecb4816df6",
            "size": 49,
            "path": "/tmp/tmp4_ip3flj/sfa-1.txt"
        },
        {
            "location": "file:///tmp/tmp4_ip3flj/sfa-1.txt.sec",
            "basename": "sfa-1.txt.sec",
            "class": "File",
            "checksum": "sha1$40f4ee1bcd1a9466fcd2e48cf7fc3798025d2f9a",
            "size": 59,
            "path": "/tmp/tmp4_ip3flj/sfa-1.txt.sec"
        },
        {
            "location": "file:///tmp/tmp4_ip3flj/sfa-2.txt",
            "basename": "sfa-2.txt",
            "class": "File",
            "checksum": "sha1$4c1cd0638ab3580310823fd1556d27ecb4816df6",
            "size": 49,
            "path": "/tmp/tmp4_ip3flj/sfa-2.txt"
        },
        {
            "location": "file:///tmp/tmp4_ip3flj/sfa-2.txt.sec",
            "basename": "sfa-2.txt.sec",
            "class": "File",
            "checksum": "sha1$40f4ee1bcd1a9466fcd2e48cf7fc3798025d2f9a",
            "size": 59,
            "path": "/tmp/tmp4_ip3flj/sfa-2.txt.sec"
        }
    ]
}</system-out>
		</testcase>
		<testcase name="Test that array of input files can be staged to directory with basename" time="7.645334" class="required, command_line_tool" file="stage_file_array" url="cwltest:conformance_tests#239">
			<system-out>{
    "output": [
        {
            "location": "file:///tmp/tmpq5977ii7/sfa-1.txt",
            "basename": "sfa-1.txt",
            "class": "File",
            "checksum": "sha1$4c1cd0638ab3580310823fd1556d27ecb4816df6",
            "size": 49,
            "path": "/tmp/tmpq5977ii7/sfa-1.txt"
        },
        {
            "location": "file:///tmp/tmpq5977ii7/sfa-1.txt.sec",
            "basename": "sfa-1.txt.sec",
            "class": "File",
            "checksum": "sha1$40f4ee1bcd1a9466fcd2e48cf7fc3798025d2f9a",
            "size": 59,
            "path": "/tmp/tmpq5977ii7/sfa-1.txt.sec"
        },
        {
            "location": "file:///tmp/tmpq5977ii7/sfa-2.txt",
            "basename": "sfa-2.txt",
            "class": "File",
            "checksum": "sha1$4c1cd0638ab3580310823fd1556d27ecb4816df6",
            "size": 49,
            "path": "/tmp/tmpq5977ii7/sfa-2.txt"
        },
        {
            "location": "file:///tmp/tmpq5977ii7/sfa-2.txt.sec",
            "basename": "sfa-2.txt.sec",
            "class": "File",
            "checksum": "sha1$40f4ee1bcd1a9466fcd2e48cf7fc3798025d2f9a",
            "size": 59,
            "path": "/tmp/tmpq5977ii7/sfa-2.txt.sec"
        }
    ]
}</system-out>
		</testcase>
		<testcase name="Test that if array of input files are staged to directory with basename and entryname, entryname overrides" time="7.122683" class="required, command_line_tool" file="stage_file_array" url="cwltest:conformance_tests#240">
			<system-out>{
    "output": [
        {
            "location": "file:///tmp/tmp2h368ljs/sfa-1.txt",
            "basename": "sfa-1.txt",
            "class": "File",
            "checksum": "sha1$4c1cd0638ab3580310823fd1556d27ecb4816df6",
            "size": 49,
            "path": "/tmp/tmp2h368ljs/sfa-1.txt"
        },
        {
            "location": "file:///tmp/tmp2h368ljs/sfa-1.txt.sec",
            "basename": "sfa-1.txt.sec",
            "class": "File",
            "checksum": "sha1$40f4ee1bcd1a9466fcd2e48cf7fc3798025d2f9a",
            "size": 59,
            "path": "/tmp/tmp2h368ljs/sfa-1.txt.sec"
        },
        {
            "location": "file:///tmp/tmp2h368ljs/sfa-2.txt",
            "basename": "sfa-2.txt",
            "class": "File",
            "checksum": "sha1$4c1cd0638ab3580310823fd1556d27ecb4816df6",
            "size": 49,
            "path": "/tmp/tmp2h368ljs/sfa-2.txt"
        },
        {
            "location": "file:///tmp/tmp2h368ljs/sfa-2.txt.sec",
            "basename": "sfa-2.txt.sec",
            "class": "File",
            "checksum": "sha1$40f4ee1bcd1a9466fcd2e48cf7fc3798025d2f9a",
            "size": 59,
            "path": "/tmp/tmp2h368ljs/sfa-2.txt.sec"
        }
    ]
}</system-out>
		</testcase>
		<testcase name="Test that runtime.tmpdir is not runtime.outdir" time="1.803426" class="command_line_tool" file="tmpdir_is_not_outdir" url="cwltest:conformance_tests#241">
			<system-out>{
    "foo": {
        "class": "File",
        "basename": "foo",
        "location": "file:///tmp/tmpiywhy2d5/foo",
        "size": 4,
        "checksum": "sha1$fa98d6085770a79e44853d575cd3ab40c0f1f4de",
        "path": "/tmp/tmpiywhy2d5/foo"
    }
}</system-out>
		</testcase>
		<testcase name="Test that default behavior is 'no_listing' if not specified" time="5.465950" class="command_line_tool" file="listing_default_none" url="cwltest:conformance_tests#242">
			<system-out>{
    "out": true
}</system-out>
		</testcase>
		<testcase name="Test that 'listing' is not present when LoadListingRequirement is 'no_listing'" time="6.084960" class="command_line_tool" file="listing_requirement_none" url="cwltest:conformance_tests#243">
			<system-out>{
    "out": true
}</system-out>
		</testcase>
		<testcase name="Test that 'listing' is not present when loadListing on input parameter is 'no_listing'" time="5.712358" class="command_line_tool" file="listing_loadListing_none" url="cwltest:conformance_tests#244">
			<system-out>{
    "out": true
}</system-out>
		</testcase>
		<testcase name="Test that 'listing' is present in top directory object but not&#10;subdirectory object when LoadListingRequirement is&#10;'shallow_listing'" time="5.665929" class="command_line_tool" file="listing_requirement_shallow" url="cwltest:conformance_tests#245">
			<system-out>{
    "out": true
}</system-out>
		</testcase>
		<testcase name="Test that 'listing' is present in top directory object but not&#10;subdirectory object when loadListing on input parameter loadListing is&#10;'shallow_listing'" time="5.467475" class="command_line_tool" file="listing_loadListing_shallow" url="cwltest:conformance_tests#246">
			<system-out>{
    "out": true
}</system-out>
		</testcase>
		<testcase name="Test that 'listing' is present in top directory object and in&#10;subdirectory objects when LoadListingRequirement is&#10;'deep_listing'" time="5.603168" class="command_line_tool" file="listing_requirement_deep" url="cwltest:conformance_tests#247">
			<system-out>{
    "out": true
}</system-out>
		</testcase>
		<testcase name="Test that 'listing' is present in top directory object and in&#10;subdirectory objects when input parameter loadListing is&#10;'deep_listing'" time="5.917660" class="command_line_tool" file="listing_loadListing_deep" url="cwltest:conformance_tests#248">
			<system-out>{
    "out": true
}</system-out>
		</testcase>
		<testcase name="Test for expression in the InputBinding.position field; also test using emoji in CWL document and tool output" time="5.543141" class="command_line_tool, required" file="inputBinding_position_expr" url="cwltest:conformance_tests#249">
			<system-out>{
    "out": "🕺 1 singular sensation!\n"
}</system-out>
		</testcase>
		<testcase name="Can access exit code in outputEval" time="2.931261" class="command_line_tool, required" file="outputEval_exitCode" url="cwltest:conformance_tests#250">
			<system-out>{
    "code": 7
}</system-out>
		</testcase>
		<testcase name="Test use of $graph without specifying which process to run" time="3.636286" class="required, command_line_tool" file="any_input_param_graph_no_default" url="cwltest:conformance_tests#251">
			<system-out>{
    "out": "hello test env\n"
}</system-out>
		</testcase>
		<testcase name="Test use of $graph without specifying which process to run,&#10;hash-prefixed &quot;main&quot;" time="2.431270" class="required, command_line_tool" file="any_input_param_graph_no_default_hashmain" url="cwltest:conformance_tests#252">
			<system-out>{
    "out": "hello test env\n"
}</system-out>
		</testcase>
		<testcase name="Test that optional number output is returned as 0, not null" time="5.655976" class="required, inline_javascript, command_line_tool" file="optional_numerical_output_returns_0_not_null" url="cwltest:conformance_tests#253">
			<system-out>{
    "out": 0
}</system-out>
		</testcase>
	</testsuite>
</testsuites>
