<?xml version="1.0" ?>
<testsuites disabled="0" errors="0" failures="1" tests="253" time="2083.409069776535">
	<testsuite disabled="0" errors="0" failures="1" name="conformance_tests" skipped="2" tests="253" time="2083.409069776535">
		<testcase name="General test of command line generation" time="8.995639" class="required, command_line_tool" file="cl_basic_generation" url="cwltest:conformance_tests#1">
			<system-out>{
    "args": [
        "bwa",
        "mem",
        "-t",
        "2",
        "-I",
        "1,2,3,4",
        "-m",
        "3",
        "chr20.fa",
        "example_human_Illumina.pe_1.fastq",
        "example_human_Illumina.pe_2.fastq"
    ]
}
</system-out>
		</testcase>
		<testcase name="Test nested prefixes with arrays" time="39.011556" class="required, command_line_tool" file="nested_prefixes_arrays" url="cwltest:conformance_tests#2">
			<system-out>{
    "args": [
        "bwa",
        "mem",
        "chr20.fa",
        "-XXX",
        "-YYY",
        "example_human_Illumina.pe_1.fastq",
        "-YYY",
        "example_human_Illumina.pe_2.fastq"
    ]
}
</system-out>
		</testcase>
		<testcase name="Test nested command line bindings" time="7.469414" class="schema_def, command_line_tool" file="nested_cl_bindings" url="cwltest:conformance_tests#3">
			<system-out>{
    "args": [
        "tmap",
        "mapall",
        "stage1",
        "map1",
        "--min-seq-length",
        "20",
        "map2",
        "--min-seq-length",
        "20",
        "stage2",
        "map1",
        "--max-seq-length",
        "20",
        "--min-seq-length",
        "10",
        "--seed-length",
        "16",
        "map2",
        "--max-seed-hits",
        "-1",
        "--max-seq-length",
        "20",
        "--min-seq-length",
        "10"
    ]
}
</system-out>
		</testcase>
		<testcase name="Test command line with optional input (missing)" time="37.990351" class="required, command_line_tool" file="cl_optional_inputs_missing" url="cwltest:conformance_tests#4">
			<system-out>{
    "args": [
        "cat",
        "hello.txt"
    ]
}
</system-out>
		</testcase>
		<testcase name="Test command line with optional input (provided)" time="7.516880" class="required, command_line_tool" file="cl_optional_bindings_provided" url="cwltest:conformance_tests#5">
			<system-out>{
    "args": [
        "cat",
        "-n",
        "hello.txt"
    ]
}
</system-out>
		</testcase>
		<testcase name="Test InitialWorkDirRequirement ExpressionEngineRequirement.engineConfig feature" time="9.909735" class="initial_work_dir, inline_javascript, command_line_tool" file="initworkdir_expreng_requirements" url="cwltest:conformance_tests#6">
			<system-out>{
    "foo": {
        "location": "file:///scratch/tmp/tmp4clclujw/foo.txt",
        "basename": "foo.txt",
        "nameroot": "foo",
        "nameext": ".txt",
        "class": "File",
        "checksum": "sha1$63da67422622fbf9251a046d7a34b7ea0fd4fead",
        "size": 22,
        "path": "/scratch/tmp/tmp4clclujw/foo.txt"
    }
}
</system-out>
		</testcase>
		<testcase name="Test command execution in Docker with stdout redirection" time="37.006387" class="docker, command_line_tool" file="stdout_redirect_docker" url="cwltest:conformance_tests#7">
			<system-out>{
    "output_file": {
        "location": "file:///scratch/tmp/tmp1dnhapja/output.txt",
        "basename": "output.txt",
        "nameroot": "output",
        "nameext": ".txt",
        "class": "File",
        "checksum": "sha1$47a013e660d408619d894b20806b1d5086aab03b",
        "size": 13,
        "path": "/scratch/tmp/tmp1dnhapja/output.txt"
    }
}
</system-out>
		</testcase>
		<testcase name="Test command execution in Docker with shortcut stdout redirection" time="45.018885" class="docker, command_line_tool" file="stdout_redirect_shortcut_docker" url="cwltest:conformance_tests#8">
			<system-out>{
    "output_file": {
        "location": "file:///scratch/tmp/tmpfg51zdkk/f5733c2978b1f48887d70f657acc77f42d7756da",
        "basename": "f5733c2978b1f48887d70f657acc77f42d7756da",
        "nameroot": "f5733c2978b1f48887d70f657acc77f42d7756da",
        "nameext": "",
        "class": "File",
        "checksum": "sha1$47a013e660d408619d894b20806b1d5086aab03b",
        "size": 13,
        "path": "/scratch/tmp/tmpfg51zdkk/f5733c2978b1f48887d70f657acc77f42d7756da"
    }
}
</system-out>
		</testcase>
		<testcase name="Test command execution in Docker with mediumcut stdout redirection" time="7.477455" class="docker, command_line_tool" file="stdout_redirect_mediumcut_docker" url="cwltest:conformance_tests#9">
			<system-out>{
    "output_file": {
        "location": "file:///scratch/tmp/tmp698hzr_p/cat-out",
        "basename": "cat-out",
        "nameroot": "cat-out",
        "nameext": "",
        "class": "File",
        "checksum": "sha1$47a013e660d408619d894b20806b1d5086aab03b",
        "size": 13,
        "path": "/scratch/tmp/tmp698hzr_p/cat-out"
    }
}
</system-out>
		</testcase>
		<testcase name="Test command line with stderr redirection" time="40.053433" class="shell_command, command_line_tool" file="stderr_redirect" url="cwltest:conformance_tests#10">
			<system-out>{
    "output_file": {
        "location": "file:///scratch/tmp/tmp03z2ucxw/error.txt",
        "basename": "error.txt",
        "nameroot": "error",
        "nameext": ".txt",
        "class": "File",
        "checksum": "sha1$f1d2d2f924e986ac86fdf7b36c94bcdf32beec15",
        "size": 4,
        "path": "/scratch/tmp/tmp03z2ucxw/error.txt"
    }
}
</system-out>
		</testcase>
		<testcase name="Test command line with stderr redirection, brief syntax" time="11.986218" class="shell_command, command_line_tool" file="stderr_redirect_shortcut" url="cwltest:conformance_tests#11">
			<system-out>{
    "output_file": {
        "location": "file:///scratch/tmp/tmpi72oiej7/5ff93b5ddb0810909a2b9f92ee83446959f85130",
        "basename": "5ff93b5ddb0810909a2b9f92ee83446959f85130",
        "nameroot": "5ff93b5ddb0810909a2b9f92ee83446959f85130",
        "nameext": "",
        "class": "File",
        "checksum": "sha1$f1d2d2f924e986ac86fdf7b36c94bcdf32beec15",
        "size": 4,
        "path": "/scratch/tmp/tmpi72oiej7/5ff93b5ddb0810909a2b9f92ee83446959f85130"
    }
}
</system-out>
		</testcase>
		<testcase name="Test command line with stderr redirection, named brief syntax" time="19.990629" class="shell_command, command_line_tool" file="stderr_redirect_mediumcut" url="cwltest:conformance_tests#12">
			<system-out>{
    "output_file": {
        "location": "file:///scratch/tmp/tmpbc61obh_/std.err",
        "basename": "std.err",
        "nameroot": "std",
        "nameext": ".err",
        "class": "File",
        "checksum": "sha1$f1d2d2f924e986ac86fdf7b36c94bcdf32beec15",
        "size": 4,
        "path": "/scratch/tmp/tmpbc61obh_/std.err"
    }
}
</system-out>
		</testcase>
		<testcase name="Test command execution in Docker with stdin and stdout redirection" time="7.516599" class="required, command_line_tool" file="stdinout_redirect_docker" url="cwltest:conformance_tests#13">
			<system-out>{
    "output_txt": {
        "location": "file:///scratch/tmp/tmpq3y_to01/output.txt",
        "basename": "output.txt",
        "nameroot": "output",
        "nameext": ".txt",
        "class": "File",
        "checksum": "sha1$47a013e660d408619d894b20806b1d5086aab03b",
        "size": 13,
        "path": "/scratch/tmp/tmpq3y_to01/output.txt"
    }
}
</system-out>
		</testcase>
		<testcase name="Test default usage of Any in expressions." time="9.808734" class="inline_javascript, expression_tool" file="expression_any" url="cwltest:conformance_tests#14">
			<system-out>{
    "output": 1
}
</system-out>
		</testcase>
		<testcase name="Test explicitly passing null to Any type inputs with default values." time="8.765497" class="inline_javascript, expression_tool" file="expression_any_null" url="cwltest:conformance_tests#15">
			<system-out>{
    "output": 1
}
</system-out>
		</testcase>
		<testcase name="Testing the string 'null' does not trip up an Any with a default value." time="8.844343" class="inline_javascript, expression_tool" file="expression_any_string" url="cwltest:conformance_tests#16">
			<system-out>{
    "output": 2
}
</system-out>
		</testcase>
		<testcase name="Test Any without defaults cannot be unspecified." time="1.902417" class="inline_javascript, expression_tool" file="expression_any_nodefaultany" url="cwltest:conformance_tests#17"/>
		<testcase name="Test explicitly passing null to Any type without a default value." time="1.880253" class="inline_javascript, expression_tool" file="expression_any_null_nodefaultany" url="cwltest:conformance_tests#18"/>
		<testcase name="Testing the string 'null' does not trip up an Any without a default value." time="6.484050" class="inline_javascript, expression_tool" file="expression_any_nullstring_nodefaultany" url="cwltest:conformance_tests#19">
			<system-out>{
    "output": 2
}
</system-out>
		</testcase>
		<testcase name="Testing Any type compatibility in outputSource" time="4.647953" class="required, workflow" file="any_outputSource_compatibility" url="cwltest:conformance_tests#20">
			<system-out>{
    "output1": [
        "hello",
        "world"
    ],
    "output2": [
        "foo",
        "bar"
    ],
    "output3": "hello"
}
</system-out>
		</testcase>
		<testcase name="Test command execution in with stdin and stdout redirection" time="3.662049" class="required, command_line_tool" file="stdinout_redirect" url="cwltest:conformance_tests#21">
			<system-out>{
    "output": {
        "location": "file:///scratch/tmp/tmpfd85u8j7/output",
        "basename": "output",
        "nameroot": "output",
        "nameext": "",
        "class": "File",
        "checksum": "sha1$47a013e660d408619d894b20806b1d5086aab03b",
        "size": 13,
        "path": "/scratch/tmp/tmpfd85u8j7/output"
    }
}
</system-out>
		</testcase>
		<testcase name="Test ExpressionTool with Javascript engine" time="6.469550" class="inline_javascript, expression_tool" file="expression_parseint" url="cwltest:conformance_tests#22">
			<system-out>{
    "output": 42
}
</system-out>
		</testcase>
		<testcase name="Test outputEval to transform output" time="6.455666" class="inline_javascript, command_line_tool" file="expression_outputEval" url="cwltest:conformance_tests#23">
			<system-out>{
    "output": 16
}
</system-out>
		</testcase>
		<testcase name="Test two step workflow with imported tools" time="9.458299" class="inline_javascript, workflow" file="wf_wc_parseInt" url="cwltest:conformance_tests#24">
			<system-out>{
    "count_output": 16
}
</system-out>
		</testcase>
		<testcase name="Test two step workflow with inline tools" time="8.667993" class="inline_javascript, workflow" file="wf_wc_expressiontool" url="cwltest:conformance_tests#25">
			<system-out>{
    "count_output": 16
}
</system-out>
		</testcase>
		<testcase name="Test single step workflow with Scatter step" time="12.502290" class="scatter, inline_javascript, workflow" file="wf_wc_scatter" url="cwltest:conformance_tests#26">
			<system-out>{
    "count_output": [
        16,
        1
    ]
}
</system-out>
		</testcase>
		<testcase name="Test single step workflow with Scatter step and two data links connected to same input, default merge behavior" time="12.512524" class="scatter, multiple_input, inline_javascript, workflow" file="wf_wc_scatter_multiple_merge" url="cwltest:conformance_tests#27">
			<system-out>{
    "count_output": [
        16,
        1
    ]
}
</system-out>
		</testcase>
		<testcase name="Test single step workflow with Scatter step and two data links connected to same input, nested merge behavior" time="12.531725" class="scatter, multiple_input, inline_javascript, workflow" file="wf_wc_scatter_multiple_nested" url="cwltest:conformance_tests#28">
			<system-out>{
    "count_output": [
        32,
        2
    ]
}
</system-out>
		</testcase>
		<testcase name="Test single step workflow with Scatter step and two data links connected to same input, flattened merge behavior" time="9.518473" class="multiple_input, inline_javascript, workflow" file="wf_wc_scatter_multiple_flattened" url="cwltest:conformance_tests#29">
			<system-out>{
    "count_output": 34
}
</system-out>
		</testcase>
		<testcase name="Test that no MultipleInputFeatureRequirement is necessary when workflow step source is a single-item list" time="9.532865" class="inline_javascript, workflow" file="wf_wc_nomultiple" url="cwltest:conformance_tests#30">
			<system-out>{
    "count_output": 32
}
</system-out>
		</testcase>
		<testcase name="Test workflow with default value for input parameter (missing)" time="9.456293" class="inline_javascript, workflow" file="wf_input_default_missing" url="cwltest:conformance_tests#31">
			<system-out>{
    "count_output": 1
}
</system-out>
		</testcase>
		<testcase name="Test workflow with default value for input parameter (provided)" time="9.513727" class="inline_javascript, workflow" file="wf_input_default_provided" url="cwltest:conformance_tests#32">
			<system-out>{
    "count_output": 16
}
</system-out>
		</testcase>
		<testcase name="Test that workflow defaults override tool defaults" time="6.662419" class="required, workflow" file="wf_default_tool_default" url="cwltest:conformance_tests#33">
			<system-out>{
    "default_output": "workflow_default"
}
</system-out>
		</testcase>
		<testcase name="Test EnvVarRequirement" time="3.654541" class="env_var, command_line_tool" file="envvar_req" url="cwltest:conformance_tests#34">
			<system-out>{
    "out": {
        "location": "file:///scratch/tmp/tmpr1gbgmd2/out",
        "basename": "out",
        "nameroot": "out",
        "nameext": "",
        "class": "File",
        "checksum": "sha1$b3ec4ed1749c207e52b3a6d08c59f31d83bff519",
        "size": 15,
        "path": "/scratch/tmp/tmpr1gbgmd2/out"
    }
}
</system-out>
		</testcase>
		<testcase name="Test workflow scatter with single scatter parameter" time="8.652721" class="scatter, workflow" file="wf_scatter_single_param" url="cwltest:conformance_tests#35">
			<system-out>{
    "out": [
        "foo one",
        "foo two",
        "foo three",
        "foo four"
    ]
}
</system-out>
		</testcase>
		<testcase name="Test workflow scatter with two scatter parameters and nested_crossproduct join method" time="8.703044" class="scatter, workflow" file="wf_scatter_two_nested_crossproduct" url="cwltest:conformance_tests#36">
			<system-out>{
    "out": [
        [
            "foo one three",
            "foo one four"
        ],
        [
            "foo two three",
            "foo two four"
        ]
    ]
}
</system-out>
		</testcase>
		<testcase name="Test workflow scatter with two scatter parameters and flat_crossproduct join method" time="8.660077" class="scatter, workflow" file="wf_scatter_two_flat_crossproduct" url="cwltest:conformance_tests#37">
			<system-out>{
    "out": [
        "foo one three",
        "foo one four",
        "foo two three",
        "foo two four"
    ]
}
</system-out>
		</testcase>
		<testcase name="Test workflow scatter with two scatter parameters and dotproduct join method" time="8.668070" class="scatter, workflow" file="wf_scatter_two_dotproduct" url="cwltest:conformance_tests#38">
			<system-out>{
    "out": [
        "foo one three",
        "foo two four"
    ]
}
</system-out>
		</testcase>
		<testcase name="Test workflow scatter with single empty list parameter" time="3.630795" class="scatter, workflow" file="wf_scatter_emptylist" url="cwltest:conformance_tests#39">
			<system-out>{
    "out": []
}
</system-out>
		</testcase>
		<testcase name="Test workflow scatter with two scatter parameters and nested_crossproduct join method with second list empty" time="3.666112" class="scatter, workflow" file="wf_scatter_nested_crossproduct_secondempty" url="cwltest:conformance_tests#40">
			<system-out>{
    "out": [
        [],
        []
    ]
}
</system-out>
		</testcase>
		<testcase name="Test workflow scatter with two scatter parameters and nested_crossproduct join method with first list empty" time="3.670574" class="scatter, workflow" file="wf_scatter_nested_crossproduct_firstempty" url="cwltest:conformance_tests#41">
			<system-out>{
    "out": []
}
</system-out>
		</testcase>
		<testcase name="Test workflow scatter with two scatter parameters, one of which is empty and flat_crossproduct join method" time="3.644741" class="scatter, workflow" file="wf_scatter_flat_crossproduct_oneempty" url="cwltest:conformance_tests#42">
			<system-out>{
    "out": []
}
</system-out>
		</testcase>
		<testcase name="Test workflow scatter with two empty scatter parameters and dotproduct join method" time="3.641485" class="scatter, workflow" file="wf_scatter_dotproduct_twoempty" url="cwltest:conformance_tests#43">
			<system-out>{
    "out": []
}
</system-out>
		</testcase>
		<testcase name="Test Any type input parameter" time="3.618999" class="required, command_line_tool" file="any_input_param" url="cwltest:conformance_tests#44">
			<system-out>{
    "out": "hello test env\n"
}
</system-out>
		</testcase>
		<testcase name="Test nested workflow" time="10.419027" class="subworkflow, workflow, inline_javascript" file="nested_workflow" url="cwltest:conformance_tests#45">
			<system-out>{
    "count_output": 16
}
</system-out>
		</testcase>
		<testcase name="Test requirement priority" time="7.686239" class="env_var, workflow" file="requirement_priority" url="cwltest:conformance_tests#46">
			<system-out>{
    "out": {
        "location": "file:///scratch/tmp/tmpx2xudyvc/out",
        "basename": "out",
        "nameroot": "out",
        "nameext": "",
        "class": "File",
        "checksum": "sha1$b3ec4ed1749c207e52b3a6d08c59f31d83bff519",
        "size": 15,
        "path": "/scratch/tmp/tmpx2xudyvc/out"
    }
}
</system-out>
		</testcase>
		<testcase name="Test requirements override hints" time="6.694802" class="env_var, workflow" file="requirement_override_hints" url="cwltest:conformance_tests#47">
			<system-out>{
    "out": {
        "location": "file:///scratch/tmp/tmp2p64br9h/out",
        "basename": "out",
        "nameroot": "out",
        "nameext": "",
        "class": "File",
        "checksum": "sha1$cdc1e84968261d6a7575b5305945471f8be199b6",
        "size": 9,
        "path": "/scratch/tmp/tmp2p64br9h/out"
    }
}
</system-out>
		</testcase>
		<testcase name="Test requirements on workflow steps" time="6.743164" class="env_var, workflow" file="requirement_workflow_steps" url="cwltest:conformance_tests#48">
			<system-out>{
    "out": {
        "location": "file:///scratch/tmp/tmplj5px4_o/out",
        "basename": "out",
        "nameroot": "out",
        "nameext": "",
        "class": "File",
        "checksum": "sha1$cdc1e84968261d6a7575b5305945471f8be199b6",
        "size": 9,
        "path": "/scratch/tmp/tmplj5px4_o/out"
    }
}
</system-out>
		</testcase>
		<testcase name="Test default value on step input parameter" time="9.452482" class="inline_javascript, workflow" file="step_input_default_value" url="cwltest:conformance_tests#49">
			<system-out>{
    "count_output": 16
}
</system-out>
		</testcase>
		<testcase name="Test use default value on step input parameter with empty source" time="9.510800" class="inline_javascript, workflow" file="step_input_default_value_nosource" url="cwltest:conformance_tests#50">
			<system-out>{
    "count_output": 16
}
</system-out>
		</testcase>
		<testcase name="Test use default value on step input parameter with null source" time="9.522471" class="inline_javascript, workflow" file="step_input_default_value_nullsource" url="cwltest:conformance_tests#51">
			<system-out>{
    "count_output": 16
}
</system-out>
		</testcase>
		<testcase name="Test default value on step input parameter overridden by provided source" time="9.513680" class="inline_javascript, workflow" file="step_input_default_value_overriden" url="cwltest:conformance_tests#52">
			<system-out>{
    "count_output": 1
}
</system-out>
		</testcase>
		<testcase name="Test simple workflow" time="11.717909" class="required, workflow" file="wf_simple" url="cwltest:conformance_tests#53">
			<system-out>{
    "output": {
        "location": "file:///scratch/tmp/tmp2zde8k77/output.txt",
        "basename": "output.txt",
        "nameroot": "output",
        "nameext": ".txt",
        "class": "File",
        "checksum": "sha1$b9214658cc453331b62c2282b772a5c063dbd284",
        "size": 1111,
        "path": "/scratch/tmp/tmp2zde8k77/output.txt"
    }
}
</system-out>
		</testcase>
		<testcase name="Test unknown hints are ignored." time="4.705622" class="required, command_line_tool" file="hints_unknown_ignored" url="cwltest:conformance_tests#54">
			<system-out>{
    "output_file": {
        "location": "file:///scratch/tmp/tmputleob4f/output.txt",
        "basename": "output.txt",
        "nameroot": "output",
        "nameext": ".txt",
        "class": "File",
        "checksum": "sha1$47a013e660d408619d894b20806b1d5086aab03b",
        "size": 13,
        "path": "/scratch/tmp/tmputleob4f/output.txt"
    }
}
</system-out>
		</testcase>
		<testcase name="Test InitialWorkDirRequirement linking input files and capturing secondaryFiles on input and output. Also tests the use of a variety of parameter references and expressions in the secondaryFiles field." time="14.590606" class="initial_work_dir, inline_javascript, command_line_tool" file="initial_workdir_secondary_files_expr" url="cwltest:conformance_tests#55">
			<system-out>{
    "indexedfile": {
        "location": "file:///scratch/tmp/tmppk9anny9/input.txt",
        "basename": "input.txt",
        "nameroot": "input",
        "nameext": ".txt",
        "class": "File",
        "checksum": "sha1$327fc7aedf4f6b69a42a7c8b808dc5a7aff61376",
        "size": 1111,
        "secondaryFiles": [
            {
                "basename": "input.txt.idx1",
                "location": "file:///scratch/tmp/tmppk9anny9/input.txt.idx1",
                "class": "File",
                "nameroot": "input.txt",
                "nameext": ".idx1",
                "size": 1500,
                "checksum": "sha1$1f6fe811644355974cdd06d9eb695d6e859f3b44",
                "path": "/scratch/tmp/tmppk9anny9/input.txt.idx1"
            },
            {
                "basename": "input.idx2",
                "location": "file:///scratch/tmp/tmppk9anny9/input.idx2",
                "class": "File",
                "nameroot": "input",
                "nameext": ".idx2",
                "size": 0,
                "checksum": "sha1$da39a3ee5e6b4b0d3255bfef95601890afd80709",
                "path": "/scratch/tmp/tmppk9anny9/input.idx2"
            },
            {
                "basename": "input.txt.idx3",
                "location": "file:///scratch/tmp/tmppk9anny9/input.txt.idx3",
                "class": "File",
                "nameroot": "input.txt",
                "nameext": ".idx3",
                "size": 0,
                "checksum": "sha1$da39a3ee5e6b4b0d3255bfef95601890afd80709",
                "path": "/scratch/tmp/tmppk9anny9/input.txt.idx3"
            },
            {
                "basename": "input.txt.idx4",
                "location": "file:///scratch/tmp/tmppk9anny9/input.txt.idx4",
                "class": "File",
                "nameroot": "input.txt",
                "nameext": ".idx4",
                "size": 0,
                "checksum": "sha1$da39a3ee5e6b4b0d3255bfef95601890afd80709",
                "path": "/scratch/tmp/tmppk9anny9/input.txt.idx4"
            },
            {
                "class": "File",
                "basename": "input.txt.idx5",
                "location": "file:///scratch/tmp/tmppk9anny9/input.txt.idx5",
                "nameroot": "input.txt",
                "nameext": ".idx5",
                "size": 0,
                "checksum": "sha1$da39a3ee5e6b4b0d3255bfef95601890afd80709",
                "path": "/scratch/tmp/tmppk9anny9/input.txt.idx5"
            },
            {
                "basename": "input.idx6.txt",
                "location": "file:///scratch/tmp/tmppk9anny9/input.idx6.txt",
                "class": "File",
                "nameroot": "input.idx6",
                "nameext": ".txt",
                "size": 0,
                "checksum": "sha1$da39a3ee5e6b4b0d3255bfef95601890afd80709",
                "path": "/scratch/tmp/tmppk9anny9/input.idx6.txt"
            },
            {
                "basename": "input.txt.idx7",
                "location": "file:///scratch/tmp/tmppk9anny9/input.txt.idx7",
                "class": "File",
                "nameroot": "input.txt",
                "nameext": ".idx7",
                "size": 0,
                "checksum": "sha1$da39a3ee5e6b4b0d3255bfef95601890afd80709",
                "path": "/scratch/tmp/tmppk9anny9/input.txt.idx7"
            },
            {
                "class": "File",
                "location": "file:///scratch/tmp/tmppk9anny9/hello.txt",
                "size": 13,
                "basename": "hello.txt",
                "nameroot": "hello",
                "nameext": ".txt",
                "streamable": false,
                "checksum": "sha1$47a013e660d408619d894b20806b1d5086aab03b",
                "path": "/scratch/tmp/tmppk9anny9/hello.txt"
            },
            {
                "basename": "input.txt_idx8",
                "location": "file:///scratch/tmp/tmppk9anny9/input.txt_idx8",
                "class": "Directory",
                "listing": [
                    {
                        "class": "File",
                        "location": "file:///scratch/tmp/tmppk9anny9/input.txt_idx8/index",
                        "basename": "index",
                        "size": 0,
                        "checksum": "sha1$da39a3ee5e6b4b0d3255bfef95601890afd80709",
                        "nameroot": "index",
                        "nameext": "",
                        "path": "/scratch/tmp/tmppk9anny9/input.txt_idx8/index"
                    }
                ],
                "path": "/scratch/tmp/tmppk9anny9/input.txt_idx8"
            }
        ],
        "path": "/scratch/tmp/tmppk9anny9/input.txt"
    },
    "outfile": {
        "location": "file:///scratch/tmp/tmppk9anny9/result.txt",
        "basename": "result.txt",
        "nameroot": "result",
        "nameext": ".txt",
        "class": "File",
        "checksum": "sha1$e2dc9daaef945ac15f01c238ed2f1660f60909a0",
        "size": 142,
        "path": "/scratch/tmp/tmppk9anny9/result.txt"
    }
}
</system-out>
		</testcase>
		<testcase name="Test InitialWorkDirRequirement with expression in filename." time="3.660403" class="initial_work_dir, command_line_tool" file="rename" url="cwltest:conformance_tests#56">
			<system-out>{
    "outfile": {
        "location": "file:///scratch/tmp/tmpdpg4nwnj/fish.txt",
        "basename": "fish.txt",
        "nameroot": "fish",
        "nameext": ".txt",
        "class": "File",
        "checksum": "sha1$327fc7aedf4f6b69a42a7c8b808dc5a7aff61376",
        "size": 1111,
        "path": "/scratch/tmp/tmpdpg4nwnj/fish.txt"
    }
}
</system-out>
		</testcase>
		<testcase name="Test if trailing newline is present in file entry in InitialWorkDir" time="3.675979" class="initial_work_dir, command_line_tool" file="initial_workdir_trailingnl" url="cwltest:conformance_tests#57">
			<system-out>{
    "out": {
        "location": "file:///scratch/tmp/tmphu_yeer1/example.conf",
        "basename": "example.conf",
        "nameroot": "example",
        "nameext": ".conf",
        "class": "File",
        "checksum": "sha1$6a47aa22b2a9d13a66a24b3ee5eaed95ce4753cf",
        "size": 16,
        "path": "/scratch/tmp/tmphu_yeer1/example.conf"
    }
}
</system-out>
		</testcase>
		<testcase name="Test inline expressions" time="6.539724" class="inline_javascript, command_line_tool" file="inline_expressions" url="cwltest:conformance_tests#58">
			<system-out>{
    "output": 16
}
</system-out>
		</testcase>
		<testcase name="Test SchemaDefRequirement definition used in tool parameter" time="3.629918" class="schema_def, command_line_tool" file="schemadef_req_tool_param" url="cwltest:conformance_tests#59">
			<system-out>{
    "output": {
        "location": "file:///scratch/tmp/tmppcy6xh8n/output.txt",
        "basename": "output.txt",
        "nameroot": "output",
        "nameext": ".txt",
        "class": "File",
        "checksum": "sha1$f12e6cfe70f3253f70b0dbde17c692e7fb0f1e5e",
        "size": 12,
        "path": "/scratch/tmp/tmppcy6xh8n/output.txt"
    }
}
</system-out>
		</testcase>
		<testcase name="Test SchemaDefRequirement definition used in workflow parameter" time="6.715045" class="schema_def, workflow" file="schemadef_req_wf_param" url="cwltest:conformance_tests#60">
			<system-out>{
    "output": {
        "location": "file:///scratch/tmp/tmp6repnowv/output.txt",
        "basename": "output.txt",
        "nameroot": "output",
        "nameext": ".txt",
        "class": "File",
        "checksum": "sha1$f12e6cfe70f3253f70b0dbde17c692e7fb0f1e5e",
        "size": 12,
        "path": "/scratch/tmp/tmp6repnowv/output.txt"
    }
}
</system-out>
		</testcase>
		<testcase name="Test parameter evaluation, no support for JS expressions" time="3.680537" class="required, command_line_tool" file="param_evaluation_noexpr" url="cwltest:conformance_tests#61">
			<system-out>{
    "t1": {
        "bar": {
            "baz": "zab1",
            "b az": 2,
            "b'az": true,
            "b\"az": null,
            "buz": [
                "a",
                "b",
                "c"
            ]
        }
    },
    "t2": {
        "baz": "zab1",
        "b az": 2,
        "b'az": true,
        "b\"az": null,
        "buz": [
            "a",
            "b",
            "c"
        ]
    },
    "t3": {
        "baz": "zab1",
        "b az": 2,
        "b'az": true,
        "b\"az": null,
        "buz": [
            "a",
            "b",
            "c"
        ]
    },
    "t4": {
        "baz": "zab1",
        "b az": 2,
        "b'az": true,
        "b\"az": null,
        "buz": [
            "a",
            "b",
            "c"
        ]
    },
    "t5": "zab1",
    "t6": "zab1",
    "t7": "zab1",
    "t8": "zab1",
    "t9": 2,
    "t10": true,
    "t11": true,
    "t12": null,
    "t13": "-zab1",
    "t14": "-zab1",
    "t15": "-zab1",
    "t16": "-zab1",
    "t17": "zab1 zab1",
    "t18": "zab1 zab1",
    "t19": "zab1 zab1",
    "t20": "zab1 zab1",
    "t21": "2 2",
    "t22": "true true",
    "t23": "true true",
    "t24": "null null",
    "t25": "b",
    "t26": "b b",
    "t27": null,
    "t28": 3
}
</system-out>
		</testcase>
		<testcase name="Test parameter evaluation, with support for JS expressions" time="5.087530" class="inline_javascript, command_line_tool" file="param_evaluation_expr" url="cwltest:conformance_tests#62">
			<system-out>{
    "t1": {
        "bar": {
            "baz": "zab1",
            "b az": 2,
            "b'az": true,
            "b\"az": null,
            "buz": [
                "a",
                "b",
                "c"
            ]
        }
    },
    "t2": {
        "baz": "zab1",
        "b az": 2,
        "b'az": true,
        "b\"az": null,
        "buz": [
            "a",
            "b",
            "c"
        ]
    },
    "t3": {
        "baz": "zab1",
        "b az": 2,
        "b'az": true,
        "b\"az": null,
        "buz": [
            "a",
            "b",
            "c"
        ]
    },
    "t4": {
        "baz": "zab1",
        "b az": 2,
        "b'az": true,
        "b\"az": null,
        "buz": [
            "a",
            "b",
            "c"
        ]
    },
    "t5": "zab1",
    "t6": "zab1",
    "t7": "zab1",
    "t8": "zab1",
    "t9": 2,
    "t10": true,
    "t11": true,
    "t12": null,
    "t13": "-zab1",
    "t14": "-zab1",
    "t15": "-zab1",
    "t16": "-zab1",
    "t17": "zab1 zab1",
    "t18": "zab1 zab1",
    "t19": "zab1 zab1",
    "t20": "zab1 zab1",
    "t21": "2 2",
    "t22": "true true",
    "t23": "true true",
    "t24": "null null",
    "t25": "b",
    "t26": "b b",
    "t27": null,
    "t28": 3
}
</system-out>
		</testcase>
		<testcase name="Test metadata" time="4.751793" class="required" file="metadata" url="cwltest:conformance_tests#63">
			<system-out>{}
</system-out>
		</testcase>
		<testcase name="Test simple format checking." time="3.710681" class="required, command_line_tool" file="format_checking" url="cwltest:conformance_tests#64">
			<system-out>{
    "output": {
        "location": "file:///scratch/tmp/tmphln8e0hq/output.txt",
        "basename": "output.txt",
        "nameroot": "output",
        "nameext": ".txt",
        "class": "File",
        "checksum": "sha1$97fe1b50b4582cebc7d853796ebd62e3e163aa3f",
        "size": 1111,
        "format": "http://edamontology.org/format_2330",
        "path": "/scratch/tmp/tmphln8e0hq/output.txt"
    }
}
</system-out>
		</testcase>
		<testcase name="Test format checking against ontology using subclassOf." time="7.261559" class="required, command_line_tool" file="format_checking_subclass" url="cwltest:conformance_tests#65">
			<system-out>{
    "output": {
        "location": "file:///scratch/tmp/tmpb56eside/output.txt",
        "basename": "output.txt",
        "nameroot": "output",
        "nameext": ".txt",
        "class": "File",
        "checksum": "sha1$971d88faeda85a796752ecf752b7e2e34f1337ce",
        "size": 12010,
        "format": "http://edamontology.org/format_1929",
        "path": "/scratch/tmp/tmpb56eside/output.txt"
    }
}
</system-out>
		</testcase>
		<testcase name="Test format checking against ontology using equivalentClass." time="8.309888" class="required, command_line_tool" file="format_checking_equivalentclass" url="cwltest:conformance_tests#66">
			<system-out>{
    "output": {
        "location": "file:///scratch/tmp/tmpe4wv_tx7/output.txt",
        "basename": "output.txt",
        "nameroot": "output",
        "nameext": ".txt",
        "class": "File",
        "checksum": "sha1$971d88faeda85a796752ecf752b7e2e34f1337ce",
        "size": 12010,
        "format": "http://edamontology.org/format_1929",
        "path": "/scratch/tmp/tmpe4wv_tx7/output.txt"
    }
}
</system-out>
		</testcase>
		<testcase name="Test optional output file and optional secondaryFile on output." time="5.723300" class="docker, command_line_tool" file="output_secondaryfile_optional" url="cwltest:conformance_tests#67">
			<system-out>{
    "optional_file": null,
    "output_file": {
        "location": "file:///scratch/tmp/tmp5kvd09od/output.txt",
        "basename": "output.txt",
        "nameroot": "output",
        "nameext": ".txt",
        "class": "File",
        "checksum": "sha1$47a013e660d408619d894b20806b1d5086aab03b",
        "size": 13,
        "secondaryFiles": [],
        "path": "/scratch/tmp/tmp5kvd09od/output.txt"
    }
}
</system-out>
		</testcase>
		<testcase name="Test that valueFrom is ignored when the parameter is null" time="4.489799" class="inline_javascript, command_line_tool" file="valuefrom_ignored_null" url="cwltest:conformance_tests#68">
			<system-out>{
    "out": "\n"
}
</system-out>
		</testcase>
		<testcase name="Test that second expression in concatenated valueFrom is not ignored" time="6.475318" class="inline_javascript, command_line_tool" file="valuefrom_secondexpr_ignored" url="cwltest:conformance_tests#69">
			<system-out>{
    "out": "a string\n"
}
</system-out>
		</testcase>
		<testcase name="Test valueFrom on workflow step." time="9.482967" class="step_input, inline_javascript, workflow" file="valuefrom_wf_step" url="cwltest:conformance_tests#70">
			<system-out>{
    "count_output": 16
}
</system-out>
		</testcase>
		<testcase name="Test valueFrom on workflow step with multiple sources" time="8.666680" class="step_input, inline_javascript, multiple_input, workflow" file="valuefrom_wf_step_multiple" url="cwltest:conformance_tests#71">
			<system-out>{
    "val": "3\n"
}
</system-out>
		</testcase>
		<testcase name="Test valueFrom on workflow step referencing other inputs" time="8.696456" class="step_input, inline_javascript, workflow" file="valuefrom_wf_step_other" url="cwltest:conformance_tests#72">
			<system-out>{
    "val": "3\n"
}
</system-out>
		</testcase>
		<testcase name="Test record type output binding." time="3.691892" class="shell_command, command_line_tool" file="record_output_binding" url="cwltest:conformance_tests#73">
			<system-out>{
    "orec": {
        "ofoo": {
            "location": "file:///scratch/tmp/tmp0mp475ke/foo",
            "basename": "foo",
            "nameroot": "foo",
            "nameext": "",
            "class": "File",
            "checksum": "sha1$327fc7aedf4f6b69a42a7c8b808dc5a7aff61376",
            "size": 1111,
            "path": "/scratch/tmp/tmp0mp475ke/foo"
        },
        "obar": {
            "location": "file:///scratch/tmp/tmp0mp475ke/bar",
            "basename": "bar",
            "nameroot": "bar",
            "nameext": "",
            "class": "File",
            "checksum": "sha1$aeb3d11bdf536511649129f4077d5cda6a324118",
            "size": 12010,
            "path": "/scratch/tmp/tmp0mp475ke/bar"
        }
    }
}
</system-out>
		</testcase>
		<testcase name="Test support for reading cwl.output.json when running in a Docker container and just 'path' is provided." time="5.681092" class="shell_command, command_line_tool" file="docker_json_output_path" url="cwltest:conformance_tests#74">
			<system-out>{
    "foo": {
        "class": "File",
        "basename": "foo",
        "location": "file:///scratch/tmp/tmptx40gyy5/foo",
        "nameroot": "foo",
        "nameext": "",
        "size": 4,
        "checksum": "sha1$f1d2d2f924e986ac86fdf7b36c94bcdf32beec15",
        "path": "/scratch/tmp/tmptx40gyy5/foo"
    }
}
</system-out>
		</testcase>
		<testcase name="Test support for reading cwl.output.json when running in a Docker container and just 'location' is provided." time="4.690688" class="shell_command, command_line_tool" file="docker_json_output_location" url="cwltest:conformance_tests#75">
			<system-out>{
    "foo": {
        "location": "file:///scratch/tmp/tmpslh1_cs0/foo",
        "class": "File",
        "basename": "foo",
        "nameroot": "foo",
        "nameext": "",
        "size": 4,
        "checksum": "sha1$f1d2d2f924e986ac86fdf7b36c94bcdf32beec15",
        "path": "/scratch/tmp/tmpslh1_cs0/foo"
    }
}
</system-out>
		</testcase>
		<testcase name="Test support for returning multiple glob patterns from expression" time="3.722517" class="required, command_line_tool" file="multiple_glob_expr_list" url="cwltest:conformance_tests#76">
			<system-out>{
    "files": [
        {
            "location": "file:///scratch/tmp/tmp0_k8sqx3/a",
            "basename": "a",
            "nameroot": "a",
            "nameext": "",
            "class": "File",
            "checksum": "sha1$da39a3ee5e6b4b0d3255bfef95601890afd80709",
            "size": 0,
            "path": "/scratch/tmp/tmp0_k8sqx3/a"
        },
        {
            "location": "file:///scratch/tmp/tmp0_k8sqx3/b",
            "basename": "b",
            "nameroot": "b",
            "nameext": "",
            "class": "File",
            "checksum": "sha1$da39a3ee5e6b4b0d3255bfef95601890afd80709",
            "size": 0,
            "path": "/scratch/tmp/tmp0_k8sqx3/b"
        },
        {
            "location": "file:///scratch/tmp/tmp0_k8sqx3/c",
            "basename": "c",
            "nameroot": "c",
            "nameext": "",
            "class": "File",
            "checksum": "sha1$da39a3ee5e6b4b0d3255bfef95601890afd80709",
            "size": 0,
            "path": "/scratch/tmp/tmp0_k8sqx3/c"
        }
    ]
}
</system-out>
		</testcase>
		<testcase name="Test workflow scatter with single scatter parameter and two valueFrom on step input (first and current el)" time="8.712280" class="scatter, step_input, workflow" file="wf_scatter_oneparam_valuefrom" url="cwltest:conformance_tests#77">
			<system-out>{
    "out": [
        "foo one one",
        "foo one two",
        "foo one three",
        "foo one four"
    ]
}
</system-out>
		</testcase>
		<testcase name="Test workflow scatter with two scatter parameters and nested_crossproduct join method and valueFrom on step input" time="9.709706" class="scatter, step_input, workflow" file="wf_scatter_twoparam_nested_crossproduct_valuefrom" url="cwltest:conformance_tests#78">
			<system-out>{
    "out": [
        [
            "foo one one three",
            "foo one one four"
        ],
        [
            "foo one two three",
            "foo one two four"
        ]
    ]
}
</system-out>
		</testcase>
		<testcase name="Test workflow scatter with two scatter parameters and flat_crossproduct join method and valueFrom on step input" time="8.702000" class="scatter, step_input, workflow" file="wf_scatter_twoparam_flat_crossproduct_valuefrom" url="cwltest:conformance_tests#79">
			<system-out>{
    "out": [
        "foo one one three",
        "foo one one four",
        "foo one two three",
        "foo one two four"
    ]
}
</system-out>
		</testcase>
		<testcase name="Test workflow scatter with two scatter parameters and dotproduct join method and valueFrom on step input" time="7.685186" class="scatter, step_input, workflow" file="wf_scatter_twoparam_dotproduct_valuefrom" url="cwltest:conformance_tests#80">
			<system-out>{
    "out": [
        "foo one one three",
        "foo one two four"
    ]
}
</system-out>
		</testcase>
		<testcase name="Test workflow scatter with single scatter parameter and two valueFrom on step input (current el twice)" time="8.673904" class="scatter, step_input, workflow" file="wf_scatter_oneparam_valuefrom_twice_current_el" url="cwltest:conformance_tests#81">
			<system-out>{
    "out": [
        "foo one one",
        "foo two two",
        "foo three three",
        "foo four four"
    ]
}
</system-out>
		</testcase>
		<testcase name="Test valueFrom eval on scattered input parameter" time="7.680053" class="scatter, step_input, workflow" file="wf_scatter_oneparam_valueFrom" url="cwltest:conformance_tests#82">
			<system-out>{
    "out_message": [
        {
            "location": "file:///scratch/tmp/tmpt1rw_zky/043028dabcf4540d38542b706b48020d766b9e05",
            "basename": "043028dabcf4540d38542b706b48020d766b9e05",
            "nameroot": "043028dabcf4540d38542b706b48020d766b9e05",
            "nameext": "",
            "class": "File",
            "checksum": "sha1$98030575f6fc40e5021be5a8803a6bef94aee11f",
            "size": 16,
            "path": "/scratch/tmp/tmpt1rw_zky/043028dabcf4540d38542b706b48020d766b9e05"
        },
        {
            "location": "file:///scratch/tmp/tmpt1rw_zky/043028dabcf4540d38542b706b48020d766b9e05_2",
            "basename": "043028dabcf4540d38542b706b48020d766b9e05",
            "nameroot": "043028dabcf4540d38542b706b48020d766b9e05",
            "nameext": "",
            "class": "File",
            "checksum": "sha1$edcacd50778d98ae113015406b3195c165059dd8",
            "size": 16,
            "path": "/scratch/tmp/tmpt1rw_zky/043028dabcf4540d38542b706b48020d766b9e05_2"
        }
    ]
}
</system-out>
		</testcase>
		<testcase name="Test workflow two input files with same name." time="9.738690" class="required, workflow" file="wf_two_inputfiles_namecollision" url="cwltest:conformance_tests#83">
			<system-out>{
    "fileout": {
        "location": "file:///scratch/tmp/tmps9lisfq_/out.txt",
        "basename": "out.txt",
        "nameroot": "out",
        "nameext": ".txt",
        "class": "File",
        "checksum": "sha1$a2d8d6e7b28295dc9977dc3bdb652ddd480995f0",
        "size": 25,
        "path": "/scratch/tmp/tmps9lisfq_/out.txt"
    }
}
</system-out>
		</testcase>
		<testcase name="Test directory input with parameter reference" time="3.671052" class="shell_command, command_line_tool" file="directory_input_param_ref" url="cwltest:conformance_tests#84">
			<system-out>{
    "outlist": {
        "location": "file:///scratch/tmp/tmpkxdk5jgz/output.txt",
        "basename": "output.txt",
        "nameroot": "output",
        "nameext": ".txt",
        "class": "File",
        "checksum": "sha1$13cda8661796ae241da3a18668fb552161a72592",
        "size": 20,
        "path": "/scratch/tmp/tmpkxdk5jgz/output.txt"
    }
}
</system-out>
		</testcase>
		<testcase name="Test directory input in Docker" time="4.669905" class="required, command_line_tool, shell_command" file="directory_input_docker" url="cwltest:conformance_tests#85">
			<system-out>{
    "outlist": {
        "location": "file:///scratch/tmp/tmpae4figzp/output.txt",
        "basename": "output.txt",
        "nameroot": "output",
        "nameext": ".txt",
        "class": "File",
        "checksum": "sha1$13cda8661796ae241da3a18668fb552161a72592",
        "size": 20,
        "path": "/scratch/tmp/tmpae4figzp/output.txt"
    }
}
</system-out>
		</testcase>
		<testcase name="Test directory output" time="3.652781" class="required, command_line_tool" file="directory_output" url="cwltest:conformance_tests#86">
			<system-out>{
    "outdir": {
        "location": "file:///scratch/tmp/tmp5m4nx8xw/tmp-out409fy_py",
        "basename": "tmp-out409fy_py",
        "nameroot": "tmp-out409fy_py",
        "nameext": "",
        "class": "Directory",
        "listing": [
            {
                "class": "File",
                "location": "file:///scratch/tmp/tmp5m4nx8xw/tmp-out409fy_py/goodbye.txt",
                "basename": "goodbye.txt",
                "size": 24,
                "checksum": "sha1$dd0a4c4c49ba43004d6611771972b6cf969c1c01",
                "nameroot": "goodbye",
                "nameext": ".txt",
                "path": "/scratch/tmp/tmp5m4nx8xw/tmp-out409fy_py/goodbye.txt"
            },
            {
                "class": "File",
                "location": "file:///scratch/tmp/tmp5m4nx8xw/tmp-out409fy_py/hello.txt",
                "basename": "hello.txt",
                "size": 13,
                "checksum": "sha1$47a013e660d408619d894b20806b1d5086aab03b",
                "nameroot": "hello",
                "nameext": ".txt",
                "path": "/scratch/tmp/tmp5m4nx8xw/tmp-out409fy_py/hello.txt"
            }
        ],
        "path": "/scratch/tmp/tmp5m4nx8xw/tmp-out409fy_py"
    }
}
</system-out>
		</testcase>
		<testcase name="Test directories in secondaryFiles" time="3.653273" class="shell_command, command_line_tool" file="directory_secondaryfiles" url="cwltest:conformance_tests#87">
			<system-out>{
    "outlist": {
        "location": "file:///scratch/tmp/tmp9zvekcan/output.txt",
        "basename": "output.txt",
        "nameroot": "output",
        "nameext": ".txt",
        "class": "File",
        "checksum": "sha1$13cda8661796ae241da3a18668fb552161a72592",
        "size": 20,
        "path": "/scratch/tmp/tmp9zvekcan/output.txt"
    }
}
</system-out>
		</testcase>
		<testcase name="Test dynamic initial work dir" time="4.141882" class="shell_command, initial_work_dir, command_line_tool" file="dynamic_initial_workdir" url="cwltest:conformance_tests#88">
			<system-out>{
    "outlist": {
        "location": "file:///scratch/tmp/tmp4w7b738u/output.txt",
        "basename": "output.txt",
        "nameroot": "output",
        "nameext": ".txt",
        "class": "File",
        "checksum": "sha1$13cda8661796ae241da3a18668fb552161a72592",
        "size": 20,
        "path": "/scratch/tmp/tmp4w7b738u/output.txt"
    }
}
</system-out>
		</testcase>
		<testcase name="Test writable staged files." time="4.642167" class="initial_work_dir, command_line_tool" file="writable_stagedfiles" url="cwltest:conformance_tests#89">
			<system-out>{
    "outfile": {
        "location": "file:///scratch/tmp/tmpwyiroo4p/bob.txt",
        "basename": "bob.txt",
        "nameroot": "bob",
        "nameext": ".txt",
        "class": "File",
        "checksum": "sha1$b769c7b2e316edd4b5eb2d24799b2c1f9d8c86e6",
        "size": 1111,
        "path": "/scratch/tmp/tmpwyiroo4p/bob.txt"
    }
}
</system-out>
		</testcase>
		<testcase name="Test file literal as input" time="5.153191" class="required, command_line_tool" file="input_file_literal" url="cwltest:conformance_tests#90">
			<system-out>{
    "output_file": {
        "location": "file:///scratch/tmp/tmpkjo13i1s/output.txt",
        "basename": "output.txt",
        "nameroot": "output",
        "nameext": ".txt",
        "class": "File",
        "checksum": "sha1$d0e04ff6c413c7d57f9a0ca0a33cd3ab52e2dd9c",
        "size": 18,
        "path": "/scratch/tmp/tmpkjo13i1s/output.txt"
    }
}
</system-out>
		</testcase>
		<testcase name="Test expression in InitialWorkDir listing" time="3.670973" class="initial_work_dir, command_line_tool" file="initial_workdir_expr" url="cwltest:conformance_tests#91">
			<system-out>{
    "classfile": {
        "location": "file:///scratch/tmp/tmpomxwusax/Hello.class",
        "basename": "Hello.class",
        "nameroot": "Hello",
        "nameext": ".class",
        "class": "File",
        "checksum": "sha1$da39a3ee5e6b4b0d3255bfef95601890afd80709",
        "size": 0,
        "path": "/scratch/tmp/tmpomxwusax/Hello.class"
    }
}
</system-out>
		</testcase>
		<testcase name="Test nameroot/nameext expression in arguments, stdout" time="3.672367" class="required, command_line_tool" file="nameroot_nameext_stdout_expr" url="cwltest:conformance_tests#92">
			<system-out>{
    "b": {
        "location": "file:///scratch/tmp/tmp45_a9u_b/whale.xtx",
        "basename": "whale.xtx",
        "nameroot": "whale",
        "nameext": ".xtx",
        "class": "File",
        "checksum": "sha1$c4cfd130e7578714e3eef91c1d6d90e0e0b9db3e",
        "size": 21,
        "path": "/scratch/tmp/tmp45_a9u_b/whale.xtx"
    }
}
</system-out>
		</testcase>
		<testcase name="Test directory input with inputBinding" time="3.624315" class="shell_command, command_line_tool" file="input_dir_inputbinding" url="cwltest:conformance_tests#93">
			<system-out>{
    "outlist": {
        "location": "file:///scratch/tmp/tmp9bei_d0r/output.txt",
        "basename": "output.txt",
        "nameroot": "output",
        "nameext": ".txt",
        "class": "File",
        "checksum": "sha1$13cda8661796ae241da3a18668fb552161a72592",
        "size": 20,
        "path": "/scratch/tmp/tmp9bei_d0r/output.txt"
    }
}
</system-out>
		</testcase>
		<testcase name="Test command line generation of array-of-arrays" time="3.674606" class="required, command_line_tool" file="cl_gen_arrayofarrays" url="cwltest:conformance_tests#94">
			<system-out>{
    "echo": {
        "location": "file:///scratch/tmp/tmp5mlsin8d/echo.txt",
        "basename": "echo.txt",
        "nameroot": "echo",
        "nameext": ".txt",
        "class": "File",
        "checksum": "sha1$3f786850e387550fdab836ed7e6dc881de23001b",
        "size": 2,
        "path": "/scratch/tmp/tmp5mlsin8d/echo.txt"
    }
}
</system-out>
		</testcase>
		<testcase name="Test $HOME and $TMPDIR are set correctly" time="4.131676" class="shell_command, command_line_tool" file="env_home_tmpdir" url="cwltest:conformance_tests#95">
			<system-out>{}
</system-out>
		</testcase>
		<testcase name="Test $HOME and $TMPDIR are set correctly in Docker" time="4.674002" class="shell_command, command_line_tool" file="env_home_tmpdir_docker" url="cwltest:conformance_tests#96">
			<system-out>{}
</system-out>
		</testcase>
		<testcase name="Test that expressionLib requirement of individual tool step overrides expressionLib of workflow." time="9.463458" class="inline_javascript, workflow" file="expressionlib_tool_wf_override" url="cwltest:conformance_tests#97">
			<system-out>{
    "out": {
        "location": "file:///scratch/tmp/tmp0hgogtz8/whatever.txt",
        "basename": "whatever.txt",
        "nameroot": "whatever",
        "nameext": ".txt",
        "class": "File",
        "checksum": "sha1$7448d8798a4380162d4b56f9b452e2f6f9e24e7a",
        "size": 2,
        "path": "/scratch/tmp/tmp0hgogtz8/whatever.txt"
    }
}
</system-out>
		</testcase>
		<testcase name="Test output of InitialWorkDir" time="4.696779" class="docker, initial_work_dir, command_line_tool" file="initial_workdir_output" url="cwltest:conformance_tests#98">
			<system-out>{
    "OUTPUT": {
        "location": "file:///scratch/tmp/tmp_7wp__4j/ref.fasta",
        "basename": "ref.fasta",
        "nameroot": "ref",
        "nameext": ".fasta",
        "class": "File",
        "checksum": "sha1$aeb3d11bdf536511649129f4077d5cda6a324118",
        "size": 12010,
        "secondaryFiles": [
            {
                "basename": "ref.fasta.fai",
                "location": "file:///scratch/tmp/tmp_7wp__4j/ref.fasta.fai",
                "class": "File",
                "nameroot": "ref.fasta",
                "nameext": ".fai",
                "size": 0,
                "checksum": "sha1$da39a3ee5e6b4b0d3255bfef95601890afd80709",
                "path": "/scratch/tmp/tmp_7wp__4j/ref.fasta.fai"
            }
        ],
        "path": "/scratch/tmp/tmp_7wp__4j/ref.fasta"
    }
}
</system-out>
		</testcase>
		<testcase name="Test embedded subworkflow" time="10.541937" class="subworkflow, workflow" file="embedded_subworkflow" url="cwltest:conformance_tests#99">
			<system-out>{
    "count_output": 16
}
</system-out>
		</testcase>
		<testcase name="Test required, optional and null secondaryFiles on array of files." time="8.701462" class="docker, inline_javascript, shell_command, command_line_tool" file="filesarray_secondaryfiles" url="cwltest:conformance_tests#100">
			<system-out>{
    "bai_list": {
        "location": "file:///scratch/tmp/tmpvx_r6ke4/fai.list",
        "basename": "fai.list",
        "nameroot": "fai",
        "nameext": ".list",
        "class": "File",
        "checksum": "sha1$081fc0e57d6efa5f75eeb237aab1d04031132be6",
        "size": 386,
        "secondaryFiles": [],
        "path": "/scratch/tmp/tmpvx_r6ke4/fai.list"
    }
}
</system-out>
		</testcase>
		<testcase name="Test required, optional and null secondaryFiles on array of files." time="3.068303" class="docker, inline_javascript, shell_command, command_line_tool" file="filesarray_secondaryfiles2" url="cwltest:conformance_tests#101"/>
		<testcase name="Test directory literal output created by ExpressionTool" time="6.473615" class="inline_javascript, expression_tool" file="exprtool_directory_literal" url="cwltest:conformance_tests#102">
			<system-out>{
    "dir": {
        "class": "Directory",
        "basename": "a_directory",
        "listing": [
            {
                "class": "File",
                "location": "file:///scratch/tmp/tmpb6fzbkkv/a_directory/hello.txt",
                "size": 13,
                "basename": "hello.txt",
                "nameroot": "hello",
                "nameext": ".txt",
                "checksum": "sha1$47a013e660d408619d894b20806b1d5086aab03b",
                "path": "/scratch/tmp/tmpb6fzbkkv/a_directory/hello.txt"
            },
            {
                "class": "File",
                "location": "file:///scratch/tmp/tmpb6fzbkkv/a_directory/whale.txt",
                "size": 1111,
                "basename": "whale.txt",
                "nameroot": "whale",
                "nameext": ".txt",
                "checksum": "sha1$327fc7aedf4f6b69a42a7c8b808dc5a7aff61376",
                "path": "/scratch/tmp/tmpb6fzbkkv/a_directory/whale.txt"
            }
        ],
        "location": "file:///scratch/tmp/tmpb6fzbkkv/a_directory",
        "path": "/scratch/tmp/tmpb6fzbkkv/a_directory"
    }
}
</system-out>
		</testcase>
		<testcase name="Test file literal output created by ExpressionTool" time="6.465523" class="inline_javascript, expression_tool" file="exprtool_file_literal" url="cwltest:conformance_tests#103">
			<system-out>{
    "lit": {
        "class": "File",
        "basename": "a_file",
        "location": "file:///scratch/tmp/tmpnrg0e63l/a_file",
        "nameroot": "a_file",
        "nameext": "",
        "size": 19,
        "checksum": "sha1$fea23663b9c8ed71968f86415b5ec091bb111448",
        "path": "/scratch/tmp/tmpnrg0e63l/a_file"
    }
}
</system-out>
		</testcase>
		<testcase name="Test dockerOutputDirectory" time="4.730082" class="docker, command_line_tool" file="dockeroutputdir" url="cwltest:conformance_tests#104">
			<system-out>{
    "thing": {
        "location": "file:///scratch/tmp/tmpmod54mzv/thing",
        "basename": "thing",
        "nameroot": "thing",
        "nameext": "",
        "class": "File",
        "checksum": "sha1$da39a3ee5e6b4b0d3255bfef95601890afd80709",
        "size": 0,
        "path": "/scratch/tmp/tmpmod54mzv/thing"
    }
}
</system-out>
		</testcase>
		<testcase name="Test hints with $import" time="3.715698" class="required, command_line_tool" file="hints_import" url="cwltest:conformance_tests#105">
			<system-out>{
    "out": {
        "location": "file:///scratch/tmp/tmpo0q94ly2/out",
        "basename": "out",
        "nameroot": "out",
        "nameext": "",
        "class": "File",
        "checksum": "sha1$b3ec4ed1749c207e52b3a6d08c59f31d83bff519",
        "size": 15,
        "path": "/scratch/tmp/tmpo0q94ly2/out"
    }
}
</system-out>
		</testcase>
		<testcase name="Test warning instead of error when default path is not found" time="3.709056" class="required, command_line_tool" file="default_path_notfound_warning" url="cwltest:conformance_tests#106">
			<system-out>{}
</system-out>
		</testcase>
		<testcase name="Test InlineJavascriptRequirement with multiple expressions in the same tool" time="7.618467" class="inline_javascript, command_line_tool" file="inlinejs_req_expressions" url="cwltest:conformance_tests#107">
			<system-out>{
    "args": [
        "-A",
        "2",
        "-B",
        "baz",
        "-C",
        "10",
        "9",
        "8",
        "7",
        "6",
        "5",
        "4",
        "3",
        "2",
        "1",
        "-D"
    ]
}
</system-out>
		</testcase>
		<testcase name="Test if a writable input directory is recursively copied and writable" time="3.695442" class="initial_work_dir, shell_command, command_line_tool" file="input_dir_recurs_copy_writable" url="cwltest:conformance_tests#108">
			<system-out>{
    "output_dir": {
        "location": "file:///scratch/tmp/tmp5j_ilms7/work_dir",
        "basename": "work_dir",
        "nameroot": "work_dir",
        "nameext": "",
        "class": "Directory",
        "listing": [
            {
                "class": "File",
                "location": "file:///scratch/tmp/tmp5j_ilms7/work_dir/e",
                "basename": "e",
                "size": 0,
                "checksum": "sha1$da39a3ee5e6b4b0d3255bfef95601890afd80709",
                "nameroot": "e",
                "nameext": "",
                "path": "/scratch/tmp/tmp5j_ilms7/work_dir/e"
            },
            {
                "class": "Directory",
                "location": "file:///scratch/tmp/tmp5j_ilms7/work_dir/c",
                "basename": "c",
                "listing": [
                    {
                        "class": "File",
                        "location": "file:///scratch/tmp/tmp5j_ilms7/work_dir/c/d",
                        "basename": "d",
                        "size": 0,
                        "checksum": "sha1$da39a3ee5e6b4b0d3255bfef95601890afd80709",
                        "nameroot": "d",
                        "nameext": "",
                        "path": "/scratch/tmp/tmp5j_ilms7/work_dir/c/d"
                    }
                ],
                "path": "/scratch/tmp/tmp5j_ilms7/work_dir/c"
            },
            {
                "class": "File",
                "location": "file:///scratch/tmp/tmp5j_ilms7/work_dir/b",
                "basename": "b",
                "size": 0,
                "checksum": "sha1$da39a3ee5e6b4b0d3255bfef95601890afd80709",
                "nameroot": "b",
                "nameext": "",
                "path": "/scratch/tmp/tmp5j_ilms7/work_dir/b"
            },
            {
                "class": "File",
                "location": "file:///scratch/tmp/tmp5j_ilms7/work_dir/a",
                "basename": "a",
                "size": 0,
                "checksum": "sha1$da39a3ee5e6b4b0d3255bfef95601890afd80709",
                "nameroot": "a",
                "nameext": "",
                "path": "/scratch/tmp/tmp5j_ilms7/work_dir/a"
            }
        ],
        "path": "/scratch/tmp/tmp5j_ilms7/work_dir"
    },
    "test_result": {
        "location": "file:///scratch/tmp/tmp5j_ilms7/output.txt",
        "basename": "output.txt",
        "nameroot": "output",
        "nameext": ".txt",
        "class": "File",
        "checksum": "sha1$da39a3ee5e6b4b0d3255bfef95601890afd80709",
        "size": 0,
        "path": "/scratch/tmp/tmp5j_ilms7/output.txt"
    }
}
</system-out>
		</testcase>
		<testcase name="Test that missing parameters are null (not undefined) in expression" time="6.466462" class="inline_javascript, command_line_tool" file="null_missing_params" url="cwltest:conformance_tests#109">
			<system-out>{
    "out": "t\n"
}
</system-out>
		</testcase>
		<testcase name="Test that provided parameter is not null in expression" time="6.570570" class="inline_javascript, command_line_tool" file="param_notnull_expr" url="cwltest:conformance_tests#110">
			<system-out>{
    "out": "f\n"
}
</system-out>
		</testcase>
		<testcase name="Test compound workflow document" time="11.778064" class="required, workflow" file="wf_compound_doc" url="cwltest:conformance_tests#111">
			<system-out>{
    "output": {
        "location": "file:///scratch/tmp/tmpxkqs5pqf/output.txt",
        "basename": "output.txt",
        "nameroot": "output",
        "nameext": ".txt",
        "class": "File",
        "checksum": "sha1$b9214658cc453331b62c2282b772a5c063dbd284",
        "size": 1111,
        "path": "/scratch/tmp/tmpxkqs5pqf/output.txt"
    }
}
</system-out>
		</testcase>
		<testcase name="Test that nameroot and nameext are generated from basename at execution time by the runner" time="8.104800" class="step_input_expression, workflow" file="nameroot_nameext_generated" url="cwltest:conformance_tests#112">
			<system-out>{
    "extFile": {
        "location": "file:///scratch/tmp/tmpvp6i56ky/out.txt",
        "basename": "out.txt",
        "nameroot": "out",
        "nameext": ".txt",
        "class": "File",
        "checksum": "sha1$301a72c82a835e1737caf30f94d0eec210c4d9f1",
        "size": 5,
        "path": "/scratch/tmp/tmpvp6i56ky/out.txt"
    },
    "rootFile": {
        "location": "file:///scratch/tmp/tmpvp6i56ky/out.txt_2",
        "basename": "out.txt",
        "nameroot": "out",
        "nameext": ".txt",
        "class": "File",
        "checksum": "sha1$b4a583c391e234cf210e1d576f68f674c8ad7ecd",
        "size": 10,
        "path": "/scratch/tmp/tmpvp6i56ky/out.txt_2"
    }
}
</system-out>
		</testcase>
		<testcase name="Test that file path in $(inputs) for initialworkdir is in $(outdir)." time="3.685836" class="initial_work_dir, command_line_tool" file="initialworkpath_output" url="cwltest:conformance_tests#113">
			<system-out>{}
</system-out>
		</testcase>
		<testcase name="Test single step workflow with Scatter step and two data links connected to same input, flattened merge behavior. Workflow inputs are set as list" time="9.595249" class="multiple_input, inline_javascript, workflow" file="wf_scatter_twopar_oneinput_flattenedmerge" url="cwltest:conformance_tests#114">
			<system-out>{
    "count_output": 34
}
</system-out>
		</testcase>
		<testcase name="Test step input with multiple sources with multiple types" time="8.693323" class="step_input, inline_javascript, multiple_input, workflow" file="wf_multiplesources_multipletypes" url="cwltest:conformance_tests#115">
			<system-out>{
    "result": 12
}
</system-out>
		</testcase>
		<testcase name="Test that shell directives are not interpreted." time="3.702258" class="required, command_line_tool" file="shelldir_notinterpreted" url="cwltest:conformance_tests#116">
			<system-out>{
    "stderr_file": {
        "location": "file:///scratch/tmp/tmp40anliq6/96307d2495c48a9c6e7f59b70d258f2c8522c151",
        "basename": "96307d2495c48a9c6e7f59b70d258f2c8522c151",
        "nameroot": "96307d2495c48a9c6e7f59b70d258f2c8522c151",
        "nameext": "",
        "class": "File",
        "checksum": "sha1$da39a3ee5e6b4b0d3255bfef95601890afd80709",
        "size": 0,
        "path": "/scratch/tmp/tmp40anliq6/96307d2495c48a9c6e7f59b70d258f2c8522c151"
    },
    "stdout_file": {
        "location": "file:///scratch/tmp/tmp40anliq6/d49f1a4b35f905c646f0cf4d4b66ccdc2140adac",
        "basename": "d49f1a4b35f905c646f0cf4d4b66ccdc2140adac",
        "nameroot": "d49f1a4b35f905c646f0cf4d4b66ccdc2140adac",
        "nameext": "",
        "class": "File",
        "checksum": "sha1$1555252d52d4ec3262538a4426a83a99cfff4402",
        "size": 9,
        "path": "/scratch/tmp/tmp40anliq6/d49f1a4b35f905c646f0cf4d4b66ccdc2140adac"
    }
}
</system-out>
		</testcase>
		<testcase name="Test that shell directives are quoted." time="3.686044" class="shell_command, command_line_tool" file="shelldir_quoted" url="cwltest:conformance_tests#117">
			<system-out>{
    "stderr_file": {
        "location": "file:///scratch/tmp/tmpww4vpraw/2f118e8c9dff831d2c0906eed59ecd23f87f1107",
        "basename": "2f118e8c9dff831d2c0906eed59ecd23f87f1107",
        "nameroot": "2f118e8c9dff831d2c0906eed59ecd23f87f1107",
        "nameext": "",
        "class": "File",
        "checksum": "sha1$da39a3ee5e6b4b0d3255bfef95601890afd80709",
        "size": 0,
        "path": "/scratch/tmp/tmpww4vpraw/2f118e8c9dff831d2c0906eed59ecd23f87f1107"
    },
    "stdout_file": {
        "location": "file:///scratch/tmp/tmpww4vpraw/b5f6a1c6e01b81a23e5204d8ef9ed5411e39c318",
        "basename": "b5f6a1c6e01b81a23e5204d8ef9ed5411e39c318",
        "nameroot": "b5f6a1c6e01b81a23e5204d8ef9ed5411e39c318",
        "nameext": "",
        "class": "File",
        "checksum": "sha1$1555252d52d4ec3262538a4426a83a99cfff4402",
        "size": 9,
        "path": "/scratch/tmp/tmpww4vpraw/b5f6a1c6e01b81a23e5204d8ef9ed5411e39c318"
    }
}
</system-out>
		</testcase>
		<testcase name="Test empty writable dir with InitialWorkDirRequirement" time="5.662009" class="inline_javascript, initial_work_dir, command_line_tool" file="initial_workdir_empty_writable" url="cwltest:conformance_tests#118">
			<system-out>{
    "out": {
        "location": "file:///scratch/tmp/tmpxd4n30p4/emptyWritableDir",
        "basename": "emptyWritableDir",
        "nameroot": "emptyWritableDir",
        "nameext": "",
        "class": "Directory",
        "listing": [
            {
                "class": "File",
                "location": "file:///scratch/tmp/tmpxd4n30p4/emptyWritableDir/blurg",
                "basename": "blurg",
                "size": 0,
                "checksum": "sha1$da39a3ee5e6b4b0d3255bfef95601890afd80709",
                "nameroot": "blurg",
                "nameext": "",
                "path": "/scratch/tmp/tmpxd4n30p4/emptyWritableDir/blurg"
            }
        ],
        "path": "/scratch/tmp/tmpxd4n30p4/emptyWritableDir"
    }
}
</system-out>
		</testcase>
		<testcase name="Test empty writable dir with InitialWorkDirRequirement inside Docker" time="6.675418" class="inline_javascript, initial_work_dir, command_line_tool" file="initial_workdir_empty_writable_docker" url="cwltest:conformance_tests#119">
			<system-out>{
    "out": {
        "location": "file:///scratch/tmp/tmp6f6qyhto/emptyWritableDir",
        "basename": "emptyWritableDir",
        "nameroot": "emptyWritableDir",
        "nameext": "",
        "class": "Directory",
        "listing": [
            {
                "class": "File",
                "location": "file:///scratch/tmp/tmp6f6qyhto/emptyWritableDir/blurg",
                "basename": "blurg",
                "size": 0,
                "checksum": "sha1$da39a3ee5e6b4b0d3255bfef95601890afd80709",
                "nameroot": "blurg",
                "nameext": "",
                "path": "/scratch/tmp/tmp6f6qyhto/emptyWritableDir/blurg"
            }
        ],
        "path": "/scratch/tmp/tmp6f6qyhto/emptyWritableDir"
    }
}
</system-out>
		</testcase>
		<testcase name="Test dynamic resource reqs referencing inputs" time="5.664204" class="resource, command_line_tool" file="dynamic_resreq_inputs" url="cwltest:conformance_tests#120">
			<system-out>{
    "output": {
        "location": "file:///scratch/tmp/tmp578o4jca/cores.txt",
        "basename": "cores.txt",
        "nameroot": "cores",
        "nameext": ".txt",
        "class": "File",
        "checksum": "sha1$7448d8798a4380162d4b56f9b452e2f6f9e24e7a",
        "size": 2,
        "path": "/scratch/tmp/tmp578o4jca/cores.txt"
    }
}
</system-out>
		</testcase>
		<testcase name="Test file literal as input without Docker" time="3.657673" class="required, command_line_tool" file="fileliteral_input_docker" url="cwltest:conformance_tests#121">
			<system-out>{
    "output_file": {
        "location": "file:///scratch/tmp/tmp__ge6fne/output.txt",
        "basename": "output.txt",
        "nameroot": "output",
        "nameext": ".txt",
        "class": "File",
        "checksum": "sha1$d0e04ff6c413c7d57f9a0ca0a33cd3ab52e2dd9c",
        "size": 18,
        "path": "/scratch/tmp/tmp__ge6fne/output.txt"
    }
}
</system-out>
		</testcase>
		<testcase name="Test that OutputBinding.glob is sorted as specified by POSIX" time="3.699182" class="required, command_line_tool" file="outputbinding_glob_sorted" url="cwltest:conformance_tests#122">
			<system-out>{
    "letters": [
        {
            "location": "file:///scratch/tmp/tmprprdny_s/a",
            "basename": "a",
            "nameroot": "a",
            "nameext": "",
            "class": "File",
            "checksum": "sha1$da39a3ee5e6b4b0d3255bfef95601890afd80709",
            "size": 0,
            "path": "/scratch/tmp/tmprprdny_s/a"
        },
        {
            "location": "file:///scratch/tmp/tmprprdny_s/b",
            "basename": "b",
            "nameroot": "b",
            "nameext": "",
            "class": "File",
            "checksum": "sha1$da39a3ee5e6b4b0d3255bfef95601890afd80709",
            "size": 0,
            "path": "/scratch/tmp/tmprprdny_s/b"
        },
        {
            "location": "file:///scratch/tmp/tmprprdny_s/c",
            "basename": "c",
            "nameroot": "c",
            "nameext": "",
            "class": "File",
            "checksum": "sha1$da39a3ee5e6b4b0d3255bfef95601890afd80709",
            "size": 0,
            "path": "/scratch/tmp/tmprprdny_s/c"
        },
        {
            "location": "file:///scratch/tmp/tmprprdny_s/w",
            "basename": "w",
            "nameroot": "w",
            "nameext": "",
            "class": "File",
            "checksum": "sha1$da39a3ee5e6b4b0d3255bfef95601890afd80709",
            "size": 0,
            "path": "/scratch/tmp/tmprprdny_s/w"
        },
        {
            "location": "file:///scratch/tmp/tmprprdny_s/x",
            "basename": "x",
            "nameroot": "x",
            "nameext": "",
            "class": "File",
            "checksum": "sha1$da39a3ee5e6b4b0d3255bfef95601890afd80709",
            "size": 0,
            "path": "/scratch/tmp/tmprprdny_s/x"
        },
        {
            "location": "file:///scratch/tmp/tmprprdny_s/y",
            "basename": "y",
            "nameroot": "y",
            "nameext": "",
            "class": "File",
            "checksum": "sha1$da39a3ee5e6b4b0d3255bfef95601890afd80709",
            "size": 0,
            "path": "/scratch/tmp/tmprprdny_s/y"
        },
        {
            "location": "file:///scratch/tmp/tmprprdny_s/z",
            "basename": "z",
            "nameroot": "z",
            "nameext": "",
            "class": "File",
            "checksum": "sha1$da39a3ee5e6b4b0d3255bfef95601890afd80709",
            "size": 0,
            "path": "/scratch/tmp/tmprprdny_s/z"
        }
    ]
}
</system-out>
		</testcase>
		<testcase name="Test InitialWorkDirRequirement with a nested directory structure from another step" time="6.711237" class="initial_work_dir, workflow" file="initialworkdir_nesteddir" url="cwltest:conformance_tests#123">
			<system-out>{
    "ya_empty": {
        "location": "file:///scratch/tmp/tmpnqeracgz/ya",
        "basename": "ya",
        "nameroot": "ya",
        "nameext": "",
        "class": "File",
        "checksum": "sha1$da39a3ee5e6b4b0d3255bfef95601890afd80709",
        "size": 0,
        "path": "/scratch/tmp/tmpnqeracgz/ya"
    }
}
</system-out>
		</testcase>
		<testcase name="Test that boolean flags do not appear on command line if inputBinding is empty and not null" time="4.675365" class="required, command_line_tool" file="booleanflags_cl_noinputbinding" url="cwltest:conformance_tests#124">
			<system-out>{
    "args": []
}
</system-out>
		</testcase>
		<testcase name="Test that expression engine does not fail to evaluate reference to self with unprovided input" time="4.687075" class="required, command_line_tool" file="expr_reference_self_noinput" url="cwltest:conformance_tests#125">
			<system-out>{
    "args": []
}
</system-out>
		</testcase>
		<testcase name="Test successCodes" time="3.674759" class="required, command_line_tool" file="success_codes" url="cwltest:conformance_tests#126">
			<system-out>{}
</system-out>
		</testcase>
		<testcase name="Test simple workflow with a dynamic resource requirement" time="7.712518" class="resource, workflow" file="dynamic_resreq_wf" url="cwltest:conformance_tests#127">
			<system-out>{
    "cores": {
        "location": "file:///scratch/tmp/tmpm9l_ulc5/output",
        "basename": "output",
        "nameroot": "output",
        "nameext": "",
        "class": "File",
        "checksum": "sha1$7448d8798a4380162d4b56f9b452e2f6f9e24e7a",
        "size": 2,
        "path": "/scratch/tmp/tmpm9l_ulc5/output"
    }
}
</system-out>
		</testcase>
		<testcase name="Test that empty array input does not add anything to command line" time="4.682611" class="required, command_line_tool" file="cl_empty_array_input" url="cwltest:conformance_tests#128">
			<system-out>{
    "args": []
}
</system-out>
		</testcase>
		<testcase name="Test that ResourceRequirement on a step level redefines requirement on the workflow level" time="6.719688" class="resource, workflow" file="resreq_step_overrides_wf" url="cwltest:conformance_tests#129">
			<system-out>{
    "out": {
        "location": "file:///scratch/tmp/tmpywae8jol/cores.txt",
        "basename": "cores.txt",
        "nameroot": "cores",
        "nameext": ".txt",
        "class": "File",
        "checksum": "sha1$e5fa44f2b31c1fb553b6021e7360d07d5d91ff5e",
        "size": 2,
        "path": "/scratch/tmp/tmpywae8jol/cores.txt"
    }
}
</system-out>
		</testcase>
		<testcase name="Test valueFrom with constant value overriding provided array inputs" time="4.680607" class="required, command_line_tool" file="valuefrom_constant_overrides_inputs" url="cwltest:conformance_tests#130">
			<system-out>{
    "args": [
        "replacementValue"
    ]
}
</system-out>
		</testcase>
		<testcase name="Test dynamic resource reqs referencing the size of Files inside a Directory" time="7.472284" class="resource, command_line_tool" file="dynamic_resreq_filesizes" url="cwltest:conformance_tests#131">
			<system-out>{
    "output": {
        "location": "file:///scratch/tmp/tmp8uhg8dx4/cores.txt",
        "basename": "cores.txt",
        "nameroot": "cores",
        "nameext": ".txt",
        "class": "File",
        "checksum": "sha1$7448d8798a4380162d4b56f9b452e2f6f9e24e7a",
        "size": 2,
        "path": "/scratch/tmp/tmp8uhg8dx4/cores.txt"
    }
}
</system-out>
		</testcase>
		<testcase name="Test that it is not an error to connect a parameter to a workflow step, even if the parameter doesn't appear in the `run` process inputs." time="6.647227" class="required, workflow" file="wf_step_connect_undeclared_param" url="cwltest:conformance_tests#132">
			<system-out>{
    "out": "hello inp1\n"
}
</system-out>
		</testcase>
		<testcase name="Test that parameters that don't appear in the `run` process inputs are not present in the input object used to run the tool." time="10.639407" class="required, workflow" file="wf_step_access_undeclared_param" url="cwltest:conformance_tests#133"/>
		<testcase name="Test $HOME and $TMPDIR are set correctly in Docker without using return code" time="5.138523" class="shell_command, command_line_tool" file="env_home_tmpdir_docker" url="cwltest:conformance_tests#134">
			<system-out>{
    "results": {
        "location": "file:///scratch/tmp/tmpcpwt99th/results",
        "basename": "results",
        "nameroot": "results",
        "nameext": "",
        "class": "File",
        "checksum": "sha1$7d5ca8c0c03e883c56c4eb1ef6f6bb9bccad4d86",
        "size": 8,
        "path": "/scratch/tmp/tmpcpwt99th/results"
    }
}
</system-out>
		</testcase>
		<testcase name="Test workflow scatter with single scatter parameter and two valueFrom using $inputs (first and current el)" time="8.669297" class="scatter, step_input, workflow" file="wf_scatter_oneparam_valuefrom_inputs" url="cwltest:conformance_tests#135">
			<system-out>{
    "out": [
        "foo one one",
        "foo one two",
        "foo one three",
        "foo one four"
    ]
}
</system-out>
		</testcase>
		<testcase name="SchemaDefRequirement with $import, and packed" time="8.102371" class="schema_def, workflow" file="packed_import_schema" url="cwltest:conformance_tests#136">
			<system-out>{
    "output_bam": {
        "location": "file:///scratch/tmp/tmp0b3pj0k4/a.bam",
        "basename": "a.bam",
        "nameroot": "a",
        "nameext": ".bam",
        "class": "File",
        "checksum": "sha1$da39a3ee5e6b4b0d3255bfef95601890afd80709",
        "size": 0,
        "path": "/scratch/tmp/tmp0b3pj0k4/a.bam"
    }
}
</system-out>
		</testcase>
		<testcase name="Test specifying secondaryFiles in subdirectories of the job input document." time="3.655340" class="shell_command, command_line_tool" file="job_input_secondary_subdirs" url="cwltest:conformance_tests#137">
			<system-out>{
    "outlist": {
        "location": "file:///scratch/tmp/tmpjyxobp0v/output.txt",
        "basename": "output.txt",
        "nameroot": "output",
        "nameext": ".txt",
        "class": "File",
        "checksum": "sha1$9d9bc8f5252d39274b5dfbac64216c6e888f5dfc",
        "size": 14,
        "path": "/scratch/tmp/tmpjyxobp0v/output.txt"
    }
}
</system-out>
		</testcase>
		<testcase name="Test specifying secondaryFiles in same subdirectory of the job input as the primary input file." time="3.655254" class="shell_command, command_line_tool" file="job_input_subdir_primary_and_secondary_subdirs" url="cwltest:conformance_tests#138">
			<system-out>{
    "outlist": {
        "location": "file:///scratch/tmp/tmpyazxbh04/output.txt",
        "basename": "output.txt",
        "nameroot": "output",
        "nameext": ".txt",
        "class": "File",
        "checksum": "sha1$9d9bc8f5252d39274b5dfbac64216c6e888f5dfc",
        "size": 14,
        "path": "/scratch/tmp/tmpyazxbh04/output.txt"
    }
}
</system-out>
		</testcase>
		<testcase name="Test simple scatter over an embedded subworkflow" time="16.548938" class="workflow, inline_javascript" file="scatter_embedded_subworkflow" url="cwltest:conformance_tests#139">
			<system-out>{
    "count_output": [
        16,
        1
    ]
}
</system-out>
		</testcase>
		<testcase name="Test simple multiple input scatter over an embedded subworkflow" time="16.562856" class="workflow, scatter, subworkflow, multiple_input, inline_javascript" file="scatter_multi_input_embedded_subworkflow" url="cwltest:conformance_tests#140">
			<system-out>{
    "count_output": [
        16,
        1
    ]
}
</system-out>
		</testcase>
[...]
			<system-out>{
    "my_int": 42
}
</system-out>
		</testcase>
		<testcase name="Test WorkflowStepInput.loadContents" time="9.495877" class="workflow, step_input, inline_javascript, expression_tool" file="workflow_step_in_loadContents" url="cwltest:conformance_tests#213">
			<system-out>{
    "my_int": 42
}
</system-out>
		</testcase>
		<testcase name="Test that job fails when exceeding time limit" time="13.659298" class="command_line_tool, timelimit" file="timelimit_basic" url="cwltest:conformance_tests#214"/>
		<testcase name="Test invalid time limit value" time="8.662508" class="command_line_tool, timelimit" file="timelimit_invalid" url="cwltest:conformance_tests#215"/>
		<testcase name="Test zero timelimit means no limit" time="18.675380" class="command_line_tool, timelimit" file="timelimit_zero_unlimited" url="cwltest:conformance_tests#216">
			<system-out>{}
</system-out>
		</testcase>
		<testcase name="Test expression in time limit" time="18.689515" class="command_line_tool, timelimit, inline_javascript" file="timelimit_from_expression" url="cwltest:conformance_tests#217"/>
		<testcase name="Test timelimit in expressiontool is ignored" time="8.466572" class="expression_tool, timelimit, inline_javascript" file="timelimit_expressiontool" url="cwltest:conformance_tests#218">
			<system-out>{
    "status": "Done"
}
</system-out>
		</testcase>
		<testcase name="Test that tool in workflow fails when exceeding time limit" time="0.796104" class="workflow, timelimit" file="timelimit_basic_wf" url="cwltest:conformance_tests#219"/>
		<testcase name="Test that workflow level time limit is not applied to workflow execution time" time="14.742772" class="workflow, timelimit, inline_javascript" file="timelimit_invalid_wf" url="cwltest:conformance_tests#220">
			<system-out>{
    "o": "time passed"
}
</system-out>
		</testcase>
		<testcase name="Test zero timelimit means no limit in workflow" time="18.666627" class="workflow, timelimit, inline_javascript" file="timelimit_zero_unlimited_wf" url="cwltest:conformance_tests#221">
			<system-out>{
    "o": "time passed"
}
</system-out>
		</testcase>
		<testcase name="Test expression in time limit in workflow" time="0.790498" class="workflow, timelimit, inline_javascript" file="timelimit_from_expression_wf" url="cwltest:conformance_tests#222"/>
		<testcase name="Test networkaccess enabled" time="87.204793" class="command_line_tool, networkaccess" file="networkaccess" url="cwltest:conformance_tests#223">
			<system-out>{}
</system-out>
		</testcase>
		<testcase name="Test networkaccess is disabled by default" time="84.230997" class="networkaccess" file="networkaccess_disabled" url="cwltest:conformance_tests#224"/>
		<testcase name="Test null and array input in InitialWorkDirRequirement" time="3.653961" class="resource, command_line_tool" url="cwltest:conformance_tests#225">
			<system-out>{
    "output": {
        "location": "file:///scratch/tmp/tmpcw5_nyez/lsout",
        "basename": "lsout",
        "nameroot": "lsout",
        "nameext": "",
        "class": "File",
        "checksum": "sha1$e453d26efd859a9abc80ae1a1d9d63db72376053",
        "size": 32,
        "path": "/scratch/tmp/tmpcw5_nyez/lsout"
    }
}
</system-out>
		</testcase>
		<testcase name="Test array of directories InitialWorkDirRequirement" time="3.700948" class="resource, command_line_tool" url="cwltest:conformance_tests#226">
			<system-out>{
    "output": [
        {
            "location": "file:///scratch/tmp/tmpyykmduly/a",
            "basename": "a",
            "nameroot": "a",
            "nameext": "",
            "class": "File",
            "checksum": "sha1$da39a3ee5e6b4b0d3255bfef95601890afd80709",
            "size": 0,
            "path": "/scratch/tmp/tmpyykmduly/a"
        },
        {
            "location": "file:///scratch/tmp/tmpyykmduly/B",
            "basename": "B",
            "nameroot": "B",
            "nameext": "",
            "class": "File",
            "checksum": "sha1$da39a3ee5e6b4b0d3255bfef95601890afd80709",
            "size": 0,
            "path": "/scratch/tmp/tmpyykmduly/B"
        }
    ]
}
</system-out>
		</testcase>
		<testcase name="Test requirements in input document via EnvVarRequirement" time="5.154963" class="command_line_tool, input_object_requirements" file="cwl_requirements_addition" url="cwltest:conformance_tests#227">
			<system-out>{
    "out": {
        "location": "file:///scratch/tmp/tmpi4fub3aw/out",
        "basename": "out",
        "nameroot": "out",
        "nameext": "",
        "class": "File",
        "checksum": "sha1$b3ec4ed1749c207e52b3a6d08c59f31d83bff519",
        "size": 15,
        "path": "/scratch/tmp/tmpi4fub3aw/out"
    }
}
</system-out>
		</testcase>
		<testcase name="Test conflicting requirements in input document via EnvVarRequirement and expression" time="3.663674" class="command_line_tool, input_object_requirements" file="cwl_requirements_override_expression" url="cwltest:conformance_tests#228">
			<system-out>{
    "out": {
        "location": "file:///scratch/tmp/tmpss8o3fay/out",
        "basename": "out",
        "nameroot": "out",
        "nameext": "",
        "class": "File",
        "checksum": "sha1$b3ec4ed1749c207e52b3a6d08c59f31d83bff519",
        "size": 15,
        "path": "/scratch/tmp/tmpss8o3fay/out"
    }
}
</system-out>
		</testcase>
		<testcase name="Test conflicting requirements in input document via EnvVarRequirement" time="3.702340" class="command_line_tool, input_object_requirements" file="cwl_requirements_override_static" url="cwltest:conformance_tests#229">
			<system-out>{
    "out": {
        "location": "file:///scratch/tmp/tmp9r1assao/out",
        "basename": "out",
        "nameroot": "out",
        "nameext": "",
        "class": "File",
        "checksum": "sha1$715e62184492851512a020c36ab7118eca114a59",
        "size": 23,
        "path": "/scratch/tmp/tmp9r1assao/out"
    }
}
</system-out>
		</testcase>
		<testcase name="Test output of InitialWorkDir" time="4.235626" class="initial_work_dir" url="cwltest:conformance_tests#230">
			<system-out>{
    "OUTPUT": {
        "location": "file:///scratch/tmp/tmp0cydodqr/ref.fasta",
        "basename": "ref.fasta",
        "nameroot": "ref",
        "nameext": ".fasta",
        "class": "File",
        "checksum": "sha1$aeb3d11bdf536511649129f4077d5cda6a324118",
        "size": 12010,
        "secondaryFiles": [
            {
                "basename": "ref.fasta.fai",
                "location": "file:///scratch/tmp/tmp0cydodqr/ref.fasta.fai",
                "class": "File",
                "nameroot": "ref.fasta",
                "nameext": ".fai",
                "size": 0,
                "checksum": "sha1$da39a3ee5e6b4b0d3255bfef95601890afd80709",
                "path": "/scratch/tmp/tmp0cydodqr/ref.fasta.fai"
            }
        ],
        "path": "/scratch/tmp/tmp0cydodqr/ref.fasta"
    }
}
</system-out>
		</testcase>
		<testcase name="Test if full paths are allowed in glob" time="3.700925" class="initial_work_dir" url="cwltest:conformance_tests#231">
			<system-out>{
    "OUTPUT": {
        "location": "file:///scratch/tmp/tmpbysmi37s/ref.fasta",
        "basename": "ref.fasta",
        "nameroot": "ref",
        "nameext": ".fasta",
        "class": "File",
        "checksum": "sha1$aeb3d11bdf536511649129f4077d5cda6a324118",
        "size": 12010,
        "secondaryFiles": [
            {
                "basename": "ref.fasta.fai",
                "location": "file:///scratch/tmp/tmpbysmi37s/ref.fasta.fai",
                "class": "File",
                "nameroot": "ref.fasta",
                "nameext": ".fai",
                "size": 0,
                "checksum": "sha1$da39a3ee5e6b4b0d3255bfef95601890afd80709",
                "path": "/scratch/tmp/tmpbysmi37s/ref.fasta.fai"
            }
        ],
        "path": "/scratch/tmp/tmpbysmi37s/ref.fasta"
    }
}
</system-out>
		</testcase>
		<testcase name="Test fail trying to glob outside output directory" time="11.229093" class="required" url="cwltest:conformance_tests#232"/>
		<testcase name="symlink to file outside of working directory should NOT be retrieved" time="10.701812" class="required" url="cwltest:conformance_tests#233"/>
		<testcase name="symlink to file inside of working directory should be retrieved" time="4.679139" class="required" url="cwltest:conformance_tests#234">
			<system-out>{
    "output_file": {
        "location": "file:///scratch/tmp/tmp8rii0mw2/symlink.txt",
        "basename": "symlink.txt",
        "nameroot": "symlink",
        "nameext": ".txt",
        "class": "File",
        "checksum": "sha1$cd28ec34f3f9425aca544b6332453708e8aaa82a",
        "size": 27,
        "path": "/scratch/tmp/tmp8rii0mw2/symlink.txt"
    }
}
</system-out>
		</testcase>
		<testcase name="inplace update has side effect on file content" time="10.413333" class="inplace_update" url="cwltest:conformance_tests#235">
			<skipped type="skipped" message="Unsupported"/>
		</testcase>
		<testcase name="inplace update has side effect on directory content" time="7.757047" class="inplace_update" url="cwltest:conformance_tests#236">
			<skipped type="skipped" message="Unsupported"/>
		</testcase>
		<testcase name="Test that OutputBinding.glob accepts Directories" time="3.668957" class="required, command_line_tool" file="outputbinding_glob_directory" url="cwltest:conformance_tests#237">
			<system-out>{
    "directories": [
        {
            "location": "file:///scratch/tmp/tmp9z5bgklp/a_dir",
            "basename": "a_dir",
            "nameroot": "a_dir",
            "nameext": "",
            "class": "Directory",
            "listing": [],
            "path": "/scratch/tmp/tmp9z5bgklp/a_dir"
        },
        {
            "location": "file:///scratch/tmp/tmp9z5bgklp/a_dir",
            "basename": "b_dir",
            "nameroot": "b_dir",
            "nameext": "",
            "class": "Directory",
            "listing": [],
            "path": "/scratch/tmp/tmp9z5bgklp/a_dir"
        },
        {
            "location": "file:///scratch/tmp/tmp9z5bgklp/a_dir",
            "basename": "c_dir",
            "nameroot": "c_dir",
            "nameext": "",
            "class": "Directory",
            "listing": [],
            "path": "/scratch/tmp/tmp9z5bgklp/a_dir"
        }
    ]
}
</system-out>
		</testcase>
		<testcase name="Test that array of input files can be staged to directory with entryname" time="5.659702" class="required, command_line_tool" file="stage_file_array" url="cwltest:conformance_tests#238">
			<system-out>{
    "output": [
        {
            "location": "file:///scratch/tmp/tmpzmh45u0a/sfa-1.txt",
            "basename": "sfa-1.txt",
            "nameroot": "sfa-1",
            "nameext": ".txt",
            "class": "File",
            "checksum": "sha1$4c1cd0638ab3580310823fd1556d27ecb4816df6",
            "size": 49,
            "path": "/scratch/tmp/tmpzmh45u0a/sfa-1.txt"
        },
        {
            "location": "file:///scratch/tmp/tmpzmh45u0a/sfa-1.txt.sec",
            "basename": "sfa-1.txt.sec",
            "nameroot": "sfa-1.txt",
            "nameext": ".sec",
            "class": "File",
            "checksum": "sha1$40f4ee1bcd1a9466fcd2e48cf7fc3798025d2f9a",
            "size": 59,
            "path": "/scratch/tmp/tmpzmh45u0a/sfa-1.txt.sec"
        },
        {
            "location": "file:///scratch/tmp/tmpzmh45u0a/sfa-2.txt",
            "basename": "sfa-2.txt",
            "nameroot": "sfa-2",
            "nameext": ".txt",
            "class": "File",
            "checksum": "sha1$4c1cd0638ab3580310823fd1556d27ecb4816df6",
            "size": 49,
            "path": "/scratch/tmp/tmpzmh45u0a/sfa-2.txt"
        },
        {
            "location": "file:///scratch/tmp/tmpzmh45u0a/sfa-2.txt.sec",
            "basename": "sfa-2.txt.sec",
            "nameroot": "sfa-2.txt",
            "nameext": ".sec",
            "class": "File",
            "checksum": "sha1$40f4ee1bcd1a9466fcd2e48cf7fc3798025d2f9a",
            "size": 59,
            "path": "/scratch/tmp/tmpzmh45u0a/sfa-2.txt.sec"
        }
    ]
}
</system-out>
		</testcase>
		<testcase name="Test that array of input files can be staged to directory with basename" time="5.738737" class="required, command_line_tool" file="stage_file_array" url="cwltest:conformance_tests#239">
			<system-out>{
    "output": [
        {
            "location": "file:///scratch/tmp/tmpdykneo3g/sfa-1.txt",
            "basename": "sfa-1.txt",
            "nameroot": "sfa-1",
            "nameext": ".txt",
            "class": "File",
            "checksum": "sha1$4c1cd0638ab3580310823fd1556d27ecb4816df6",
            "size": 49,
            "path": "/scratch/tmp/tmpdykneo3g/sfa-1.txt"
        },
        {
            "location": "file:///scratch/tmp/tmpdykneo3g/sfa-1.txt.sec",
            "basename": "sfa-1.txt.sec",
            "nameroot": "sfa-1.txt",
            "nameext": ".sec",
            "class": "File",
            "checksum": "sha1$40f4ee1bcd1a9466fcd2e48cf7fc3798025d2f9a",
            "size": 59,
            "path": "/scratch/tmp/tmpdykneo3g/sfa-1.txt.sec"
        },
        {
            "location": "file:///scratch/tmp/tmpdykneo3g/sfa-2.txt",
            "basename": "sfa-2.txt",
            "nameroot": "sfa-2",
            "nameext": ".txt",
            "class": "File",
            "checksum": "sha1$4c1cd0638ab3580310823fd1556d27ecb4816df6",
            "size": 49,
            "path": "/scratch/tmp/tmpdykneo3g/sfa-2.txt"
        },
        {
            "location": "file:///scratch/tmp/tmpdykneo3g/sfa-2.txt.sec",
            "basename": "sfa-2.txt.sec",
            "nameroot": "sfa-2.txt",
            "nameext": ".sec",
            "class": "File",
            "checksum": "sha1$40f4ee1bcd1a9466fcd2e48cf7fc3798025d2f9a",
            "size": 59,
            "path": "/scratch/tmp/tmpdykneo3g/sfa-2.txt.sec"
        }
    ]
}
</system-out>
		</testcase>
		<testcase name="Test that if array of input files are staged to directory with basename and entryname, entryname overrides" time="5.692469" class="required, command_line_tool" file="stage_file_array" url="cwltest:conformance_tests#240">
			<system-out>{
    "output": [
        {
            "location": "file:///scratch/tmp/tmpycpvje79/sfa-1.txt",
            "basename": "sfa-1.txt",
            "nameroot": "sfa-1",
            "nameext": ".txt",
            "class": "File",
            "checksum": "sha1$4c1cd0638ab3580310823fd1556d27ecb4816df6",
            "size": 49,
            "path": "/scratch/tmp/tmpycpvje79/sfa-1.txt"
        },
        {
            "location": "file:///scratch/tmp/tmpycpvje79/sfa-1.txt.sec",
            "basename": "sfa-1.txt.sec",
            "nameroot": "sfa-1.txt",
            "nameext": ".sec",
            "class": "File",
            "checksum": "sha1$40f4ee1bcd1a9466fcd2e48cf7fc3798025d2f9a",
            "size": 59,
            "path": "/scratch/tmp/tmpycpvje79/sfa-1.txt.sec"
        },
        {
            "location": "file:///scratch/tmp/tmpycpvje79/sfa-2.txt",
            "basename": "sfa-2.txt",
            "nameroot": "sfa-2",
            "nameext": ".txt",
            "class": "File",
            "checksum": "sha1$4c1cd0638ab3580310823fd1556d27ecb4816df6",
            "size": 49,
            "path": "/scratch/tmp/tmpycpvje79/sfa-2.txt"
        },
        {
            "location": "file:///scratch/tmp/tmpycpvje79/sfa-2.txt.sec",
            "basename": "sfa-2.txt.sec",
            "nameroot": "sfa-2.txt",
            "nameext": ".sec",
            "class": "File",
            "checksum": "sha1$40f4ee1bcd1a9466fcd2e48cf7fc3798025d2f9a",
            "size": 59,
            "path": "/scratch/tmp/tmpycpvje79/sfa-2.txt.sec"
        }
    ]
}
</system-out>
		</testcase>
		<testcase name="Test that runtime.tmpdir is not runtime.outdir" time="3.659496" class="command_line_tool" file="tmpdir_is_not_outdir" url="cwltest:conformance_tests#241">
			<system-out>{
    "foo": {
        "class": "File",
        "basename": "foo",
        "location": "file:///scratch/tmp/tmp72sx76cd/foo",
        "nameroot": "foo",
        "nameext": "",
        "size": 4,
        "checksum": "sha1$fa98d6085770a79e44853d575cd3ab40c0f1f4de",
        "path": "/scratch/tmp/tmp72sx76cd/foo"
    }
}
</system-out>
		</testcase>
		<testcase name="Test that default behavior is 'no_listing' if not specified" time="6.595204" class="command_line_tool" file="listing_default_none" url="cwltest:conformance_tests#242">
			<system-out>{
    "out": true
}
</system-out>
		</testcase>
		<testcase name="Test that 'listing' is not present when LoadListingRequirement is 'no_listing'" time="6.518081" class="command_line_tool" file="listing_requirement_none" url="cwltest:conformance_tests#243">
			<system-out>{
    "out": true
}
</system-out>
		</testcase>
		<testcase name="Test that 'listing' is not present when loadListing on input parameter is 'no_listing'" time="6.520520" class="command_line_tool" file="listing_loadListing_none" url="cwltest:conformance_tests#244">
			<system-out>{
    "out": true
}
</system-out>
		</testcase>
		<testcase name="Test that 'listing' is present in top directory object but not&#10;subdirectory object when LoadListingRequirement is&#10;'shallow_listing'" time="6.552605" class="command_line_tool" file="listing_requirement_shallow" url="cwltest:conformance_tests#245">
			<system-out>{
    "out": true
}
</system-out>
		</testcase>
		<testcase name="Test that 'listing' is present in top directory object but not&#10;subdirectory object when loadListing on input parameter loadListing is&#10;'shallow_listing'" time="6.515545" class="command_line_tool" file="listing_loadListing_shallow" url="cwltest:conformance_tests#246">
			<system-out>{
    "out": true
}
</system-out>
		</testcase>
		<testcase name="Test that 'listing' is present in top directory object and in&#10;subdirectory objects when LoadListingRequirement is&#10;'deep_listing'" time="6.582727" class="command_line_tool" file="listing_requirement_deep" url="cwltest:conformance_tests#247">
			<system-out>{
    "out": true
}
</system-out>
		</testcase>
		<testcase name="Test that 'listing' is present in top directory object and in&#10;subdirectory objects when input parameter loadListing is&#10;'deep_listing'" time="6.624439" class="command_line_tool" file="listing_loadListing_deep" url="cwltest:conformance_tests#248">
			<system-out>{
    "out": true
}
</system-out>
		</testcase>
		<testcase name="Test for expression in the InputBinding.position field; also test using emoji in CWL document and tool output" time="7.695882" class="command_line_tool, required" file="inputBinding_position_expr" url="cwltest:conformance_tests#249">
			<system-out>{
    "out": "\ud83d\udd7a 1 singular sensation!\n"
}
</system-out>
		</testcase>
		<testcase name="Can access exit code in outputEval" time="3.739743" class="command_line_tool, required" file="outputEval_exitCode" url="cwltest:conformance_tests#250">
			<system-out>{
    "code": 7
}
</system-out>
		</testcase>
		<testcase name="Test use of $graph without specifying which process to run" time="3.721950" class="required, command_line_tool" file="any_input_param_graph_no_default" url="cwltest:conformance_tests#251">
			<system-out>{
    "out": "hello test env\n"
}
</system-out>
		</testcase>
		<testcase name="Test use of $graph without specifying which process to run,&#10;hash-prefixed &quot;main&quot;" time="3.735818" class="required, command_line_tool" file="any_input_param_graph_no_default_hashmain" url="cwltest:conformance_tests#252">
			<system-out>{
    "out": "hello test env\n"
}
</system-out>
		</testcase>
		<testcase name="Test that optional number output is returned as 0, not null" time="6.508228" class="required, inline_javascript, command_line_tool" file="optional_numerical_output_returns_0_not_null" url="cwltest:conformance_tests#253">
			<system-out>{
    "out": 0
}
</system-out>
		</testcase>
	</testsuite>
</testsuites>
